SF:/Users/gb/.orch/worktrees/orch/gh-task-internal-57-fix-review-feedback-speed-up-ci-reduce-c/src/backends/github.rs
FN:232,_RNCNCNCNvXs_NtNtCsilF9K2nFQUh_4orch8backends6githubNtBa_13GitHubBackendNtBc_15ExternalBackend13list_routable0s_00Be_
FN:234,_RNCNCNCNvXs_NtNtCsilF9K2nFQUh_4orch8backends6githubNtBa_13GitHubBackendNtBc_15ExternalBackend13list_routable0s_0s_0Be_
FN:336,_RNCNCNvXs_NtNtCsilF9K2nFQUh_4orch8backends6githubNtB8_13GitHubBackendNtBa_15ExternalBackend12get_mentions00Bc_
FN:230,_RNCNCNvXs_NtNtCsilF9K2nFQUh_4orch8backends6githubNtB8_13GitHubBackendNtBa_15ExternalBackend13list_routable00Bc_
FN:238,_RNCNCNvXs_NtNtCsilF9K2nFQUh_4orch8backends6githubNtB8_13GitHubBackendNtBa_15ExternalBackend13list_routable0s0_0Bc_
FN:231,_RNCNCNvXs_NtNtCsilF9K2nFQUh_4orch8backends6githubNtB8_13GitHubBackendNtBa_15ExternalBackend13list_routable0s_0Bc_
FN:110,_RNCNCNvXs_NtNtCsilF9K2nFQUh_4orch8backends6githubNtB8_13GitHubBackendNtBa_15ExternalBackend13update_status00Bc_
FN:146,_RNCNCNvXs_NtNtCsilF9K2nFQUh_4orch8backends6githubNtB8_13GitHubBackendNtBa_15ExternalBackend13update_status0s0_0Bc_
FN:115,_RNCNCNvXs_NtNtCsilF9K2nFQUh_4orch8backends6githubNtB8_13GitHubBackendNtBa_15ExternalBackend13update_status0s_0Bc_
FN:268,_RNCNCNvXs_NtNtCsilF9K2nFQUh_4orch8backends6githubNtB8_13GitHubBackendNtBa_15ExternalBackend14get_sub_issues00Bc_
FN:210,_RNCNCNvXs_NtNtCsilF9K2nFQUh_4orch8backends6githubNtB8_13GitHubBackendNtBa_15ExternalBackend14list_all_tasks00Bc_
FN:212,_RNCNCNvXs_NtNtCsilF9K2nFQUh_4orch8backends6githubNtB8_13GitHubBackendNtBa_15ExternalBackend14list_all_tasks0s_0Bc_
FN:187,_RNCNCNvXs_NtNtCsilF9K2nFQUh_4orch8backends6githubNtB8_13GitHubBackendNtBa_15ExternalBackend14list_by_status00Bc_
FN:189,_RNCNCNvXs_NtNtCsilF9K2nFQUh_4orch8backends6githubNtB8_13GitHubBackendNtBa_15ExternalBackend14list_by_status0s_0Bc_
FN:315,_RNCNCNvXs_NtNtCsilF9K2nFQUh_4orch8backends6githubNtB8_13GitHubBackendNtBa_15ExternalBackend25has_open_issue_with_title00Bc_
FN:316,_RNCNCNvXs_NtNtCsilF9K2nFQUh_4orch8backends6githubNtB8_13GitHubBackendNtBa_15ExternalBackend25has_open_issue_with_title0s_0Bc_
FN:17,_RNvMNtNtCsilF9K2nFQUh_4orch8backends6githubNtB2_13GitHubBackend3new
FN:256,_RNvXs_NtNtCsilF9K2nFQUh_4orch8backends6githubNtB4_13GitHubBackendNtB6_15ExternalBackend10set_labels
FN:36,_RNvXs_NtNtCsilF9K2nFQUh_4orch8backends6githubNtB4_13GitHubBackendNtB6_15ExternalBackend11create_task
FN:331,_RNvXs_NtNtCsilF9K2nFQUh_4orch8backends6githubNtB4_13GitHubBackendNtB6_15ExternalBackend12get_mentions
FN:319,_RNvXs_NtNtCsilF9K2nFQUh_4orch8backends6githubNtB4_13GitHubBackendNtB6_15ExternalBackend12health_check
FN:323,_RNvXs_NtNtCsilF9K2nFQUh_4orch8backends6githubNtB4_13GitHubBackendNtB6_15ExternalBackend12is_pr_merged
FN:251,_RNvXs_NtNtCsilF9K2nFQUh_4orch8backends6githubNtB4_13GitHubBackendNtB6_15ExternalBackend12post_comment
FN:260,_RNvXs_NtNtCsilF9K2nFQUh_4orch8backends6githubNtB4_13GitHubBackendNtB6_15ExternalBackend12remove_label
FN:226,_RNvXs_NtNtCsilF9K2nFQUh_4orch8backends6githubNtB4_13GitHubBackendNtB6_15ExternalBackend13list_routable
FN:76,_RNvXs_NtNtCsilF9K2nFQUh_4orch8backends6githubNtB4_13GitHubBackendNtB6_15ExternalBackend13update_status
FN:264,_RNvXs_NtNtCsilF9K2nFQUh_4orch8backends6githubNtB4_13GitHubBackendNtB6_15ExternalBackend14get_sub_issues
FN:206,_RNvXs_NtNtCsilF9K2nFQUh_4orch8backends6githubNtB4_13GitHubBackendNtB6_15ExternalBackend14list_all_tasks
FN:173,_RNvXs_NtNtCsilF9K2nFQUh_4orch8backends6githubNtB4_13GitHubBackendNtB6_15ExternalBackend14list_by_status
FN:278,_RNvXs_NtNtCsilF9K2nFQUh_4orch8backends6githubNtB4_13GitHubBackendNtB6_15ExternalBackend15create_sub_task
FN:63,_RNvXs_NtNtCsilF9K2nFQUh_4orch8backends6githubNtB4_13GitHubBackendNtB6_15ExternalBackend19ensure_status_label
FN:327,_RNvXs_NtNtCsilF9K2nFQUh_4orch8backends6githubNtB4_13GitHubBackendNtB6_15ExternalBackend22get_authenticated_user
FN:311,_RNvXs_NtNtCsilF9K2nFQUh_4orch8backends6githubNtB4_13GitHubBackendNtB6_15ExternalBackend25has_open_issue_with_title
FN:27,_RNvXs_NtNtCsilF9K2nFQUh_4orch8backends6githubNtB4_13GitHubBackendNtB6_15ExternalBackend4name
FN:44,_RNvXs_NtNtCsilF9K2nFQUh_4orch8backends6githubNtB4_13GitHubBackendNtB6_15ExternalBackend8get_task
FN:232,_RNCNCNCNvXs_NtNtCskiUyayaxlzf_4orch8backends6githubNtBa_13GitHubBackendNtBc_15ExternalBackend13list_routable0s_00Be_
FN:234,_RNCNCNCNvXs_NtNtCskiUyayaxlzf_4orch8backends6githubNtBa_13GitHubBackendNtBc_15ExternalBackend13list_routable0s_0s_0Be_
FN:336,_RNCNCNvXs_NtNtCskiUyayaxlzf_4orch8backends6githubNtB8_13GitHubBackendNtBa_15ExternalBackend12get_mentions00Bc_
FN:230,_RNCNCNvXs_NtNtCskiUyayaxlzf_4orch8backends6githubNtB8_13GitHubBackendNtBa_15ExternalBackend13list_routable00Bc_
FN:238,_RNCNCNvXs_NtNtCskiUyayaxlzf_4orch8backends6githubNtB8_13GitHubBackendNtBa_15ExternalBackend13list_routable0s0_0Bc_
FN:231,_RNCNCNvXs_NtNtCskiUyayaxlzf_4orch8backends6githubNtB8_13GitHubBackendNtBa_15ExternalBackend13list_routable0s_0Bc_
FN:110,_RNCNCNvXs_NtNtCskiUyayaxlzf_4orch8backends6githubNtB8_13GitHubBackendNtBa_15ExternalBackend13update_status00Bc_
FN:146,_RNCNCNvXs_NtNtCskiUyayaxlzf_4orch8backends6githubNtB8_13GitHubBackendNtBa_15ExternalBackend13update_status0s0_0Bc_
FN:115,_RNCNCNvXs_NtNtCskiUyayaxlzf_4orch8backends6githubNtB8_13GitHubBackendNtBa_15ExternalBackend13update_status0s_0Bc_
FN:268,_RNCNCNvXs_NtNtCskiUyayaxlzf_4orch8backends6githubNtB8_13GitHubBackendNtBa_15ExternalBackend14get_sub_issues00Bc_
FN:210,_RNCNCNvXs_NtNtCskiUyayaxlzf_4orch8backends6githubNtB8_13GitHubBackendNtBa_15ExternalBackend14list_all_tasks00Bc_
FN:212,_RNCNCNvXs_NtNtCskiUyayaxlzf_4orch8backends6githubNtB8_13GitHubBackendNtBa_15ExternalBackend14list_all_tasks0s_0Bc_
FN:187,_RNCNCNvXs_NtNtCskiUyayaxlzf_4orch8backends6githubNtB8_13GitHubBackendNtBa_15ExternalBackend14list_by_status00Bc_
FN:189,_RNCNCNvXs_NtNtCskiUyayaxlzf_4orch8backends6githubNtB8_13GitHubBackendNtBa_15ExternalBackend14list_by_status0s_0Bc_
FN:315,_RNCNCNvXs_NtNtCskiUyayaxlzf_4orch8backends6githubNtB8_13GitHubBackendNtBa_15ExternalBackend25has_open_issue_with_title00Bc_
FN:316,_RNCNCNvXs_NtNtCskiUyayaxlzf_4orch8backends6githubNtB8_13GitHubBackendNtBa_15ExternalBackend25has_open_issue_with_title0s_0Bc_
FN:17,_RNvMNtNtCskiUyayaxlzf_4orch8backends6githubNtB2_13GitHubBackend3new
FN:256,_RNvXs_NtNtCskiUyayaxlzf_4orch8backends6githubNtB4_13GitHubBackendNtB6_15ExternalBackend10set_labels
FN:36,_RNvXs_NtNtCskiUyayaxlzf_4orch8backends6githubNtB4_13GitHubBackendNtB6_15ExternalBackend11create_task
FN:331,_RNvXs_NtNtCskiUyayaxlzf_4orch8backends6githubNtB4_13GitHubBackendNtB6_15ExternalBackend12get_mentions
FN:319,_RNvXs_NtNtCskiUyayaxlzf_4orch8backends6githubNtB4_13GitHubBackendNtB6_15ExternalBackend12health_check
FN:323,_RNvXs_NtNtCskiUyayaxlzf_4orch8backends6githubNtB4_13GitHubBackendNtB6_15ExternalBackend12is_pr_merged
FN:251,_RNvXs_NtNtCskiUyayaxlzf_4orch8backends6githubNtB4_13GitHubBackendNtB6_15ExternalBackend12post_comment
FN:260,_RNvXs_NtNtCskiUyayaxlzf_4orch8backends6githubNtB4_13GitHubBackendNtB6_15ExternalBackend12remove_label
FN:226,_RNvXs_NtNtCskiUyayaxlzf_4orch8backends6githubNtB4_13GitHubBackendNtB6_15ExternalBackend13list_routable
FN:76,_RNvXs_NtNtCskiUyayaxlzf_4orch8backends6githubNtB4_13GitHubBackendNtB6_15ExternalBackend13update_status
FN:264,_RNvXs_NtNtCskiUyayaxlzf_4orch8backends6githubNtB4_13GitHubBackendNtB6_15ExternalBackend14get_sub_issues
FN:206,_RNvXs_NtNtCskiUyayaxlzf_4orch8backends6githubNtB4_13GitHubBackendNtB6_15ExternalBackend14list_all_tasks
FN:173,_RNvXs_NtNtCskiUyayaxlzf_4orch8backends6githubNtB4_13GitHubBackendNtB6_15ExternalBackend14list_by_status
FN:278,_RNvXs_NtNtCskiUyayaxlzf_4orch8backends6githubNtB4_13GitHubBackendNtB6_15ExternalBackend15create_sub_task
FN:63,_RNvXs_NtNtCskiUyayaxlzf_4orch8backends6githubNtB4_13GitHubBackendNtB6_15ExternalBackend19ensure_status_label
FN:327,_RNvXs_NtNtCskiUyayaxlzf_4orch8backends6githubNtB4_13GitHubBackendNtB6_15ExternalBackend22get_authenticated_user
FN:311,_RNvXs_NtNtCskiUyayaxlzf_4orch8backends6githubNtB4_13GitHubBackendNtB6_15ExternalBackend25has_open_issue_with_title
FN:27,_RNvXs_NtNtCskiUyayaxlzf_4orch8backends6githubNtB4_13GitHubBackendNtB6_15ExternalBackend4name
FN:44,_RNvXs_NtNtCskiUyayaxlzf_4orch8backends6githubNtB4_13GitHubBackendNtB6_15ExternalBackend8get_task
FNDA:0,_RNCNCNCNvXs_NtNtCsilF9K2nFQUh_4orch8backends6githubNtBa_13GitHubBackendNtBc_15ExternalBackend13list_routable0s_00Be_
FNDA:0,_RNCNCNCNvXs_NtNtCsilF9K2nFQUh_4orch8backends6githubNtBa_13GitHubBackendNtBc_15ExternalBackend13list_routable0s_0s_0Be_
FNDA:0,_RNCNCNvXs_NtNtCsilF9K2nFQUh_4orch8backends6githubNtB8_13GitHubBackendNtBa_15ExternalBackend12get_mentions00Bc_
FNDA:0,_RNCNCNvXs_NtNtCsilF9K2nFQUh_4orch8backends6githubNtB8_13GitHubBackendNtBa_15ExternalBackend13list_routable00Bc_
FNDA:0,_RNCNCNvXs_NtNtCsilF9K2nFQUh_4orch8backends6githubNtB8_13GitHubBackendNtBa_15ExternalBackend13list_routable0s0_0Bc_
FNDA:0,_RNCNCNvXs_NtNtCsilF9K2nFQUh_4orch8backends6githubNtB8_13GitHubBackendNtBa_15ExternalBackend13list_routable0s_0Bc_
FNDA:0,_RNCNCNvXs_NtNtCsilF9K2nFQUh_4orch8backends6githubNtB8_13GitHubBackendNtBa_15ExternalBackend13update_status00Bc_
FNDA:0,_RNCNCNvXs_NtNtCsilF9K2nFQUh_4orch8backends6githubNtB8_13GitHubBackendNtBa_15ExternalBackend13update_status0s0_0Bc_
FNDA:0,_RNCNCNvXs_NtNtCsilF9K2nFQUh_4orch8backends6githubNtB8_13GitHubBackendNtBa_15ExternalBackend13update_status0s_0Bc_
FNDA:0,_RNCNCNvXs_NtNtCsilF9K2nFQUh_4orch8backends6githubNtB8_13GitHubBackendNtBa_15ExternalBackend14get_sub_issues00Bc_
FNDA:0,_RNCNCNvXs_NtNtCsilF9K2nFQUh_4orch8backends6githubNtB8_13GitHubBackendNtBa_15ExternalBackend14list_all_tasks00Bc_
FNDA:0,_RNCNCNvXs_NtNtCsilF9K2nFQUh_4orch8backends6githubNtB8_13GitHubBackendNtBa_15ExternalBackend14list_all_tasks0s_0Bc_
FNDA:0,_RNCNCNvXs_NtNtCsilF9K2nFQUh_4orch8backends6githubNtB8_13GitHubBackendNtBa_15ExternalBackend14list_by_status00Bc_
FNDA:0,_RNCNCNvXs_NtNtCsilF9K2nFQUh_4orch8backends6githubNtB8_13GitHubBackendNtBa_15ExternalBackend14list_by_status0s_0Bc_
FNDA:0,_RNCNCNvXs_NtNtCsilF9K2nFQUh_4orch8backends6githubNtB8_13GitHubBackendNtBa_15ExternalBackend25has_open_issue_with_title00Bc_
FNDA:0,_RNCNCNvXs_NtNtCsilF9K2nFQUh_4orch8backends6githubNtB8_13GitHubBackendNtBa_15ExternalBackend25has_open_issue_with_title0s_0Bc_
FNDA:0,_RNvMNtNtCsilF9K2nFQUh_4orch8backends6githubNtB2_13GitHubBackend3new
FNDA:0,_RNvXs_NtNtCsilF9K2nFQUh_4orch8backends6githubNtB4_13GitHubBackendNtB6_15ExternalBackend10set_labels
FNDA:0,_RNvXs_NtNtCsilF9K2nFQUh_4orch8backends6githubNtB4_13GitHubBackendNtB6_15ExternalBackend11create_task
FNDA:0,_RNvXs_NtNtCsilF9K2nFQUh_4orch8backends6githubNtB4_13GitHubBackendNtB6_15ExternalBackend12get_mentions
FNDA:0,_RNvXs_NtNtCsilF9K2nFQUh_4orch8backends6githubNtB4_13GitHubBackendNtB6_15ExternalBackend12health_check
FNDA:0,_RNvXs_NtNtCsilF9K2nFQUh_4orch8backends6githubNtB4_13GitHubBackendNtB6_15ExternalBackend12is_pr_merged
FNDA:0,_RNvXs_NtNtCsilF9K2nFQUh_4orch8backends6githubNtB4_13GitHubBackendNtB6_15ExternalBackend12post_comment
FNDA:0,_RNvXs_NtNtCsilF9K2nFQUh_4orch8backends6githubNtB4_13GitHubBackendNtB6_15ExternalBackend12remove_label
FNDA:0,_RNvXs_NtNtCsilF9K2nFQUh_4orch8backends6githubNtB4_13GitHubBackendNtB6_15ExternalBackend13list_routable
FNDA:0,_RNvXs_NtNtCsilF9K2nFQUh_4orch8backends6githubNtB4_13GitHubBackendNtB6_15ExternalBackend13update_status
FNDA:0,_RNvXs_NtNtCsilF9K2nFQUh_4orch8backends6githubNtB4_13GitHubBackendNtB6_15ExternalBackend14get_sub_issues
FNDA:0,_RNvXs_NtNtCsilF9K2nFQUh_4orch8backends6githubNtB4_13GitHubBackendNtB6_15ExternalBackend14list_all_tasks
FNDA:0,_RNvXs_NtNtCsilF9K2nFQUh_4orch8backends6githubNtB4_13GitHubBackendNtB6_15ExternalBackend14list_by_status
FNDA:0,_RNvXs_NtNtCsilF9K2nFQUh_4orch8backends6githubNtB4_13GitHubBackendNtB6_15ExternalBackend15create_sub_task
FNDA:0,_RNvXs_NtNtCsilF9K2nFQUh_4orch8backends6githubNtB4_13GitHubBackendNtB6_15ExternalBackend19ensure_status_label
FNDA:0,_RNvXs_NtNtCsilF9K2nFQUh_4orch8backends6githubNtB4_13GitHubBackendNtB6_15ExternalBackend22get_authenticated_user
FNDA:0,_RNvXs_NtNtCsilF9K2nFQUh_4orch8backends6githubNtB4_13GitHubBackendNtB6_15ExternalBackend25has_open_issue_with_title
FNDA:0,_RNvXs_NtNtCsilF9K2nFQUh_4orch8backends6githubNtB4_13GitHubBackendNtB6_15ExternalBackend4name
FNDA:0,_RNvXs_NtNtCsilF9K2nFQUh_4orch8backends6githubNtB4_13GitHubBackendNtB6_15ExternalBackend8get_task
FNDA:0,_RNCNCNCNvXs_NtNtCskiUyayaxlzf_4orch8backends6githubNtBa_13GitHubBackendNtBc_15ExternalBackend13list_routable0s_00Be_
FNDA:0,_RNCNCNCNvXs_NtNtCskiUyayaxlzf_4orch8backends6githubNtBa_13GitHubBackendNtBc_15ExternalBackend13list_routable0s_0s_0Be_
FNDA:0,_RNCNCNvXs_NtNtCskiUyayaxlzf_4orch8backends6githubNtB8_13GitHubBackendNtBa_15ExternalBackend12get_mentions00Bc_
FNDA:0,_RNCNCNvXs_NtNtCskiUyayaxlzf_4orch8backends6githubNtB8_13GitHubBackendNtBa_15ExternalBackend13list_routable00Bc_
FNDA:0,_RNCNCNvXs_NtNtCskiUyayaxlzf_4orch8backends6githubNtB8_13GitHubBackendNtBa_15ExternalBackend13list_routable0s0_0Bc_
FNDA:0,_RNCNCNvXs_NtNtCskiUyayaxlzf_4orch8backends6githubNtB8_13GitHubBackendNtBa_15ExternalBackend13list_routable0s_0Bc_
FNDA:0,_RNCNCNvXs_NtNtCskiUyayaxlzf_4orch8backends6githubNtB8_13GitHubBackendNtBa_15ExternalBackend13update_status00Bc_
FNDA:0,_RNCNCNvXs_NtNtCskiUyayaxlzf_4orch8backends6githubNtB8_13GitHubBackendNtBa_15ExternalBackend13update_status0s0_0Bc_
FNDA:0,_RNCNCNvXs_NtNtCskiUyayaxlzf_4orch8backends6githubNtB8_13GitHubBackendNtBa_15ExternalBackend13update_status0s_0Bc_
FNDA:0,_RNCNCNvXs_NtNtCskiUyayaxlzf_4orch8backends6githubNtB8_13GitHubBackendNtBa_15ExternalBackend14get_sub_issues00Bc_
FNDA:0,_RNCNCNvXs_NtNtCskiUyayaxlzf_4orch8backends6githubNtB8_13GitHubBackendNtBa_15ExternalBackend14list_all_tasks00Bc_
FNDA:0,_RNCNCNvXs_NtNtCskiUyayaxlzf_4orch8backends6githubNtB8_13GitHubBackendNtBa_15ExternalBackend14list_all_tasks0s_0Bc_
FNDA:0,_RNCNCNvXs_NtNtCskiUyayaxlzf_4orch8backends6githubNtB8_13GitHubBackendNtBa_15ExternalBackend14list_by_status00Bc_
FNDA:0,_RNCNCNvXs_NtNtCskiUyayaxlzf_4orch8backends6githubNtB8_13GitHubBackendNtBa_15ExternalBackend14list_by_status0s_0Bc_
FNDA:0,_RNCNCNvXs_NtNtCskiUyayaxlzf_4orch8backends6githubNtB8_13GitHubBackendNtBa_15ExternalBackend25has_open_issue_with_title00Bc_
FNDA:0,_RNCNCNvXs_NtNtCskiUyayaxlzf_4orch8backends6githubNtB8_13GitHubBackendNtBa_15ExternalBackend25has_open_issue_with_title0s_0Bc_
FNDA:0,_RNvMNtNtCskiUyayaxlzf_4orch8backends6githubNtB2_13GitHubBackend3new
FNDA:0,_RNvXs_NtNtCskiUyayaxlzf_4orch8backends6githubNtB4_13GitHubBackendNtB6_15ExternalBackend10set_labels
FNDA:0,_RNvXs_NtNtCskiUyayaxlzf_4orch8backends6githubNtB4_13GitHubBackendNtB6_15ExternalBackend11create_task
FNDA:0,_RNvXs_NtNtCskiUyayaxlzf_4orch8backends6githubNtB4_13GitHubBackendNtB6_15ExternalBackend12get_mentions
FNDA:0,_RNvXs_NtNtCskiUyayaxlzf_4orch8backends6githubNtB4_13GitHubBackendNtB6_15ExternalBackend12health_check
FNDA:0,_RNvXs_NtNtCskiUyayaxlzf_4orch8backends6githubNtB4_13GitHubBackendNtB6_15ExternalBackend12is_pr_merged
FNDA:0,_RNvXs_NtNtCskiUyayaxlzf_4orch8backends6githubNtB4_13GitHubBackendNtB6_15ExternalBackend12post_comment
FNDA:0,_RNvXs_NtNtCskiUyayaxlzf_4orch8backends6githubNtB4_13GitHubBackendNtB6_15ExternalBackend12remove_label
FNDA:0,_RNvXs_NtNtCskiUyayaxlzf_4orch8backends6githubNtB4_13GitHubBackendNtB6_15ExternalBackend13list_routable
FNDA:0,_RNvXs_NtNtCskiUyayaxlzf_4orch8backends6githubNtB4_13GitHubBackendNtB6_15ExternalBackend13update_status
FNDA:0,_RNvXs_NtNtCskiUyayaxlzf_4orch8backends6githubNtB4_13GitHubBackendNtB6_15ExternalBackend14get_sub_issues
FNDA:0,_RNvXs_NtNtCskiUyayaxlzf_4orch8backends6githubNtB4_13GitHubBackendNtB6_15ExternalBackend14list_all_tasks
FNDA:0,_RNvXs_NtNtCskiUyayaxlzf_4orch8backends6githubNtB4_13GitHubBackendNtB6_15ExternalBackend14list_by_status
FNDA:0,_RNvXs_NtNtCskiUyayaxlzf_4orch8backends6githubNtB4_13GitHubBackendNtB6_15ExternalBackend15create_sub_task
FNDA:0,_RNvXs_NtNtCskiUyayaxlzf_4orch8backends6githubNtB4_13GitHubBackendNtB6_15ExternalBackend19ensure_status_label
FNDA:0,_RNvXs_NtNtCskiUyayaxlzf_4orch8backends6githubNtB4_13GitHubBackendNtB6_15ExternalBackend22get_authenticated_user
FNDA:0,_RNvXs_NtNtCskiUyayaxlzf_4orch8backends6githubNtB4_13GitHubBackendNtB6_15ExternalBackend25has_open_issue_with_title
FNDA:0,_RNvXs_NtNtCskiUyayaxlzf_4orch8backends6githubNtB4_13GitHubBackendNtB6_15ExternalBackend4name
FNDA:0,_RNvXs_NtNtCskiUyayaxlzf_4orch8backends6githubNtB4_13GitHubBackendNtB6_15ExternalBackend8get_task
FNF:35
FNH:0
DA:17,0
DA:18,0
DA:19,0
DA:20,0
DA:21,0
DA:22,0
DA:27,0
DA:28,0
DA:29,0
DA:36,0
DA:42,0
DA:44,0
DA:57,0
DA:63,0
DA:73,0
DA:76,0
DA:110,0
DA:115,0
DA:146,0
DA:171,0
DA:173,0
DA:187,0
DA:189,0
DA:190,0
DA:191,0
DA:192,0
DA:193,0
DA:194,0
DA:195,0
DA:196,0
DA:197,0
DA:198,0
DA:200,0
DA:206,0
DA:210,0
DA:212,0
DA:213,0
DA:214,0
DA:215,0
DA:216,0
DA:217,0
DA:218,0
DA:219,0
DA:220,0
DA:221,0
DA:223,0
DA:226,0
DA:230,0
DA:231,0
DA:232,0
DA:234,0
DA:235,0
DA:236,0
DA:238,0
DA:239,0
DA:240,0
DA:241,0
DA:242,0
DA:243,0
DA:244,0
DA:245,0
DA:246,0
DA:247,0
DA:249,0
DA:251,0
DA:253,0
DA:256,0
DA:258,0
DA:260,0
DA:262,0
DA:264,0
DA:268,0
DA:270,0
DA:278,0
DA:309,0
DA:311,0
DA:315,0
DA:316,0
DA:317,0
DA:319,0
DA:321,0
DA:323,0
DA:325,0
DA:327,0
DA:329,0
DA:331,0
DA:336,0
DA:337,0
DA:338,0
DA:339,0
DA:340,0
DA:341,0
DA:343,0
BRF:0
BRH:0
LF:95
LH:0
end_of_record
SF:/Users/gb/.orch/worktrees/orch/gh-task-internal-57-fix-review-feedback-speed-up-ci-reduce-c/src/backends/mod.rs
FN:323,_RNvXs_NtNtCsilF9K2nFQUh_4orch8backends5testsNtB4_11MockBackendNtB6_15ExternalBackend11create_task
FN:382,_RNvXs_NtNtCsilF9K2nFQUh_4orch8backends5testsNtB4_11MockBackendNtB6_15ExternalBackend12health_check
FN:348,_RNvXs_NtNtCsilF9K2nFQUh_4orch8backends5testsNtB4_11MockBackendNtB6_15ExternalBackend12post_comment
FN:378,_RNvXs_NtNtCsilF9K2nFQUh_4orch8backends5testsNtB4_11MockBackendNtB6_15ExternalBackend14get_sub_issues
FN:344,_RNvXs_NtNtCsilF9K2nFQUh_4orch8backends5testsNtB4_11MockBackendNtB6_15ExternalBackend14list_by_status
FN:314,_RNvXs_NtNtCsilF9K2nFQUh_4orch8backends5testsNtB4_11MockBackendNtB6_15ExternalBackend4name
FN:173,_RNvYNtNtNtNtCsilF9K2nFQUh_4orch6engine6runner5tests15TrackingBackendNtNtBa_8backends15ExternalBackend14list_all_tasksBa_
FN:138,_RNCNCNvYNtNtNtCsilF9K2nFQUh_4orch8backends5tests11MockBackendNtBa_15ExternalBackend13update_status00Bc_
FN:138,_RNCNCNvYNtNtNtNtCsilF9K2nFQUh_4orch6engine4jobs5tests12ErrorBackendNtNtBe_8backends15ExternalBackend13update_status00Be_
FN:433,_RNCNCNvNtNtCsilF9K2nFQUh_4orch8backends5testss_27update_status_is_idempotent00B9_
FN:419,_RNCNCNvNtNtCsilF9K2nFQUh_4orch8backends5testss_48update_status_removes_multiple_old_status_labels00B9_
FN:374,_RNCNCNvXs_NtNtCsilF9K2nFQUh_4orch8backends5testsNtB8_11MockBackendNtBa_15ExternalBackend12remove_label00Bc_
FN:428,_RNCNvNtNtCsilF9K2nFQUh_4orch8backends5testss_27update_status_is_idempotent0B7_
FN:482,_RNCNvNtNtCsilF9K2nFQUh_4orch8backends5testss_37update_status_fails_after_max_retries0B7_
FN:390,_RNCNvNtNtCsilF9K2nFQUh_4orch8backends5testss_39update_status_replaces_single_old_label0B7_
FN:441,_RNCNvNtNtCsilF9K2nFQUh_4orch8backends5testss_45update_status_non_status_labels_are_preserved0B7_
FN:413,_RNCNvNtNtCsilF9K2nFQUh_4orch8backends5testss_48update_status_removes_multiple_old_status_labels0B7_
FN:461,_RNCNvNtNtCsilF9K2nFQUh_4orch8backends5testss_53update_status_retries_on_transient_set_labels_failure0B7_
FN:105,_RNvYNtNtNtCsilF9K2nFQUh_4orch8backends5tests11MockBackendNtB6_15ExternalBackend13update_statusB8_
FN:240,_RNvYNtNtNtCsilF9K2nFQUh_4orch8backends5tests11MockBackendNtB6_15ExternalBackend19ensure_status_labelB8_
FN:173,_RNvYNtNtNtNtCsilF9K2nFQUh_4orch6engine5tasks5tests11MockBackendNtNtBa_8backends15ExternalBackend14list_all_tasksBa_
FN:259,_RNvYNtNtNtNtCsilF9K2nFQUh_4orch6engine4sync5tests17IngestMockBackendNtNtBa_8backends15ExternalBackend12is_pr_mergedBa_
FN:173,_RNvYNtNtNtNtCsilF9K2nFQUh_4orch6engine4sync5tests17IngestMockBackendNtNtBa_8backends15ExternalBackend14list_all_tasksBa_
FN:228,_RNvYNtNtNtNtCsilF9K2nFQUh_4orch6engine4sync5tests17IngestMockBackendNtNtBa_8backends15ExternalBackend15create_sub_taskBa_
FN:240,_RNvYNtNtNtNtCsilF9K2nFQUh_4orch6engine4sync5tests17IngestMockBackendNtNtBa_8backends15ExternalBackend19ensure_status_labelBa_
FN:266,_RNvYNtNtNtNtCsilF9K2nFQUh_4orch6engine4sync5tests17IngestMockBackendNtNtBa_8backends15ExternalBackend22get_authenticated_userBa_
FN:249,_RNvYNtNtNtNtCsilF9K2nFQUh_4orch6engine4sync5tests17IngestMockBackendNtNtBa_8backends15ExternalBackend25has_open_issue_with_titleBa_
FN:273,_RNvYNtNtNtNtCsilF9K2nFQUh_4orch6engine4jobs5tests12ErrorBackendNtNtBa_8backends15ExternalBackend12get_mentionsBa_
FN:259,_RNvYNtNtNtNtCsilF9K2nFQUh_4orch6engine4jobs5tests12ErrorBackendNtNtBa_8backends15ExternalBackend12is_pr_mergedBa_
FN:196,_RNvYNtNtNtNtCsilF9K2nFQUh_4orch6engine4jobs5tests12ErrorBackendNtNtBa_8backends15ExternalBackend13list_routableBa_
FN:105,_RNvYNtNtNtNtCsilF9K2nFQUh_4orch6engine4jobs5tests12ErrorBackendNtNtBa_8backends15ExternalBackend13update_statusBa_
FN:173,_RNvYNtNtNtNtCsilF9K2nFQUh_4orch6engine4jobs5tests12ErrorBackendNtNtBa_8backends15ExternalBackend14list_all_tasksBa_
FN:228,_RNvYNtNtNtNtCsilF9K2nFQUh_4orch6engine4jobs5tests12ErrorBackendNtNtBa_8backends15ExternalBackend15create_sub_taskBa_
FN:240,_RNvYNtNtNtNtCsilF9K2nFQUh_4orch6engine4jobs5tests12ErrorBackendNtNtBa_8backends15ExternalBackend19ensure_status_labelBa_
FN:266,_RNvYNtNtNtNtCsilF9K2nFQUh_4orch6engine4jobs5tests12ErrorBackendNtNtBa_8backends15ExternalBackend22get_authenticated_userBa_
FN:249,_RNvYNtNtNtNtCsilF9K2nFQUh_4orch6engine4jobs5tests12ErrorBackendNtNtBa_8backends15ExternalBackend25has_open_issue_with_titleBa_
FN:173,_RNvYNtNtNtNtCsilF9K2nFQUh_4orch6engine4tick5tests11MockBackendNtNtBa_8backends15ExternalBackend14list_all_tasksBa_
FN:59,_RNvMNtCsilF9K2nFQUh_4orch8backendsNtB2_6Status8as_label
FN:299,_RNvMNtNtCsilF9K2nFQUh_4orch8backends5testsNtB2_11MockBackend11with_labels
FN:307,_RNvMNtNtCsilF9K2nFQUh_4orch8backends5testsNtB2_11MockBackend14current_labels
FN:499,_RNvNtNtCsilF9K2nFQUh_4orch8backends5testss_15status_as_label
FN:522,_RNvNtNtCsilF9K2nFQUh_4orch8backends5testss_17external_id_clone
FN:529,_RNvNtNtCsilF9K2nFQUh_4orch8backends5testss_24external_task_serializes
FN:428,_RNvNtNtCsilF9K2nFQUh_4orch8backends5testss_27update_status_is_idempotent
FN:510,_RNvNtNtCsilF9K2nFQUh_4orch8backends5testss_28status_serializes_snake_case
FN:516,_RNvNtNtCsilF9K2nFQUh_4orch8backends5testss_30status_deserializes_snake_case
FN:482,_RNvNtNtCsilF9K2nFQUh_4orch8backends5testss_37update_status_fails_after_max_retries
FN:390,_RNvNtNtCsilF9K2nFQUh_4orch8backends5testss_39update_status_replaces_single_old_label
FN:441,_RNvNtNtCsilF9K2nFQUh_4orch8backends5testss_45update_status_non_status_labels_are_preserved
FN:413,_RNvNtNtCsilF9K2nFQUh_4orch8backends5testss_48update_status_removes_multiple_old_status_labels
FN:461,_RNvNtNtCsilF9K2nFQUh_4orch8backends5testss_53update_status_retries_on_transient_set_labels_failure
FN:352,_RNvXs_NtNtCsilF9K2nFQUh_4orch8backends5testsNtB4_11MockBackendNtB6_15ExternalBackend10set_labels
FN:368,_RNvXs_NtNtCsilF9K2nFQUh_4orch8backends5testsNtB4_11MockBackendNtB6_15ExternalBackend12remove_label
FN:327,_RNvXs_NtNtCsilF9K2nFQUh_4orch8backends5testsNtB4_11MockBackendNtB6_15ExternalBackend8get_task
FN:138,_RNCNCNvYpNtNtCskiUyayaxlzf_4orch8backends15ExternalBackend13update_status00Bb_
FN:273,_RNvYpNtNtCskiUyayaxlzf_4orch8backends15ExternalBackend12get_mentionsB7_
FN:259,_RNvYpNtNtCskiUyayaxlzf_4orch8backends15ExternalBackend12is_pr_mergedB7_
FN:196,_RNvYpNtNtCskiUyayaxlzf_4orch8backends15ExternalBackend13list_routableB7_
FN:105,_RNvYpNtNtCskiUyayaxlzf_4orch8backends15ExternalBackend13update_statusB7_
FN:173,_RNvYpNtNtCskiUyayaxlzf_4orch8backends15ExternalBackend14list_all_tasksB7_
FN:228,_RNvYpNtNtCskiUyayaxlzf_4orch8backends15ExternalBackend15create_sub_taskB7_
FN:240,_RNvYpNtNtCskiUyayaxlzf_4orch8backends15ExternalBackend19ensure_status_labelB7_
FN:266,_RNvYpNtNtCskiUyayaxlzf_4orch8backends15ExternalBackend22get_authenticated_userB7_
FN:249,_RNvYpNtNtCskiUyayaxlzf_4orch8backends15ExternalBackend25has_open_issue_with_titleB7_
FN:59,_RNvMNtCskiUyayaxlzf_4orch8backendsNtB2_6Status8as_label
FNDA:0,_RNvXs_NtNtCsilF9K2nFQUh_4orch8backends5testsNtB4_11MockBackendNtB6_15ExternalBackend11create_task
FNDA:0,_RNvXs_NtNtCsilF9K2nFQUh_4orch8backends5testsNtB4_11MockBackendNtB6_15ExternalBackend12health_check
FNDA:0,_RNvXs_NtNtCsilF9K2nFQUh_4orch8backends5testsNtB4_11MockBackendNtB6_15ExternalBackend12post_comment
FNDA:0,_RNvXs_NtNtCsilF9K2nFQUh_4orch8backends5testsNtB4_11MockBackendNtB6_15ExternalBackend14get_sub_issues
FNDA:0,_RNvXs_NtNtCsilF9K2nFQUh_4orch8backends5testsNtB4_11MockBackendNtB6_15ExternalBackend14list_by_status
FNDA:0,_RNvXs_NtNtCsilF9K2nFQUh_4orch8backends5testsNtB4_11MockBackendNtB6_15ExternalBackend4name
FNDA:0,_RNvYNtNtNtNtCsilF9K2nFQUh_4orch6engine6runner5tests15TrackingBackendNtNtBa_8backends15ExternalBackend14list_all_tasksBa_
FNDA:11,_RNCNCNvYNtNtNtCsilF9K2nFQUh_4orch8backends5tests11MockBackendNtBa_15ExternalBackend13update_status00Bc_
FNDA:0,_RNCNCNvYNtNtNtNtCsilF9K2nFQUh_4orch6engine4jobs5tests12ErrorBackendNtNtBe_8backends15ExternalBackend13update_status00Be_
FNDA:1,_RNCNCNvNtNtCsilF9K2nFQUh_4orch8backends5testss_27update_status_is_idempotent00B9_
FNDA:2,_RNCNCNvNtNtCsilF9K2nFQUh_4orch8backends5testss_48update_status_removes_multiple_old_status_labels00B9_
FNDA:12,_RNCNCNvXs_NtNtCsilF9K2nFQUh_4orch8backends5testsNtB8_11MockBackendNtBa_15ExternalBackend12remove_label00Bc_
FNDA:1,_RNCNvNtNtCsilF9K2nFQUh_4orch8backends5testss_27update_status_is_idempotent0B7_
FNDA:1,_RNCNvNtNtCsilF9K2nFQUh_4orch8backends5testss_37update_status_fails_after_max_retries0B7_
FNDA:1,_RNCNvNtNtCsilF9K2nFQUh_4orch8backends5testss_39update_status_replaces_single_old_label0B7_
FNDA:1,_RNCNvNtNtCsilF9K2nFQUh_4orch8backends5testss_45update_status_non_status_labels_are_preserved0B7_
FNDA:1,_RNCNvNtNtCsilF9K2nFQUh_4orch8backends5testss_48update_status_removes_multiple_old_status_labels0B7_
FNDA:1,_RNCNvNtNtCsilF9K2nFQUh_4orch8backends5testss_53update_status_retries_on_transient_set_labels_failure0B7_
FNDA:6,_RNvYNtNtNtCsilF9K2nFQUh_4orch8backends5tests11MockBackendNtB6_15ExternalBackend13update_statusB8_
FNDA:6,_RNvYNtNtNtCsilF9K2nFQUh_4orch8backends5tests11MockBackendNtB6_15ExternalBackend19ensure_status_labelB8_
FNDA:0,_RNvYNtNtNtNtCsilF9K2nFQUh_4orch6engine5tasks5tests11MockBackendNtNtBa_8backends15ExternalBackend14list_all_tasksBa_
FNDA:0,_RNvYNtNtNtNtCsilF9K2nFQUh_4orch6engine4sync5tests17IngestMockBackendNtNtBa_8backends15ExternalBackend12is_pr_mergedBa_
FNDA:0,_RNvYNtNtNtNtCsilF9K2nFQUh_4orch6engine4sync5tests17IngestMockBackendNtNtBa_8backends15ExternalBackend14list_all_tasksBa_
FNDA:0,_RNvYNtNtNtNtCsilF9K2nFQUh_4orch6engine4sync5tests17IngestMockBackendNtNtBa_8backends15ExternalBackend15create_sub_taskBa_
FNDA:0,_RNvYNtNtNtNtCsilF9K2nFQUh_4orch6engine4sync5tests17IngestMockBackendNtNtBa_8backends15ExternalBackend19ensure_status_labelBa_
FNDA:0,_RNvYNtNtNtNtCsilF9K2nFQUh_4orch6engine4sync5tests17IngestMockBackendNtNtBa_8backends15ExternalBackend22get_authenticated_userBa_
FNDA:0,_RNvYNtNtNtNtCsilF9K2nFQUh_4orch6engine4sync5tests17IngestMockBackendNtNtBa_8backends15ExternalBackend25has_open_issue_with_titleBa_
FNDA:0,_RNvYNtNtNtNtCsilF9K2nFQUh_4orch6engine4jobs5tests12ErrorBackendNtNtBa_8backends15ExternalBackend12get_mentionsBa_
FNDA:0,_RNvYNtNtNtNtCsilF9K2nFQUh_4orch6engine4jobs5tests12ErrorBackendNtNtBa_8backends15ExternalBackend12is_pr_mergedBa_
FNDA:0,_RNvYNtNtNtNtCsilF9K2nFQUh_4orch6engine4jobs5tests12ErrorBackendNtNtBa_8backends15ExternalBackend13list_routableBa_
FNDA:0,_RNvYNtNtNtNtCsilF9K2nFQUh_4orch6engine4jobs5tests12ErrorBackendNtNtBa_8backends15ExternalBackend13update_statusBa_
FNDA:0,_RNvYNtNtNtNtCsilF9K2nFQUh_4orch6engine4jobs5tests12ErrorBackendNtNtBa_8backends15ExternalBackend14list_all_tasksBa_
FNDA:0,_RNvYNtNtNtNtCsilF9K2nFQUh_4orch6engine4jobs5tests12ErrorBackendNtNtBa_8backends15ExternalBackend15create_sub_taskBa_
FNDA:0,_RNvYNtNtNtNtCsilF9K2nFQUh_4orch6engine4jobs5tests12ErrorBackendNtNtBa_8backends15ExternalBackend19ensure_status_labelBa_
FNDA:0,_RNvYNtNtNtNtCsilF9K2nFQUh_4orch6engine4jobs5tests12ErrorBackendNtNtBa_8backends15ExternalBackend22get_authenticated_userBa_
FNDA:0,_RNvYNtNtNtNtCsilF9K2nFQUh_4orch6engine4jobs5tests12ErrorBackendNtNtBa_8backends15ExternalBackend25has_open_issue_with_titleBa_
FNDA:0,_RNvYNtNtNtNtCsilF9K2nFQUh_4orch6engine4tick5tests11MockBackendNtNtBa_8backends15ExternalBackend14list_all_tasksBa_
FNDA:59,_RNvMNtCsilF9K2nFQUh_4orch8backendsNtB2_6Status8as_label
FNDA:6,_RNvMNtNtCsilF9K2nFQUh_4orch8backends5testsNtB2_11MockBackend11with_labels
FNDA:14,_RNvMNtNtCsilF9K2nFQUh_4orch8backends5testsNtB2_11MockBackend14current_labels
FNDA:1,_RNvNtNtCsilF9K2nFQUh_4orch8backends5testss_15status_as_label
FNDA:1,_RNvNtNtCsilF9K2nFQUh_4orch8backends5testss_17external_id_clone
FNDA:1,_RNvNtNtCsilF9K2nFQUh_4orch8backends5testss_24external_task_serializes
FNDA:1,_RNvNtNtCsilF9K2nFQUh_4orch8backends5testss_27update_status_is_idempotent
FNDA:1,_RNvNtNtCsilF9K2nFQUh_4orch8backends5testss_28status_serializes_snake_case
FNDA:1,_RNvNtNtCsilF9K2nFQUh_4orch8backends5testss_30status_deserializes_snake_case
FNDA:1,_RNvNtNtCsilF9K2nFQUh_4orch8backends5testss_37update_status_fails_after_max_retries
FNDA:1,_RNvNtNtCsilF9K2nFQUh_4orch8backends5testss_39update_status_replaces_single_old_label
FNDA:1,_RNvNtNtCsilF9K2nFQUh_4orch8backends5testss_45update_status_non_status_labels_are_preserved
FNDA:1,_RNvNtNtCsilF9K2nFQUh_4orch8backends5testss_48update_status_removes_multiple_old_status_labels
FNDA:1,_RNvNtNtCsilF9K2nFQUh_4orch8backends5testss_53update_status_retries_on_transient_set_labels_failure
FNDA:9,_RNvXs_NtNtCsilF9K2nFQUh_4orch8backends5testsNtB4_11MockBackendNtB6_15ExternalBackend10set_labels
FNDA:6,_RNvXs_NtNtCsilF9K2nFQUh_4orch8backends5testsNtB4_11MockBackendNtB6_15ExternalBackend12remove_label
FNDA:9,_RNvXs_NtNtCsilF9K2nFQUh_4orch8backends5testsNtB4_11MockBackendNtB6_15ExternalBackend8get_task
FNDA:0,_RNCNCNvYpNtNtCskiUyayaxlzf_4orch8backends15ExternalBackend13update_status00Bb_
FNDA:0,_RNvYpNtNtCskiUyayaxlzf_4orch8backends15ExternalBackend12get_mentionsB7_
FNDA:0,_RNvYpNtNtCskiUyayaxlzf_4orch8backends15ExternalBackend12is_pr_mergedB7_
FNDA:0,_RNvYpNtNtCskiUyayaxlzf_4orch8backends15ExternalBackend13list_routableB7_
FNDA:0,_RNvYpNtNtCskiUyayaxlzf_4orch8backends15ExternalBackend13update_statusB7_
FNDA:0,_RNvYpNtNtCskiUyayaxlzf_4orch8backends15ExternalBackend14list_all_tasksB7_
FNDA:0,_RNvYpNtNtCskiUyayaxlzf_4orch8backends15ExternalBackend15create_sub_taskB7_
FNDA:0,_RNvYpNtNtCskiUyayaxlzf_4orch8backends15ExternalBackend19ensure_status_labelB7_
FNDA:0,_RNvYpNtNtCskiUyayaxlzf_4orch8backends15ExternalBackend22get_authenticated_userB7_
FNDA:0,_RNvYpNtNtCskiUyayaxlzf_4orch8backends15ExternalBackend25has_open_issue_with_titleB7_
FNDA:0,_RNvMNtCskiUyayaxlzf_4orch8backendsNtB2_6Status8as_label
FNF:42
FNH:29
DA:59,59
DA:60,59
DA:61,9
DA:62,8
DA:63,11
DA:64,10
DA:65,7
DA:66,7
DA:67,7
DA:69,59
DA:105,6
DA:138,11
DA:164,6
DA:173,0
DA:191,0
DA:196,0
DA:198,0
DA:228,0
DA:233,0
DA:240,6
DA:242,6
DA:249,0
DA:251,0
DA:259,0
DA:261,0
DA:266,0
DA:268,0
DA:273,0
DA:275,0
DA:299,6
DA:300,6
DA:301,6
DA:302,6
DA:303,6
DA:304,6
DA:305,6
DA:307,14
DA:308,14
DA:309,14
DA:314,0
DA:315,0
DA:316,0
DA:323,0
DA:325,0
DA:327,9
DA:339,9
DA:344,0
DA:346,0
DA:348,0
DA:350,0
DA:352,9
DA:366,9
DA:368,6
DA:374,12
DA:376,6
DA:378,0
DA:380,0
DA:382,0
DA:384,0
DA:390,1
DA:391,1
DA:392,1
DA:393,1
DA:394,1
DA:395,1
DA:396,1
DA:397,1
DA:398,1
DA:399,1
DA:400,0
DA:402,1
DA:403,1
DA:404,0
DA:406,1
DA:407,1
DA:408,1
DA:409,1
DA:410,1
DA:413,1
DA:415,1
DA:416,1
DA:417,1
DA:418,1
DA:419,2
DA:420,1
DA:421,1
DA:422,1
DA:423,1
DA:424,1
DA:425,1
DA:428,1
DA:429,1
DA:430,1
DA:431,1
DA:432,1
DA:433,1
DA:434,1
DA:435,1
DA:436,1
DA:437,1
DA:438,1
DA:441,1
DA:442,1
DA:443,1
DA:444,1
DA:445,1
DA:446,1
DA:447,1
DA:448,1
DA:449,1
DA:450,1
DA:451,1
DA:452,0
DA:454,1
DA:455,1
DA:456,1
DA:457,1
DA:458,1
DA:461,1
DA:462,1
DA:464,1
DA:465,1
DA:466,1
DA:467,1
DA:468,1
DA:469,1
DA:470,1
DA:471,1
DA:472,1
DA:473,0
DA:475,1
DA:476,1
DA:477,1
DA:478,1
DA:479,1
DA:482,1
DA:483,1
DA:485,1
DA:486,1
DA:487,1
DA:488,1
DA:489,1
DA:490,1
DA:491,1
DA:492,1
DA:493,1
DA:494,1
DA:495,1
DA:496,1
DA:499,1
DA:500,1
DA:501,1
DA:502,1
DA:503,1
DA:504,1
DA:505,1
DA:506,1
DA:507,1
DA:510,1
DA:511,1
DA:512,1
DA:513,1
DA:516,1
DA:517,1
DA:518,1
DA:519,1
DA:522,1
DA:523,1
DA:524,1
DA:525,1
DA:526,1
DA:529,1
DA:530,1
DA:531,1
DA:532,1
DA:533,1
DA:534,1
DA:535,1
DA:536,1
DA:537,1
DA:538,1
DA:539,1
DA:540,1
DA:541,1
DA:542,1
DA:543,1
DA:544,1
BRF:0
BRH:0
LF:215
LH:178
end_of_record
SF:/Users/gb/.orch/worktrees/orch/gh-task-internal-57-fix-review-feedback-speed-up-ci-reduce-c/src/channels/capture.rs
FN:203,_RNvMs_NtCsdQgEXhYtKCk_12capture_diff7captureNtB4_12OutputBuffer15diff_and_update
FN:236,_RNvNtCsdQgEXhYtKCk_12capture_diff7capture10hash_bytes
FN:242,_RNvNtCsdQgEXhYtKCk_12capture_diff7capture11cap_content
FN:65,_RNCNvMNtCsdQgEXhYtKCk_12capture_diff7captureNtB4_14CaptureService16register_session0B6_
FN:83,_RNCNvMNtCsdQgEXhYtKCk_12capture_diff7captureNtB4_14CaptureService18unregister_session0B6_
FN:113,_RNCNvMNtCsdQgEXhYtKCk_12capture_diff7captureNtB4_14CaptureService3run0B6_
FN:131,_RNCNvMNtCsdQgEXhYtKCk_12capture_diff7captureNtB4_14CaptureService4tick0B6_
FN:96,_RNCNvMNtCsdQgEXhYtKCk_12capture_diff7captureNtB4_14CaptureService5start0B6_
FN:65,_RNvMNtCsdQgEXhYtKCk_12capture_diff7captureNtB2_14CaptureService16register_session
FN:83,_RNvMNtCsdQgEXhYtKCk_12capture_diff7captureNtB2_14CaptureService18unregister_session
FN:56,_RNvMNtCsdQgEXhYtKCk_12capture_diff7captureNtB2_14CaptureService3new
FN:113,_RNvMNtCsdQgEXhYtKCk_12capture_diff7captureNtB2_14CaptureService3run
FN:131,_RNvMNtCsdQgEXhYtKCk_12capture_diff7captureNtB2_14CaptureService4tick
FN:96,_RNvMNtCsdQgEXhYtKCk_12capture_diff7captureNtB2_14CaptureService5start
FN:65,_RNvMNtNtCsilF9K2nFQUh_4orch8channels7captureNtB2_14CaptureService16register_session
FN:83,_RNvMNtNtCsilF9K2nFQUh_4orch8channels7captureNtB2_14CaptureService18unregister_session
FN:56,_RNvMNtNtCsilF9K2nFQUh_4orch8channels7captureNtB2_14CaptureService3new
FN:113,_RNvMNtNtCsilF9K2nFQUh_4orch8channels7captureNtB2_14CaptureService3run
FN:131,_RNvMNtNtCsilF9K2nFQUh_4orch8channels7captureNtB2_14CaptureService4tick
FN:96,_RNvMNtNtCsilF9K2nFQUh_4orch8channels7captureNtB2_14CaptureService5start
FN:203,_RNvMs_NtNtCsilF9K2nFQUh_4orch8channels7captureNtB4_12OutputBuffer15diff_and_update
FN:236,_RNvNtNtCsilF9K2nFQUh_4orch8channels7capture10hash_bytes
FN:242,_RNvNtNtCsilF9K2nFQUh_4orch8channels7capture11cap_content
FN:65,_RNCNvMNtNtCsilF9K2nFQUh_4orch8channels7captureNtB4_14CaptureService16register_session0B8_
FN:83,_RNCNvMNtNtCsilF9K2nFQUh_4orch8channels7captureNtB4_14CaptureService18unregister_session0B8_
FN:113,_RNCNvMNtNtCsilF9K2nFQUh_4orch8channels7captureNtB4_14CaptureService3run0B8_
FN:131,_RNCNvMNtNtCsilF9K2nFQUh_4orch8channels7captureNtB4_14CaptureService4tick0B8_
FN:96,_RNCNvMNtNtCsilF9K2nFQUh_4orch8channels7captureNtB4_14CaptureService5start0B8_
FN:65,_RNCNvMNtNtCskiUyayaxlzf_4orch8channels7captureNtB4_14CaptureService16register_session0B8_
FN:83,_RNCNvMNtNtCskiUyayaxlzf_4orch8channels7captureNtB4_14CaptureService18unregister_session0B8_
FN:113,_RNCNvMNtNtCskiUyayaxlzf_4orch8channels7captureNtB4_14CaptureService3run0B8_
FN:131,_RNCNvMNtNtCskiUyayaxlzf_4orch8channels7captureNtB4_14CaptureService4tick0B8_
FN:96,_RNCNvMNtNtCskiUyayaxlzf_4orch8channels7captureNtB4_14CaptureService5start0B8_
FN:65,_RNvMNtNtCskiUyayaxlzf_4orch8channels7captureNtB2_14CaptureService16register_session
FN:83,_RNvMNtNtCskiUyayaxlzf_4orch8channels7captureNtB2_14CaptureService18unregister_session
FN:56,_RNvMNtNtCskiUyayaxlzf_4orch8channels7captureNtB2_14CaptureService3new
FN:113,_RNvMNtNtCskiUyayaxlzf_4orch8channels7captureNtB2_14CaptureService3run
FN:131,_RNvMNtNtCskiUyayaxlzf_4orch8channels7captureNtB2_14CaptureService4tick
FN:96,_RNvMNtNtCskiUyayaxlzf_4orch8channels7captureNtB2_14CaptureService5start
FN:203,_RNvMs_NtNtCskiUyayaxlzf_4orch8channels7captureNtB4_12OutputBuffer15diff_and_update
FN:236,_RNvNtNtCskiUyayaxlzf_4orch8channels7capture10hash_bytes
FN:242,_RNvNtNtCskiUyayaxlzf_4orch8channels7capture11cap_content
FNDA:5,_RNvMs_NtCsdQgEXhYtKCk_12capture_diff7captureNtB4_12OutputBuffer15diff_and_update
FNDA:5,_RNvNtCsdQgEXhYtKCk_12capture_diff7capture10hash_bytes
FNDA:5,_RNvNtCsdQgEXhYtKCk_12capture_diff7capture11cap_content
FNDA:0,_RNCNvMNtCsdQgEXhYtKCk_12capture_diff7captureNtB4_14CaptureService16register_session0B6_
FNDA:0,_RNCNvMNtCsdQgEXhYtKCk_12capture_diff7captureNtB4_14CaptureService18unregister_session0B6_
FNDA:0,_RNCNvMNtCsdQgEXhYtKCk_12capture_diff7captureNtB4_14CaptureService3run0B6_
FNDA:0,_RNCNvMNtCsdQgEXhYtKCk_12capture_diff7captureNtB4_14CaptureService4tick0B6_
FNDA:0,_RNCNvMNtCsdQgEXhYtKCk_12capture_diff7captureNtB4_14CaptureService5start0B6_
FNDA:0,_RNvMNtCsdQgEXhYtKCk_12capture_diff7captureNtB2_14CaptureService16register_session
FNDA:0,_RNvMNtCsdQgEXhYtKCk_12capture_diff7captureNtB2_14CaptureService18unregister_session
FNDA:0,_RNvMNtCsdQgEXhYtKCk_12capture_diff7captureNtB2_14CaptureService3new
FNDA:0,_RNvMNtCsdQgEXhYtKCk_12capture_diff7captureNtB2_14CaptureService3run
FNDA:0,_RNvMNtCsdQgEXhYtKCk_12capture_diff7captureNtB2_14CaptureService4tick
FNDA:0,_RNvMNtCsdQgEXhYtKCk_12capture_diff7captureNtB2_14CaptureService5start
FNDA:1,_RNvMNtNtCsilF9K2nFQUh_4orch8channels7captureNtB2_14CaptureService16register_session
FNDA:1,_RNvMNtNtCsilF9K2nFQUh_4orch8channels7captureNtB2_14CaptureService18unregister_session
FNDA:1,_RNvMNtNtCsilF9K2nFQUh_4orch8channels7captureNtB2_14CaptureService3new
FNDA:1,_RNvMNtNtCsilF9K2nFQUh_4orch8channels7captureNtB2_14CaptureService3run
FNDA:1,_RNvMNtNtCsilF9K2nFQUh_4orch8channels7captureNtB2_14CaptureService4tick
FNDA:0,_RNvMNtNtCsilF9K2nFQUh_4orch8channels7captureNtB2_14CaptureService5start
FNDA:1,_RNvMs_NtNtCsilF9K2nFQUh_4orch8channels7captureNtB4_12OutputBuffer15diff_and_update
FNDA:1,_RNvNtNtCsilF9K2nFQUh_4orch8channels7capture10hash_bytes
FNDA:1,_RNvNtNtCsilF9K2nFQUh_4orch8channels7capture11cap_content
FNDA:1,_RNCNvMNtNtCsilF9K2nFQUh_4orch8channels7captureNtB4_14CaptureService16register_session0B8_
FNDA:1,_RNCNvMNtNtCsilF9K2nFQUh_4orch8channels7captureNtB4_14CaptureService18unregister_session0B8_
FNDA:1,_RNCNvMNtNtCsilF9K2nFQUh_4orch8channels7captureNtB4_14CaptureService3run0B8_
FNDA:1,_RNCNvMNtNtCsilF9K2nFQUh_4orch8channels7captureNtB4_14CaptureService4tick0B8_
FNDA:0,_RNCNvMNtNtCsilF9K2nFQUh_4orch8channels7captureNtB4_14CaptureService5start0B8_
FNDA:0,_RNCNvMNtNtCskiUyayaxlzf_4orch8channels7captureNtB4_14CaptureService16register_session0B8_
FNDA:0,_RNCNvMNtNtCskiUyayaxlzf_4orch8channels7captureNtB4_14CaptureService18unregister_session0B8_
FNDA:0,_RNCNvMNtNtCskiUyayaxlzf_4orch8channels7captureNtB4_14CaptureService3run0B8_
FNDA:0,_RNCNvMNtNtCskiUyayaxlzf_4orch8channels7captureNtB4_14CaptureService4tick0B8_
FNDA:0,_RNCNvMNtNtCskiUyayaxlzf_4orch8channels7captureNtB4_14CaptureService5start0B8_
FNDA:0,_RNvMNtNtCskiUyayaxlzf_4orch8channels7captureNtB2_14CaptureService16register_session
FNDA:0,_RNvMNtNtCskiUyayaxlzf_4orch8channels7captureNtB2_14CaptureService18unregister_session
FNDA:0,_RNvMNtNtCskiUyayaxlzf_4orch8channels7captureNtB2_14CaptureService3new
FNDA:0,_RNvMNtNtCskiUyayaxlzf_4orch8channels7captureNtB2_14CaptureService3run
FNDA:0,_RNvMNtNtCskiUyayaxlzf_4orch8channels7captureNtB2_14CaptureService4tick
FNDA:0,_RNvMNtNtCskiUyayaxlzf_4orch8channels7captureNtB2_14CaptureService5start
FNDA:0,_RNvMs_NtNtCskiUyayaxlzf_4orch8channels7captureNtB4_12OutputBuffer15diff_and_update
FNDA:0,_RNvNtNtCskiUyayaxlzf_4orch8channels7capture10hash_bytes
FNDA:0,_RNvNtNtCskiUyayaxlzf_4orch8channels7capture11cap_content
FNF:14
FNH:12
DA:56,1
DA:57,1
DA:58,1
DA:59,1
DA:60,1
DA:61,1
DA:62,1
DA:65,1
DA:66,1
DA:67,1
DA:68,1
DA:69,1
DA:70,1
DA:71,1
DA:72,1
DA:73,1
DA:74,1
DA:75,1
DA:76,1
DA:77,1
DA:78,1
DA:79,1
DA:80,1
DA:83,1
DA:84,1
DA:85,1
DA:88,0
DA:90,0
DA:91,1
DA:96,0
DA:97,0
DA:98,0
DA:99,0
DA:101,0
DA:104,0
DA:105,0
DA:113,1
DA:114,1
DA:117,2
DA:120,2
DA:121,2
DA:122,1
DA:123,1
DA:124,1
DA:126,1
DA:128,1
DA:131,1
DA:132,1
DA:133,1
DA:134,1
DA:136,2
DA:138,1
DA:139,1
DA:140,1
DA:143,1
DA:145,1
DA:147,0
DA:148,1
DA:149,1
DA:150,0
DA:155,0
DA:156,0
DA:159,0
DA:161,0
DA:162,0
DA:163,0
DA:164,0
DA:165,0
DA:166,0
DA:168,0
DA:172,0
DA:175,0
DA:180,1
DA:181,1
DA:182,1
DA:183,1
DA:184,1
DA:186,0
DA:190,1
DA:191,1
DA:192,1
DA:193,1
DA:194,1
DA:195,1
DA:196,0
DA:197,0
DA:199,1
DA:203,6
DA:204,6
DA:205,6
DA:206,6
DA:208,6
DA:209,1
DA:210,1
DA:211,5
DA:213,5
DA:214,1
DA:216,4
DA:217,4
DA:218,0
DA:219,0
DA:220,4
DA:223,5
DA:224,5
DA:225,5
DA:226,5
DA:228,5
DA:229,0
DA:231,5
DA:233,6
DA:236,6
DA:237,6
DA:238,6
DA:239,6
DA:240,6
DA:242,6
DA:243,6
DA:244,5
DA:245,1
DA:247,1
DA:248,1
DA:249,0
DA:250,0
DA:251,1
DA:252,6
BRF:0
BRH:0
LF:130
LH:98
end_of_record
SF:/Users/gb/.orch/worktrees/orch/gh-task-internal-57-fix-review-feedback-speed-up-ci-reduce-c/src/channels/discord_ws.rs
FN:72,_RNvMNtNtCsilF9K2nFQUh_4orch8channels10discord_wsNtB2_14DiscordGateway12send_message
FN:58,_RNvMNtNtCsilF9K2nFQUh_4orch8channels10discord_wsNtB2_14DiscordGateway3new
FN:68,_RNvMNtNtCsilF9K2nFQUh_4orch8channels10discord_wsNtB2_14DiscordGateway7api_url
FN:163,_RNvMs_NtNtCsilF9K2nFQUh_4orch8channels10discord_wsNtB4_12GatewayState3new
FN:171,_RNvMs_NtNtCsilF9K2nFQUh_4orch8channels10discord_wsNtB4_12GatewayState5clear
FN:177,_RNvMs_NtNtCsilF9K2nFQUh_4orch8channels10discord_wsNtB4_12GatewayState6ws_url
FN:186,_RNvNtNtCsilF9K2nFQUh_4orch8channels10discord_ws11run_gateway
FN:449,_RNvNtNtCsilF9K2nFQUh_4orch8channels10discord_ws15handle_dispatch
FN:253,_RNvNtNtCsilF9K2nFQUh_4orch8channels10discord_ws17handle_connection
FN:124,_RNvXs0_NtNtCsilF9K2nFQUh_4orch8channels10discord_wsNtB5_14DiscordGatewayNtB7_7Channel12health_check
FN:96,_RNvXs0_NtNtCsilF9K2nFQUh_4orch8channels10discord_wsNtB5_14DiscordGatewayNtB7_7Channel4name
FN:116,_RNvXs0_NtNtCsilF9K2nFQUh_4orch8channels10discord_wsNtB5_14DiscordGatewayNtB7_7Channel4send
FN:100,_RNvXs0_NtNtCsilF9K2nFQUh_4orch8channels10discord_wsNtB5_14DiscordGatewayNtB7_7Channel5start
FN:433,_RINvNtNtCsilF9K2nFQUh_4orch8channels10discord_ws17next_text_messageINtNtNtNtCs5QTnVDG4bda_12futures_util6stream6stream5split11SplitStreamINtCs3a7CqEbfQu7_17tokio_tungstenite15WebSocketStreamINtNtB2e_6stream14MaybeTlsStreamNtNtNtNtCs1GdKNhOTGLX_5tokio3net3tcp6stream9TcpStreamEEEEB6_
FN:436,_RNCINvNtNtCsilF9K2nFQUh_4orch8channels10discord_ws17next_text_messageINtNtNtNtCs5QTnVDG4bda_12futures_util6stream6stream5split11SplitStreamINtCs3a7CqEbfQu7_17tokio_tungstenite15WebSocketStreamINtNtB2g_6stream14MaybeTlsStreamNtNtNtNtCs1GdKNhOTGLX_5tokio3net3tcp6stream9TcpStreamEEEE0B8_
FN:494,_RNCNCNvNtNtCsilF9K2nFQUh_4orch8channels10discord_ws15handle_dispatch00B9_
FN:510,_RNCNCNvNtNtCsilF9K2nFQUh_4orch8channels10discord_ws15handle_dispatch0s0_0B9_
FN:495,_RNCNCNvNtNtCsilF9K2nFQUh_4orch8channels10discord_ws15handle_dispatch0s_0B9_
FN:309,_RNCNCNvNtNtCsilF9K2nFQUh_4orch8channels10discord_ws17handle_connection00B9_
FN:364,_RNCNCNvNtNtCsilF9K2nFQUh_4orch8channels10discord_ws17handle_connection0s3_0B9_
FN:371,_RNCNCNvNtNtCsilF9K2nFQUh_4orch8channels10discord_ws17handle_connection0s4_0B9_
FN:403,_RNCNCNvNtNtCsilF9K2nFQUh_4orch8channels10discord_ws17handle_connection0s5_0B9_
FN:419,_RNCNCNvNtNtCsilF9K2nFQUh_4orch8channels10discord_ws17handle_connection0s6_0B9_
FN:426,_RNCNCNvNtNtCsilF9K2nFQUh_4orch8channels10discord_ws17handle_connection0s7_0B9_
FN:120,_RNCNCNvXs0_NtNtCsilF9K2nFQUh_4orch8channels10discord_wsNtB9_14DiscordGatewayNtBb_7Channel4send00Bd_
FN:109,_RNCNCNvXs0_NtNtCsilF9K2nFQUh_4orch8channels10discord_wsNtB9_14DiscordGatewayNtBb_7Channel5start00Bd_
FN:72,_RNCNvMNtNtCsilF9K2nFQUh_4orch8channels10discord_wsNtB4_14DiscordGateway12send_message0B8_
FN:180,_RNCNvMs_NtNtCsilF9K2nFQUh_4orch8channels10discord_wsNtB6_12GatewayState6ws_url0Ba_
FN:181,_RNCNvMs_NtNtCsilF9K2nFQUh_4orch8channels10discord_wsNtB6_12GatewayState6ws_urls_0Ba_
FN:192,_RNCNvNtNtCsilF9K2nFQUh_4orch8channels10discord_ws11run_gateway0B7_
FN:456,_RNCNvNtNtCsilF9K2nFQUh_4orch8channels10discord_ws15handle_dispatch0B7_
FN:263,_RNCNvNtNtCsilF9K2nFQUh_4orch8channels10discord_ws17handle_connection0B7_
FN:561,_RNvNtNtNtCsilF9K2nFQUh_4orch8channels10discord_ws5testss_34handle_dispatch_skips_bot_messages
FN:590,_RNvNtNtNtCsilF9K2nFQUh_4orch8channels10discord_ws5testss_37handle_dispatch_filters_by_channel_id
FN:619,_RNvNtNtNtCsilF9K2nFQUh_4orch8channels10discord_ws5testss_42handle_dispatch_passes_matching_channel_id
FN:676,_RNvNtNtNtCsilF9K2nFQUh_4orch8channels10discord_ws5testss_45handle_dispatch_no_channel_filter_accepts_any
FN:706,_RNvNtNtNtCsilF9K2nFQUh_4orch8channels10discord_ws5testss_45handle_dispatch_receiver_closed_returns_error
FN:528,_RNvNtNtNtCsilF9K2nFQUh_4orch8channels10discord_ws5testss_47handle_dispatch_message_create_sends_to_channel
FN:649,_RNvNtNtNtCsilF9K2nFQUh_4orch8channels10discord_ws5testss_49handle_dispatch_ready_sets_session_and_resume_url
FN:561,_RNCNvNtNtNtCsilF9K2nFQUh_4orch8channels10discord_ws5testss_34handle_dispatch_skips_bot_messages0B9_
FN:590,_RNCNvNtNtNtCsilF9K2nFQUh_4orch8channels10discord_ws5testss_37handle_dispatch_filters_by_channel_id0B9_
FN:619,_RNCNvNtNtNtCsilF9K2nFQUh_4orch8channels10discord_ws5testss_42handle_dispatch_passes_matching_channel_id0B9_
FN:676,_RNCNvNtNtNtCsilF9K2nFQUh_4orch8channels10discord_ws5testss_45handle_dispatch_no_channel_filter_accepts_any0B9_
FN:706,_RNCNvNtNtNtCsilF9K2nFQUh_4orch8channels10discord_ws5testss_45handle_dispatch_receiver_closed_returns_error0B9_
FN:528,_RNCNvNtNtNtCsilF9K2nFQUh_4orch8channels10discord_ws5testss_47handle_dispatch_message_create_sends_to_channel0B9_
FN:649,_RNCNvNtNtNtCsilF9K2nFQUh_4orch8channels10discord_ws5testss_49handle_dispatch_ready_sets_session_and_resume_url0B9_
FN:433,_RINvNtNtCskiUyayaxlzf_4orch8channels10discord_ws17next_text_messageINtNtNtNtCs5QTnVDG4bda_12futures_util6stream6stream5split11SplitStreamINtCs3a7CqEbfQu7_17tokio_tungstenite15WebSocketStreamINtNtB2e_6stream14MaybeTlsStreamNtNtNtNtCs1GdKNhOTGLX_5tokio3net3tcp6stream9TcpStreamEEEEB6_
FN:436,_RNCINvNtNtCskiUyayaxlzf_4orch8channels10discord_ws17next_text_messageINtNtNtNtCs5QTnVDG4bda_12futures_util6stream6stream5split11SplitStreamINtCs3a7CqEbfQu7_17tokio_tungstenite15WebSocketStreamINtNtB2g_6stream14MaybeTlsStreamNtNtNtNtCs1GdKNhOTGLX_5tokio3net3tcp6stream9TcpStreamEEEE0B8_
FN:494,_RNCNCNvNtNtCskiUyayaxlzf_4orch8channels10discord_ws15handle_dispatch00B9_
FN:510,_RNCNCNvNtNtCskiUyayaxlzf_4orch8channels10discord_ws15handle_dispatch0s0_0B9_
FN:495,_RNCNCNvNtNtCskiUyayaxlzf_4orch8channels10discord_ws15handle_dispatch0s_0B9_
FN:309,_RNCNCNvNtNtCskiUyayaxlzf_4orch8channels10discord_ws17handle_connection00B9_
FN:364,_RNCNCNvNtNtCskiUyayaxlzf_4orch8channels10discord_ws17handle_connection0s3_0B9_
FN:371,_RNCNCNvNtNtCskiUyayaxlzf_4orch8channels10discord_ws17handle_connection0s4_0B9_
FN:403,_RNCNCNvNtNtCskiUyayaxlzf_4orch8channels10discord_ws17handle_connection0s5_0B9_
FN:419,_RNCNCNvNtNtCskiUyayaxlzf_4orch8channels10discord_ws17handle_connection0s6_0B9_
FN:426,_RNCNCNvNtNtCskiUyayaxlzf_4orch8channels10discord_ws17handle_connection0s7_0B9_
FN:120,_RNCNCNvXs0_NtNtCskiUyayaxlzf_4orch8channels10discord_wsNtB9_14DiscordGatewayNtBb_7Channel4send00Bd_
FN:109,_RNCNCNvXs0_NtNtCskiUyayaxlzf_4orch8channels10discord_wsNtB9_14DiscordGatewayNtBb_7Channel5start00Bd_
FN:72,_RNCNvMNtNtCskiUyayaxlzf_4orch8channels10discord_wsNtB4_14DiscordGateway12send_message0B8_
FN:180,_RNCNvMs_NtNtCskiUyayaxlzf_4orch8channels10discord_wsNtB6_12GatewayState6ws_url0Ba_
FN:181,_RNCNvMs_NtNtCskiUyayaxlzf_4orch8channels10discord_wsNtB6_12GatewayState6ws_urls_0Ba_
FN:192,_RNCNvNtNtCskiUyayaxlzf_4orch8channels10discord_ws11run_gateway0B7_
FN:456,_RNCNvNtNtCskiUyayaxlzf_4orch8channels10discord_ws15handle_dispatch0B7_
FN:263,_RNCNvNtNtCskiUyayaxlzf_4orch8channels10discord_ws17handle_connection0B7_
FN:72,_RNvMNtNtCskiUyayaxlzf_4orch8channels10discord_wsNtB2_14DiscordGateway12send_message
FN:58,_RNvMNtNtCskiUyayaxlzf_4orch8channels10discord_wsNtB2_14DiscordGateway3new
FN:68,_RNvMNtNtCskiUyayaxlzf_4orch8channels10discord_wsNtB2_14DiscordGateway7api_url
FN:163,_RNvMs_NtNtCskiUyayaxlzf_4orch8channels10discord_wsNtB4_12GatewayState3new
FN:171,_RNvMs_NtNtCskiUyayaxlzf_4orch8channels10discord_wsNtB4_12GatewayState5clear
FN:177,_RNvMs_NtNtCskiUyayaxlzf_4orch8channels10discord_wsNtB4_12GatewayState6ws_url
FN:186,_RNvNtNtCskiUyayaxlzf_4orch8channels10discord_ws11run_gateway
FN:449,_RNvNtNtCskiUyayaxlzf_4orch8channels10discord_ws15handle_dispatch
FN:253,_RNvNtNtCskiUyayaxlzf_4orch8channels10discord_ws17handle_connection
FN:124,_RNvXs0_NtNtCskiUyayaxlzf_4orch8channels10discord_wsNtB5_14DiscordGatewayNtB7_7Channel12health_check
FN:96,_RNvXs0_NtNtCskiUyayaxlzf_4orch8channels10discord_wsNtB5_14DiscordGatewayNtB7_7Channel4name
FN:116,_RNvXs0_NtNtCskiUyayaxlzf_4orch8channels10discord_wsNtB5_14DiscordGatewayNtB7_7Channel4send
FN:100,_RNvXs0_NtNtCskiUyayaxlzf_4orch8channels10discord_wsNtB5_14DiscordGatewayNtB7_7Channel5start
FNDA:0,_RNvMNtNtCsilF9K2nFQUh_4orch8channels10discord_wsNtB2_14DiscordGateway12send_message
FNDA:0,_RNvMNtNtCsilF9K2nFQUh_4orch8channels10discord_wsNtB2_14DiscordGateway3new
FNDA:0,_RNvMNtNtCsilF9K2nFQUh_4orch8channels10discord_wsNtB2_14DiscordGateway7api_url
FNDA:0,_RNvMs_NtNtCsilF9K2nFQUh_4orch8channels10discord_wsNtB4_12GatewayState3new
FNDA:0,_RNvMs_NtNtCsilF9K2nFQUh_4orch8channels10discord_wsNtB4_12GatewayState5clear
FNDA:0,_RNvMs_NtNtCsilF9K2nFQUh_4orch8channels10discord_wsNtB4_12GatewayState6ws_url
FNDA:0,_RNvNtNtCsilF9K2nFQUh_4orch8channels10discord_ws11run_gateway
FNDA:7,_RNvNtNtCsilF9K2nFQUh_4orch8channels10discord_ws15handle_dispatch
FNDA:0,_RNvNtNtCsilF9K2nFQUh_4orch8channels10discord_ws17handle_connection
FNDA:0,_RNvXs0_NtNtCsilF9K2nFQUh_4orch8channels10discord_wsNtB5_14DiscordGatewayNtB7_7Channel12health_check
FNDA:0,_RNvXs0_NtNtCsilF9K2nFQUh_4orch8channels10discord_wsNtB5_14DiscordGatewayNtB7_7Channel4name
FNDA:0,_RNvXs0_NtNtCsilF9K2nFQUh_4orch8channels10discord_wsNtB5_14DiscordGatewayNtB7_7Channel4send
FNDA:0,_RNvXs0_NtNtCsilF9K2nFQUh_4orch8channels10discord_wsNtB5_14DiscordGatewayNtB7_7Channel5start
FNDA:0,_RINvNtNtCsilF9K2nFQUh_4orch8channels10discord_ws17next_text_messageINtNtNtNtCs5QTnVDG4bda_12futures_util6stream6stream5split11SplitStreamINtCs3a7CqEbfQu7_17tokio_tungstenite15WebSocketStreamINtNtB2e_6stream14MaybeTlsStreamNtNtNtNtCs1GdKNhOTGLX_5tokio3net3tcp6stream9TcpStreamEEEEB6_
FNDA:0,_RNCINvNtNtCsilF9K2nFQUh_4orch8channels10discord_ws17next_text_messageINtNtNtNtCs5QTnVDG4bda_12futures_util6stream6stream5split11SplitStreamINtCs3a7CqEbfQu7_17tokio_tungstenite15WebSocketStreamINtNtB2g_6stream14MaybeTlsStreamNtNtNtNtCs1GdKNhOTGLX_5tokio3net3tcp6stream9TcpStreamEEEE0B8_
FNDA:4,_RNCNCNvNtNtCsilF9K2nFQUh_4orch8channels10discord_ws15handle_dispatch00B9_
FNDA:1,_RNCNCNvNtNtCsilF9K2nFQUh_4orch8channels10discord_ws15handle_dispatch0s0_0B9_
FNDA:4,_RNCNCNvNtNtCsilF9K2nFQUh_4orch8channels10discord_ws15handle_dispatch0s_0B9_
FNDA:0,_RNCNCNvNtNtCsilF9K2nFQUh_4orch8channels10discord_ws17handle_connection00B9_
FNDA:0,_RNCNCNvNtNtCsilF9K2nFQUh_4orch8channels10discord_ws17handle_connection0s3_0B9_
FNDA:0,_RNCNCNvNtNtCsilF9K2nFQUh_4orch8channels10discord_ws17handle_connection0s4_0B9_
FNDA:0,_RNCNCNvNtNtCsilF9K2nFQUh_4orch8channels10discord_ws17handle_connection0s5_0B9_
FNDA:0,_RNCNCNvNtNtCsilF9K2nFQUh_4orch8channels10discord_ws17handle_connection0s6_0B9_
FNDA:0,_RNCNCNvNtNtCsilF9K2nFQUh_4orch8channels10discord_ws17handle_connection0s7_0B9_
FNDA:0,_RNCNCNvXs0_NtNtCsilF9K2nFQUh_4orch8channels10discord_wsNtB9_14DiscordGatewayNtBb_7Channel4send00Bd_
FNDA:0,_RNCNCNvXs0_NtNtCsilF9K2nFQUh_4orch8channels10discord_wsNtB9_14DiscordGatewayNtBb_7Channel5start00Bd_
FNDA:0,_RNCNvMNtNtCsilF9K2nFQUh_4orch8channels10discord_wsNtB4_14DiscordGateway12send_message0B8_
FNDA:0,_RNCNvMs_NtNtCsilF9K2nFQUh_4orch8channels10discord_wsNtB6_12GatewayState6ws_url0Ba_
FNDA:0,_RNCNvMs_NtNtCsilF9K2nFQUh_4orch8channels10discord_wsNtB6_12GatewayState6ws_urls_0Ba_
FNDA:0,_RNCNvNtNtCsilF9K2nFQUh_4orch8channels10discord_ws11run_gateway0B7_
FNDA:7,_RNCNvNtNtCsilF9K2nFQUh_4orch8channels10discord_ws15handle_dispatch0B7_
FNDA:0,_RNCNvNtNtCsilF9K2nFQUh_4orch8channels10discord_ws17handle_connection0B7_
FNDA:1,_RNvNtNtNtCsilF9K2nFQUh_4orch8channels10discord_ws5testss_34handle_dispatch_skips_bot_messages
FNDA:1,_RNvNtNtNtCsilF9K2nFQUh_4orch8channels10discord_ws5testss_37handle_dispatch_filters_by_channel_id
FNDA:1,_RNvNtNtNtCsilF9K2nFQUh_4orch8channels10discord_ws5testss_42handle_dispatch_passes_matching_channel_id
FNDA:1,_RNvNtNtNtCsilF9K2nFQUh_4orch8channels10discord_ws5testss_45handle_dispatch_no_channel_filter_accepts_any
FNDA:1,_RNvNtNtNtCsilF9K2nFQUh_4orch8channels10discord_ws5testss_45handle_dispatch_receiver_closed_returns_error
FNDA:1,_RNvNtNtNtCsilF9K2nFQUh_4orch8channels10discord_ws5testss_47handle_dispatch_message_create_sends_to_channel
FNDA:1,_RNvNtNtNtCsilF9K2nFQUh_4orch8channels10discord_ws5testss_49handle_dispatch_ready_sets_session_and_resume_url
FNDA:1,_RNCNvNtNtNtCsilF9K2nFQUh_4orch8channels10discord_ws5testss_34handle_dispatch_skips_bot_messages0B9_
FNDA:1,_RNCNvNtNtNtCsilF9K2nFQUh_4orch8channels10discord_ws5testss_37handle_dispatch_filters_by_channel_id0B9_
FNDA:1,_RNCNvNtNtNtCsilF9K2nFQUh_4orch8channels10discord_ws5testss_42handle_dispatch_passes_matching_channel_id0B9_
FNDA:1,_RNCNvNtNtNtCsilF9K2nFQUh_4orch8channels10discord_ws5testss_45handle_dispatch_no_channel_filter_accepts_any0B9_
FNDA:1,_RNCNvNtNtNtCsilF9K2nFQUh_4orch8channels10discord_ws5testss_45handle_dispatch_receiver_closed_returns_error0B9_
FNDA:1,_RNCNvNtNtNtCsilF9K2nFQUh_4orch8channels10discord_ws5testss_47handle_dispatch_message_create_sends_to_channel0B9_
FNDA:1,_RNCNvNtNtNtCsilF9K2nFQUh_4orch8channels10discord_ws5testss_49handle_dispatch_ready_sets_session_and_resume_url0B9_
FNDA:0,_RINvNtNtCskiUyayaxlzf_4orch8channels10discord_ws17next_text_messageINtNtNtNtCs5QTnVDG4bda_12futures_util6stream6stream5split11SplitStreamINtCs3a7CqEbfQu7_17tokio_tungstenite15WebSocketStreamINtNtB2e_6stream14MaybeTlsStreamNtNtNtNtCs1GdKNhOTGLX_5tokio3net3tcp6stream9TcpStreamEEEEB6_
FNDA:0,_RNCINvNtNtCskiUyayaxlzf_4orch8channels10discord_ws17next_text_messageINtNtNtNtCs5QTnVDG4bda_12futures_util6stream6stream5split11SplitStreamINtCs3a7CqEbfQu7_17tokio_tungstenite15WebSocketStreamINtNtB2g_6stream14MaybeTlsStreamNtNtNtNtCs1GdKNhOTGLX_5tokio3net3tcp6stream9TcpStreamEEEE0B8_
FNDA:0,_RNCNCNvNtNtCskiUyayaxlzf_4orch8channels10discord_ws15handle_dispatch00B9_
FNDA:0,_RNCNCNvNtNtCskiUyayaxlzf_4orch8channels10discord_ws15handle_dispatch0s0_0B9_
FNDA:0,_RNCNCNvNtNtCskiUyayaxlzf_4orch8channels10discord_ws15handle_dispatch0s_0B9_
FNDA:0,_RNCNCNvNtNtCskiUyayaxlzf_4orch8channels10discord_ws17handle_connection00B9_
FNDA:0,_RNCNCNvNtNtCskiUyayaxlzf_4orch8channels10discord_ws17handle_connection0s3_0B9_
FNDA:0,_RNCNCNvNtNtCskiUyayaxlzf_4orch8channels10discord_ws17handle_connection0s4_0B9_
FNDA:0,_RNCNCNvNtNtCskiUyayaxlzf_4orch8channels10discord_ws17handle_connection0s5_0B9_
FNDA:0,_RNCNCNvNtNtCskiUyayaxlzf_4orch8channels10discord_ws17handle_connection0s6_0B9_
FNDA:0,_RNCNCNvNtNtCskiUyayaxlzf_4orch8channels10discord_ws17handle_connection0s7_0B9_
FNDA:0,_RNCNCNvXs0_NtNtCskiUyayaxlzf_4orch8channels10discord_wsNtB9_14DiscordGatewayNtBb_7Channel4send00Bd_
FNDA:0,_RNCNCNvXs0_NtNtCskiUyayaxlzf_4orch8channels10discord_wsNtB9_14DiscordGatewayNtBb_7Channel5start00Bd_
FNDA:0,_RNCNvMNtNtCskiUyayaxlzf_4orch8channels10discord_wsNtB4_14DiscordGateway12send_message0B8_
FNDA:0,_RNCNvMs_NtNtCskiUyayaxlzf_4orch8channels10discord_wsNtB6_12GatewayState6ws_url0Ba_
FNDA:0,_RNCNvMs_NtNtCskiUyayaxlzf_4orch8channels10discord_wsNtB6_12GatewayState6ws_urls_0Ba_
FNDA:0,_RNCNvNtNtCskiUyayaxlzf_4orch8channels10discord_ws11run_gateway0B7_
FNDA:0,_RNCNvNtNtCskiUyayaxlzf_4orch8channels10discord_ws15handle_dispatch0B7_
FNDA:0,_RNCNvNtNtCskiUyayaxlzf_4orch8channels10discord_ws17handle_connection0B7_
FNDA:0,_RNvMNtNtCskiUyayaxlzf_4orch8channels10discord_wsNtB2_14DiscordGateway12send_message
FNDA:0,_RNvMNtNtCskiUyayaxlzf_4orch8channels10discord_wsNtB2_14DiscordGateway3new
FNDA:0,_RNvMNtNtCskiUyayaxlzf_4orch8channels10discord_wsNtB2_14DiscordGateway7api_url
FNDA:0,_RNvMs_NtNtCskiUyayaxlzf_4orch8channels10discord_wsNtB4_12GatewayState3new
FNDA:0,_RNvMs_NtNtCskiUyayaxlzf_4orch8channels10discord_wsNtB4_12GatewayState5clear
FNDA:0,_RNvMs_NtNtCskiUyayaxlzf_4orch8channels10discord_wsNtB4_12GatewayState6ws_url
FNDA:0,_RNvNtNtCskiUyayaxlzf_4orch8channels10discord_ws11run_gateway
FNDA:0,_RNvNtNtCskiUyayaxlzf_4orch8channels10discord_ws15handle_dispatch
FNDA:0,_RNvNtNtCskiUyayaxlzf_4orch8channels10discord_ws17handle_connection
FNDA:0,_RNvXs0_NtNtCskiUyayaxlzf_4orch8channels10discord_wsNtB5_14DiscordGatewayNtB7_7Channel12health_check
FNDA:0,_RNvXs0_NtNtCskiUyayaxlzf_4orch8channels10discord_wsNtB5_14DiscordGatewayNtB7_7Channel4name
FNDA:0,_RNvXs0_NtNtCskiUyayaxlzf_4orch8channels10discord_wsNtB5_14DiscordGatewayNtB7_7Channel4send
FNDA:0,_RNvXs0_NtNtCskiUyayaxlzf_4orch8channels10discord_wsNtB5_14DiscordGatewayNtB7_7Channel5start
FNF:46
FNH:19
DA:58,0
DA:59,0
DA:60,0
DA:61,0
DA:62,0
DA:63,0
DA:64,0
DA:65,0
DA:66,0
DA:68,0
DA:69,0
DA:70,0
DA:72,0
DA:73,0
DA:74,0
DA:75,0
DA:76,0
DA:77,0
DA:78,0
DA:79,0
DA:80,0
DA:82,0
DA:83,0
DA:84,0
DA:85,0
DA:87,0
DA:88,0
DA:89,0
DA:96,0
DA:97,0
DA:98,0
DA:100,0
DA:109,0
DA:110,0
DA:111,0
DA:114,0
DA:116,0
DA:120,0
DA:122,0
DA:124,0
DA:140,0
DA:163,0
DA:164,0
DA:165,0
DA:166,0
DA:167,0
DA:168,0
DA:169,0
DA:171,0
DA:172,0
DA:173,0
DA:174,0
DA:175,0
DA:177,0
DA:178,0
DA:179,0
DA:180,0
DA:181,0
DA:182,0
DA:186,0
DA:187,0
DA:188,0
DA:189,0
DA:190,0
DA:191,0
DA:192,0
DA:193,0
DA:194,0
DA:197,0
DA:198,0
DA:200,0
DA:201,0
DA:202,0
DA:204,0
DA:205,0
DA:206,0
DA:207,0
DA:208,0
DA:209,0
DA:210,0
DA:211,0
DA:212,0
DA:213,0
DA:215,0
DA:217,0
DA:220,0
DA:221,0
DA:223,0
DA:225,0
DA:226,0
DA:230,0
DA:231,0
DA:233,0
DA:234,0
DA:239,0
DA:240,0
DA:241,0
DA:242,0
DA:244,0
DA:245,0
DA:247,0
DA:253,0
DA:254,0
DA:255,0
DA:256,0
DA:257,0
DA:258,0
DA:259,0
DA:260,0
DA:261,0
DA:262,0
DA:263,0
DA:264,0
DA:267,0
DA:268,0
DA:269,0
DA:270,0
DA:271,0
DA:275,0
DA:276,0
DA:279,0
DA:280,0
DA:281,0
DA:282,0
DA:283,0
DA:284,0
DA:285,0
DA:286,0
DA:290,0
DA:291,0
DA:292,0
DA:293,0
DA:294,0
DA:295,0
DA:296,0
DA:297,0
DA:298,0
DA:299,0
DA:301,0
DA:306,0
DA:307,0
DA:308,0
DA:309,0
DA:312,0
DA:313,0
DA:314,0
DA:317,0
DA:318,0
DA:319,0
DA:320,0
DA:321,0
DA:323,0
DA:324,0
DA:328,0
DA:329,0
DA:330,0
DA:331,0
DA:332,0
DA:333,0
DA:334,0
DA:338,0
DA:339,0
DA:340,0
DA:342,0
DA:344,0
DA:345,0
DA:346,0
DA:347,0
DA:348,0
DA:349,0
DA:350,0
DA:352,0
DA:354,0
DA:355,0
DA:356,0
DA:357,0
DA:358,0
DA:362,0
DA:363,0
DA:364,0
DA:365,0
DA:366,0
DA:367,0
DA:368,0
DA:369,0
DA:370,0
DA:371,0
DA:373,0
DA:374,0
DA:375,0
DA:377,0
DA:378,0
DA:381,0
DA:382,0
DA:383,0
DA:384,0
DA:386,0
DA:387,0
DA:388,0
DA:390,0
DA:391,0
DA:395,0
DA:396,0
DA:397,0
DA:399,0
DA:400,0
DA:401,0
DA:402,0
DA:403,0
DA:405,0
DA:409,0
DA:410,0
DA:411,0
DA:412,0
DA:414,0
DA:415,0
DA:416,0
DA:417,0
DA:418,0
DA:419,0
DA:420,0
DA:421,0
DA:422,0
DA:423,0
DA:424,0
DA:425,0
DA:426,0
DA:430,0
DA:433,0
DA:434,0
DA:435,0
DA:436,0
DA:438,0
DA:439,0
DA:440,0
DA:441,0
DA:442,0
DA:443,0
DA:446,0
DA:449,7
DA:450,7
DA:451,7
DA:452,7
DA:453,7
DA:454,7
DA:455,7
DA:456,7
DA:457,7
DA:458,7
DA:459,1
DA:460,1
DA:461,1
DA:462,1
DA:463,1
DA:464,1
DA:465,1
DA:466,1
DA:468,6
DA:469,0
DA:471,6
DA:472,6
DA:475,6
DA:476,2
DA:477,1
DA:478,1
DA:479,4
DA:482,5
DA:483,1
DA:484,4
DA:486,4
DA:487,4
DA:488,4
DA:489,4
DA:490,4
DA:491,4
DA:492,4
DA:493,4
DA:494,4
DA:495,4
DA:496,4
DA:498,4
DA:499,4
DA:500,4
DA:501,4
DA:502,4
DA:503,4
DA:504,4
DA:505,4
DA:506,4
DA:508,4
DA:509,4
DA:510,4
DA:512,0
DA:513,0
DA:515,0
DA:517,4
DA:518,7
DA:528,1
DA:529,1
DA:530,1
DA:531,1
DA:532,1
DA:533,1
DA:534,1
DA:535,1
DA:538,1
DA:539,1
DA:541,1
DA:542,1
DA:543,1
DA:544,1
DA:545,1
DA:546,1
DA:547,1
DA:548,1
DA:549,1
DA:550,1
DA:552,1
DA:553,1
DA:554,1
DA:555,1
DA:556,1
DA:557,1
DA:558,1
DA:561,1
DA:562,1
DA:563,1
DA:564,1
DA:565,1
DA:566,1
DA:567,1
DA:568,1
DA:571,1
DA:572,1
DA:574,1
DA:575,1
DA:576,1
DA:577,1
DA:578,1
DA:579,1
DA:580,1
DA:581,1
DA:582,1
DA:583,1
DA:586,1
DA:587,1
DA:590,1
DA:591,1
DA:592,1
DA:593,1
DA:594,1
DA:595,1
DA:596,1
DA:597,1
DA:600,1
DA:601,1
DA:603,1
DA:604,1
DA:605,1
DA:606,1
DA:607,1
DA:608,1
DA:609,1
DA:610,1
DA:611,1
DA:612,1
DA:615,1
DA:616,1
DA:619,1
DA:620,1
DA:621,1
DA:622,1
DA:623,1
DA:624,1
DA:625,1
DA:626,1
DA:629,1
DA:630,1
DA:632,1
DA:633,1
DA:634,1
DA:635,1
DA:636,1
DA:637,1
DA:638,1
DA:639,1
DA:640,1
DA:641,1
DA:643,1
DA:644,1
DA:645,1
DA:646,1
DA:649,1
DA:650,1
DA:651,1
DA:652,1
DA:653,1
DA:654,1
DA:657,1
DA:658,1
DA:660,1
DA:661,1
DA:662,1
DA:663,1
DA:664,1
DA:665,1
DA:666,1
DA:667,1
DA:668,1
DA:669,1
DA:671,1
DA:672,1
DA:673,1
DA:676,1
DA:677,1
DA:678,1
DA:679,1
DA:680,1
DA:681,1
DA:682,1
DA:683,1
DA:686,1
DA:687,1
DA:689,1
DA:690,1
DA:691,1
DA:692,1
DA:693,1
DA:694,1
DA:695,1
DA:696,1
DA:697,1
DA:698,1
DA:700,1
DA:701,1
DA:702,1
DA:703,1
DA:706,1
DA:707,1
DA:708,1
DA:710,1
DA:711,1
DA:712,1
DA:713,1
DA:714,1
DA:715,1
DA:718,1
DA:719,1
DA:721,1
DA:722,1
DA:723,1
DA:724,1
DA:725,1
DA:726,1
DA:727,1
DA:728,1
DA:729,1
DA:731,1
DA:732,1
DA:733,1
BRF:0
BRH:0
LF:489
LH:235
end_of_record
SF:/Users/gb/.orch/worktrees/orch/gh-task-internal-57-fix-review-feedback-speed-up-ci-reduce-c/src/channels/github.rs
FN:679,_RNCNCNCNvNtNtCsilF9K2nFQUh_4orch8channels6github20start_webhook_server0s2_00Bb_
FN:159,_RNCNCNvMNtNtCsilF9K2nFQUh_4orch8channels6githubNtB6_10DedupStore16check_and_insert00Ba_
FN:183,_RNCNCNvMNtNtCsilF9K2nFQUh_4orch8channels6githubNtB6_10DedupStore16check_and_insert0s0_0Ba_
FN:162,_RNCNCNvMNtNtCsilF9K2nFQUh_4orch8channels6githubNtB6_10DedupStore16check_and_insert0s_0Ba_
FN:496,_RNCNCNvNtNtCsilF9K2nFQUh_4orch8channels6github14handle_webhook00B9_
FN:537,_RNCNCNvNtNtCsilF9K2nFQUh_4orch8channels6github14handle_webhook0s0_0B9_
FN:508,_RNCNCNvNtNtCsilF9K2nFQUh_4orch8channels6github14handle_webhook0s_0B9_
FN:587,_RNCNCNvNtNtCsilF9K2nFQUh_4orch8channels6github20check_webhook_health00B9_
FN:590,_RNCNCNvNtNtCsilF9K2nFQUh_4orch8channels6github20check_webhook_health0s_0B9_
FN:658,_RNCNCNvNtNtCsilF9K2nFQUh_4orch8channels6github20start_webhook_server00B9_
FN:667,_RNCNCNvNtNtCsilF9K2nFQUh_4orch8channels6github20start_webhook_server0s0_0B9_
FN:670,_RNCNCNvNtNtCsilF9K2nFQUh_4orch8channels6github20start_webhook_server0s1_0B9_
FN:677,_RNCNCNvNtNtCsilF9K2nFQUh_4orch8channels6github20start_webhook_server0s2_0B9_
FN:663,_RNCNCNvNtNtCsilF9K2nFQUh_4orch8channels6github20start_webhook_server0s_0B9_
FN:146,_RNCNvMNtNtCsilF9K2nFQUh_4orch8channels6githubNtB4_10DedupStore16check_and_insert0B8_
FN:197,_RNCNvMNtNtCsilF9K2nFQUh_4orch8channels6githubNtB4_10DedupStore7metrics0B8_
FN:493,_RNCNvNtNtCsilF9K2nFQUh_4orch8channels6github14handle_webhook0B7_
FN:552,_RNCNvNtNtCsilF9K2nFQUh_4orch8channels6github14webhook_health0B7_
FN:275,_RNCNvNtNtCsilF9K2nFQUh_4orch8channels6github15load_dedup_file0B7_
FN:229,_RNCNvNtNtCsilF9K2nFQUh_4orch8channels6github16enforce_size_cap0B7_
FN:243,_RNCNvNtNtCsilF9K2nFQUh_4orch8channels6github17prune_dedup_inner0B7_
FN:398,_RNCNvNtNtCsilF9K2nFQUh_4orch8channels6github18parse_github_event0B7_
FN:471,_RNCNvNtNtCsilF9K2nFQUh_4orch8channels6github18parse_github_events_0B7_
FN:571,_RNCNvNtNtCsilF9K2nFQUh_4orch8channels6github20check_webhook_health0B7_
FN:653,_RNCNvNtNtCsilF9K2nFQUh_4orch8channels6github20start_webhook_server0B7_
FN:81,_RNvMNtNtCsilF9K2nFQUh_4orch8channels6githubNtB2_10DedupStore13new_in_memory
FN:111,_RNvMNtNtCsilF9K2nFQUh_4orch8channels6githubNtB2_10DedupStore14new_filebacked
FN:219,_RNvMNtNtCsilF9K2nFQUh_4orch8channels6githubNtB2_10DedupStore15metrics_enabled
FN:146,_RNvMNtNtCsilF9K2nFQUh_4orch8channels6githubNtB2_10DedupStore16check_and_insert
FN:86,_RNvMNtNtCsilF9K2nFQUh_4orch8channels6githubNtB2_10DedupStore26new_in_memory_with_metrics
FN:116,_RNvMNtNtCsilF9K2nFQUh_4orch8channels6githubNtB2_10DedupStore27new_filebacked_with_metrics
FN:197,_RNvMNtNtCsilF9K2nFQUh_4orch8channels6githubNtB2_10DedupStore7metrics
FN:298,_RNvNtNtCsilF9K2nFQUh_4orch8channels6github12atomic_write
FN:489,_RNvNtNtCsilF9K2nFQUh_4orch8channels6github14handle_webhook
FN:552,_RNvNtNtCsilF9K2nFQUh_4orch8channels6github14webhook_health
FN:248,_RNvNtNtCsilF9K2nFQUh_4orch8channels6github15load_dedup_file
FN:225,_RNvNtNtCsilF9K2nFQUh_4orch8channels6github16enforce_size_cap
FN:280,_RNvNtNtCsilF9K2nFQUh_4orch8channels6github16flush_dedup_file
FN:374,_RNvNtNtCsilF9K2nFQUh_4orch8channels6github16verify_signature
FN:241,_RNvNtNtCsilF9K2nFQUh_4orch8channels6github17prune_dedup_inner
FN:387,_RNvNtNtCsilF9K2nFQUh_4orch8channels6github18parse_github_event
FN:571,_RNvNtNtCsilF9K2nFQUh_4orch8channels6github20check_webhook_health
FN:648,_RNvNtNtCsilF9K2nFQUh_4orch8channels6github20start_webhook_server
FN:626,_RNvNtNtCsilF9K2nFQUh_4orch8channels6github21webhook_backoff_delay
FN:610,_RNvNtNtCsilF9K2nFQUh_4orch8channels6github23is_transient_bind_error
FN:1024,_RINvNvNtNtNtCsilF9K2nFQUh_4orch8channels6github5testss_29test_dedup_store_is_send_sync16assert_send_syncNtB6_10DedupStoreEBa_
FN:1062,_RNCNvNtNtNtCsilF9K2nFQUh_4orch8channels6github5testss_26test_dedup_store_caps_size0B9_
FN:1216,_RNCNvNtNtNtCsilF9K2nFQUh_4orch8channels6github5testss_34test_webhook_handler_issue_comment0B9_
FN:1162,_RNCNvNtNtNtCsilF9K2nFQUh_4orch8channels6github5testss_34test_webhook_handler_issues_opened0B9_
FN:1048,_RNCNvNtNtNtCsilF9K2nFQUh_4orch8channels6github5testss_37test_dedup_store_metrics_track_counts0B9_
FN:1576,_RNCNvNtNtNtCsilF9K2nFQUh_4orch8channels6github5testss_37test_start_webhook_server_port_in_use0B9_
FN:1038,_RNCNvNtNtNtCsilF9K2nFQUh_4orch8channels6github5testss_38test_dedup_store_duplicate_is_rejected0B9_
FN:1029,_RNCNvNtNtNtCsilF9K2nFQUh_4orch8channels6github5testss_38test_dedup_store_new_entry_is_accepted0B9_
FN:1268,_RNCNvNtNtNtCsilF9K2nFQUh_4orch8channels6github5testss_40test_webhook_handler_pr_review_submitted0B9_
FN:1493,_RNCNvNtNtNtCsilF9K2nFQUh_4orch8channels6github5testss_41test_health_endpoint_returns_json_metrics0B9_
FN:1371,_RNCNvNtNtNtCsilF9K2nFQUh_4orch8channels6github5testss_43test_webhook_deduplication_same_delivery_id0B9_
FN:1322,_RNCNvNtNtNtCsilF9K2nFQUh_4orch8channels6github5testss_46test_webhook_handler_rejects_invalid_signature0B9_
FN:1081,_RNCNvNtNtNtCsilF9K2nFQUh_4orch8channels6github5testss_53test_dedup_store_filebacked_persists_across_instances0B9_
FN:1102,_RNCNvNtNtNtCsilF9K2nFQUh_4orch8channels6github5testss_54test_dedup_store_filebacked_expired_entries_not_loaded0B9_
FN:1062,_RNvNtNtNtCsilF9K2nFQUh_4orch8channels6github5testss_26test_dedup_store_caps_size
FN:718,_RNvNtNtNtCsilF9K2nFQUh_4orch8channels6github5testss_27test_verify_signature_valid
FN:1023,_RNvNtNtNtCsilF9K2nFQUh_4orch8channels6github5testss_29test_dedup_store_is_send_sync
FN:1002,_RNvNtNtNtCsilF9K2nFQUh_4orch8channels6github5testss_29test_verify_signature_correct
FN:728,_RNvNtNtNtCsilF9K2nFQUh_4orch8channels6github5testss_29test_verify_signature_invalid
FN:1553,_RNvNtNtNtCsilF9K2nFQUh_4orch8channels6github5testss_30test_webhook_backoff_delay_cap
FN:1119,_RNvNtNtNtCsilF9K2nFQUh_4orch8channels6github5testss_32test_prune_dedup_inner_caps_size
FN:802,_RNvNtNtNtCsilF9K2nFQUh_4orch8channels6github5testss_33test_parse_github_event_pr_opened
FN:738,_RNvNtNtNtCsilF9K2nFQUh_4orch8channels6github5testss_34test_verify_signature_empty_secret
FN:1216,_RNvNtNtNtCsilF9K2nFQUh_4orch8channels6github5testss_34test_webhook_handler_issue_comment
FN:1162,_RNvNtNtNtCsilF9K2nFQUh_4orch8channels6github5testss_34test_webhook_handler_issues_opened
FN:748,_RNvNtNtNtCsilF9K2nFQUh_4orch8channels6github5testss_36test_parse_github_event_issue_opened
FN:866,_RNvNtNtNtCsilF9K2nFQUh_4orch8channels6github5testss_36test_parse_github_event_unknown_type
FN:1048,_RNvNtNtNtCsilF9K2nFQUh_4orch8channels6github5testss_37test_dedup_store_metrics_track_counts
FN:880,_RNvNtNtNtCsilF9K2nFQUh_4orch8channels6github5testss_37test_parse_github_event_issue_comment
FN:772,_RNvNtNtNtCsilF9K2nFQUh_4orch8channels6github5testss_37test_parse_github_event_issue_labeled
FN:1576,_RNvNtNtNtCsilF9K2nFQUh_4orch8channels6github5testss_37test_start_webhook_server_port_in_use
FN:1038,_RNvNtNtNtCsilF9K2nFQUh_4orch8channels6github5testss_38test_dedup_store_duplicate_is_rejected
FN:1029,_RNvNtNtNtCsilF9K2nFQUh_4orch8channels6github5testss_38test_dedup_store_new_entry_is_accepted
FN:848,_RNvNtNtNtCsilF9K2nFQUh_4orch8channels6github5testss_38test_parse_github_event_ignored_action
FN:826,_RNvNtNtNtCsilF9K2nFQUh_4orch8channels6github5testss_38test_parse_github_event_pr_synchronize
FN:1537,_RNvNtNtNtCsilF9K2nFQUh_4orch8channels6github5testss_40test_is_transient_bind_error_addr_in_use
FN:1545,_RNvNtNtNtCsilF9K2nFQUh_4orch8channels6github5testss_40test_is_transient_bind_error_other_error
FN:1268,_RNvNtNtNtCsilF9K2nFQUh_4orch8channels6github5testss_40test_webhook_handler_pr_review_submitted
FN:1493,_RNvNtNtNtCsilF9K2nFQUh_4orch8channels6github5testss_41test_health_endpoint_returns_json_metrics
FN:940,_RNvNtNtNtCsilF9K2nFQUh_4orch8channels6github5testss_43test_parse_github_event_pr_review_submitted
FN:1371,_RNvNtNtNtCsilF9K2nFQUh_4orch8channels6github5testss_43test_webhook_deduplication_same_delivery_id
FN:1322,_RNvNtNtNtCsilF9K2nFQUh_4orch8channels6github5testss_46test_webhook_handler_rejects_invalid_signature
FN:1081,_RNvNtNtNtCsilF9K2nFQUh_4orch8channels6github5testss_53test_dedup_store_filebacked_persists_across_instances
FN:1102,_RNvNtNtNtCsilF9K2nFQUh_4orch8channels6github5testss_54test_dedup_store_filebacked_expired_entries_not_loaded
FN:976,_RNvNtNtNtCsilF9K2nFQUh_4orch8channels6github5testss_55test_parse_github_event_pr_review_non_submitted_ignored
FN:919,_RNvNtNtNtCsilF9K2nFQUh_4orch8channels6github5testss_59test_parse_github_event_issue_comment_without_issue_ignored
FN:679,_RNCNCNCNvNtNtCskiUyayaxlzf_4orch8channels6github20start_webhook_server0s2_00Bb_
FN:159,_RNCNCNvMNtNtCskiUyayaxlzf_4orch8channels6githubNtB6_10DedupStore16check_and_insert00Ba_
FN:183,_RNCNCNvMNtNtCskiUyayaxlzf_4orch8channels6githubNtB6_10DedupStore16check_and_insert0s0_0Ba_
FN:162,_RNCNCNvMNtNtCskiUyayaxlzf_4orch8channels6githubNtB6_10DedupStore16check_and_insert0s_0Ba_
FN:496,_RNCNCNvNtNtCskiUyayaxlzf_4orch8channels6github14handle_webhook00B9_
FN:537,_RNCNCNvNtNtCskiUyayaxlzf_4orch8channels6github14handle_webhook0s0_0B9_
FN:508,_RNCNCNvNtNtCskiUyayaxlzf_4orch8channels6github14handle_webhook0s_0B9_
FN:587,_RNCNCNvNtNtCskiUyayaxlzf_4orch8channels6github20check_webhook_health00B9_
FN:590,_RNCNCNvNtNtCskiUyayaxlzf_4orch8channels6github20check_webhook_health0s_0B9_
FN:658,_RNCNCNvNtNtCskiUyayaxlzf_4orch8channels6github20start_webhook_server00B9_
FN:667,_RNCNCNvNtNtCskiUyayaxlzf_4orch8channels6github20start_webhook_server0s0_0B9_
FN:670,_RNCNCNvNtNtCskiUyayaxlzf_4orch8channels6github20start_webhook_server0s1_0B9_
FN:677,_RNCNCNvNtNtCskiUyayaxlzf_4orch8channels6github20start_webhook_server0s2_0B9_
FN:663,_RNCNCNvNtNtCskiUyayaxlzf_4orch8channels6github20start_webhook_server0s_0B9_
FN:146,_RNCNvMNtNtCskiUyayaxlzf_4orch8channels6githubNtB4_10DedupStore16check_and_insert0B8_
FN:197,_RNCNvMNtNtCskiUyayaxlzf_4orch8channels6githubNtB4_10DedupStore7metrics0B8_
FN:493,_RNCNvNtNtCskiUyayaxlzf_4orch8channels6github14handle_webhook0B7_
FN:552,_RNCNvNtNtCskiUyayaxlzf_4orch8channels6github14webhook_health0B7_
FN:275,_RNCNvNtNtCskiUyayaxlzf_4orch8channels6github15load_dedup_file0B7_
FN:229,_RNCNvNtNtCskiUyayaxlzf_4orch8channels6github16enforce_size_cap0B7_
FN:398,_RNCNvNtNtCskiUyayaxlzf_4orch8channels6github18parse_github_event0B7_
FN:471,_RNCNvNtNtCskiUyayaxlzf_4orch8channels6github18parse_github_events_0B7_
FN:571,_RNCNvNtNtCskiUyayaxlzf_4orch8channels6github20check_webhook_health0B7_
FN:653,_RNCNvNtNtCskiUyayaxlzf_4orch8channels6github20start_webhook_server0B7_
FN:219,_RNvMNtNtCskiUyayaxlzf_4orch8channels6githubNtB2_10DedupStore15metrics_enabled
FN:146,_RNvMNtNtCskiUyayaxlzf_4orch8channels6githubNtB2_10DedupStore16check_and_insert
FN:86,_RNvMNtNtCskiUyayaxlzf_4orch8channels6githubNtB2_10DedupStore26new_in_memory_with_metrics
FN:116,_RNvMNtNtCskiUyayaxlzf_4orch8channels6githubNtB2_10DedupStore27new_filebacked_with_metrics
FN:197,_RNvMNtNtCskiUyayaxlzf_4orch8channels6githubNtB2_10DedupStore7metrics
FN:298,_RNvNtNtCskiUyayaxlzf_4orch8channels6github12atomic_write
FN:489,_RNvNtNtCskiUyayaxlzf_4orch8channels6github14handle_webhook
FN:552,_RNvNtNtCskiUyayaxlzf_4orch8channels6github14webhook_health
FN:248,_RNvNtNtCskiUyayaxlzf_4orch8channels6github15load_dedup_file
FN:225,_RNvNtNtCskiUyayaxlzf_4orch8channels6github16enforce_size_cap
FN:280,_RNvNtNtCskiUyayaxlzf_4orch8channels6github16flush_dedup_file
FN:374,_RNvNtNtCskiUyayaxlzf_4orch8channels6github16verify_signature
FN:387,_RNvNtNtCskiUyayaxlzf_4orch8channels6github18parse_github_event
FN:571,_RNvNtNtCskiUyayaxlzf_4orch8channels6github20check_webhook_health
FN:648,_RNvNtNtCskiUyayaxlzf_4orch8channels6github20start_webhook_server
FN:626,_RNvNtNtCskiUyayaxlzf_4orch8channels6github21webhook_backoff_delay
FN:610,_RNvNtNtCskiUyayaxlzf_4orch8channels6github23is_transient_bind_error
FNDA:0,_RNCNCNCNvNtNtCsilF9K2nFQUh_4orch8channels6github20start_webhook_server0s2_00Bb_
FNDA:103,_RNCNCNvMNtNtCsilF9K2nFQUh_4orch8channels6githubNtB6_10DedupStore16check_and_insert00Ba_
FNDA:2,_RNCNCNvMNtNtCsilF9K2nFQUh_4orch8channels6githubNtB6_10DedupStore16check_and_insert0s0_0Ba_
FNDA:0,_RNCNCNvMNtNtCsilF9K2nFQUh_4orch8channels6githubNtB6_10DedupStore16check_and_insert0s_0Ba_
FNDA:1,_RNCNCNvNtNtCsilF9K2nFQUh_4orch8channels6github14handle_webhook00B9_
FNDA:5,_RNCNCNvNtNtCsilF9K2nFQUh_4orch8channels6github14handle_webhook0s0_0B9_
FNDA:3,_RNCNCNvNtNtCsilF9K2nFQUh_4orch8channels6github14handle_webhook0s_0B9_
FNDA:0,_RNCNCNvNtNtCsilF9K2nFQUh_4orch8channels6github20check_webhook_health00B9_
FNDA:0,_RNCNCNvNtNtCsilF9K2nFQUh_4orch8channels6github20check_webhook_health0s_0B9_
FNDA:0,_RNCNCNvNtNtCsilF9K2nFQUh_4orch8channels6github20start_webhook_server00B9_
FNDA:0,_RNCNCNvNtNtCsilF9K2nFQUh_4orch8channels6github20start_webhook_server0s0_0B9_
FNDA:0,_RNCNCNvNtNtCsilF9K2nFQUh_4orch8channels6github20start_webhook_server0s1_0B9_
FNDA:0,_RNCNCNvNtNtCsilF9K2nFQUh_4orch8channels6github20start_webhook_server0s2_0B9_
FNDA:0,_RNCNCNvNtNtCsilF9K2nFQUh_4orch8channels6github20start_webhook_server0s_0B9_
FNDA:29,_RNCNvMNtNtCsilF9K2nFQUh_4orch8channels6githubNtB4_10DedupStore16check_and_insert0B8_
FNDA:6,_RNCNvMNtNtCsilF9K2nFQUh_4orch8channels6githubNtB4_10DedupStore7metrics0B8_
FNDA:7,_RNCNvNtNtCsilF9K2nFQUh_4orch8channels6github14handle_webhook0B7_
FNDA:1,_RNCNvNtNtCsilF9K2nFQUh_4orch8channels6github14webhook_health0B7_
FNDA:2,_RNCNvNtNtCsilF9K2nFQUh_4orch8channels6github15load_dedup_file0B7_
FNDA:50065,_RNCNvNtNtCsilF9K2nFQUh_4orch8channels6github16enforce_size_cap0B7_
FNDA:50010,_RNCNvNtNtCsilF9K2nFQUh_4orch8channels6github17prune_dedup_inner0B7_
FNDA:3,_RNCNvNtNtCsilF9K2nFQUh_4orch8channels6github18parse_github_event0B7_
FNDA:0,_RNCNvNtNtCsilF9K2nFQUh_4orch8channels6github18parse_github_events_0B7_
FNDA:0,_RNCNvNtNtCsilF9K2nFQUh_4orch8channels6github20check_webhook_health0B7_
FNDA:0,_RNCNvNtNtCsilF9K2nFQUh_4orch8channels6github20start_webhook_server0B7_
FNDA:10,_RNvMNtNtCsilF9K2nFQUh_4orch8channels6githubNtB2_10DedupStore13new_in_memory
FNDA:3,_RNvMNtNtCsilF9K2nFQUh_4orch8channels6githubNtB2_10DedupStore14new_filebacked
FNDA:1,_RNvMNtNtCsilF9K2nFQUh_4orch8channels6githubNtB2_10DedupStore15metrics_enabled
FNDA:29,_RNvMNtNtCsilF9K2nFQUh_4orch8channels6githubNtB2_10DedupStore16check_and_insert
FNDA:10,_RNvMNtNtCsilF9K2nFQUh_4orch8channels6githubNtB2_10DedupStore26new_in_memory_with_metrics
FNDA:3,_RNvMNtNtCsilF9K2nFQUh_4orch8channels6githubNtB2_10DedupStore27new_filebacked_with_metrics
FNDA:6,_RNvMNtNtCsilF9K2nFQUh_4orch8channels6githubNtB2_10DedupStore7metrics
FNDA:2,_RNvNtNtCsilF9K2nFQUh_4orch8channels6github12atomic_write
FNDA:7,_RNvNtNtCsilF9K2nFQUh_4orch8channels6github14handle_webhook
FNDA:1,_RNvNtNtCsilF9K2nFQUh_4orch8channels6github14webhook_health
FNDA:3,_RNvNtNtCsilF9K2nFQUh_4orch8channels6github15load_dedup_file
FNDA:25,_RNvNtNtCsilF9K2nFQUh_4orch8channels6github16enforce_size_cap
FNDA:2,_RNvNtNtCsilF9K2nFQUh_4orch8channels6github16flush_dedup_file
FNDA:5,_RNvNtNtCsilF9K2nFQUh_4orch8channels6github16verify_signature
FNDA:1,_RNvNtNtCsilF9K2nFQUh_4orch8channels6github17prune_dedup_inner
FNDA:15,_RNvNtNtCsilF9K2nFQUh_4orch8channels6github18parse_github_event
FNDA:0,_RNvNtNtCsilF9K2nFQUh_4orch8channels6github20check_webhook_health
FNDA:0,_RNvNtNtCsilF9K2nFQUh_4orch8channels6github20start_webhook_server
FNDA:1,_RNvNtNtCsilF9K2nFQUh_4orch8channels6github21webhook_backoff_delay
FNDA:3,_RNvNtNtCsilF9K2nFQUh_4orch8channels6github23is_transient_bind_error
FNDA:1,_RINvNvNtNtNtCsilF9K2nFQUh_4orch8channels6github5testss_29test_dedup_store_is_send_sync16assert_send_syncNtB6_10DedupStoreEBa_
FNDA:1,_RNCNvNtNtNtCsilF9K2nFQUh_4orch8channels6github5testss_26test_dedup_store_caps_size0B9_
FNDA:1,_RNCNvNtNtNtCsilF9K2nFQUh_4orch8channels6github5testss_34test_webhook_handler_issue_comment0B9_
FNDA:1,_RNCNvNtNtNtCsilF9K2nFQUh_4orch8channels6github5testss_34test_webhook_handler_issues_opened0B9_
FNDA:1,_RNCNvNtNtNtCsilF9K2nFQUh_4orch8channels6github5testss_37test_dedup_store_metrics_track_counts0B9_
FNDA:1,_RNCNvNtNtNtCsilF9K2nFQUh_4orch8channels6github5testss_37test_start_webhook_server_port_in_use0B9_
FNDA:1,_RNCNvNtNtNtCsilF9K2nFQUh_4orch8channels6github5testss_38test_dedup_store_duplicate_is_rejected0B9_
FNDA:1,_RNCNvNtNtNtCsilF9K2nFQUh_4orch8channels6github5testss_38test_dedup_store_new_entry_is_accepted0B9_
FNDA:1,_RNCNvNtNtNtCsilF9K2nFQUh_4orch8channels6github5testss_40test_webhook_handler_pr_review_submitted0B9_
FNDA:1,_RNCNvNtNtNtCsilF9K2nFQUh_4orch8channels6github5testss_41test_health_endpoint_returns_json_metrics0B9_
FNDA:1,_RNCNvNtNtNtCsilF9K2nFQUh_4orch8channels6github5testss_43test_webhook_deduplication_same_delivery_id0B9_
FNDA:1,_RNCNvNtNtNtCsilF9K2nFQUh_4orch8channels6github5testss_46test_webhook_handler_rejects_invalid_signature0B9_
FNDA:1,_RNCNvNtNtNtCsilF9K2nFQUh_4orch8channels6github5testss_53test_dedup_store_filebacked_persists_across_instances0B9_
FNDA:1,_RNCNvNtNtNtCsilF9K2nFQUh_4orch8channels6github5testss_54test_dedup_store_filebacked_expired_entries_not_loaded0B9_
FNDA:1,_RNvNtNtNtCsilF9K2nFQUh_4orch8channels6github5testss_26test_dedup_store_caps_size
FNDA:1,_RNvNtNtNtCsilF9K2nFQUh_4orch8channels6github5testss_27test_verify_signature_valid
FNDA:1,_RNvNtNtNtCsilF9K2nFQUh_4orch8channels6github5testss_29test_dedup_store_is_send_sync
FNDA:1,_RNvNtNtNtCsilF9K2nFQUh_4orch8channels6github5testss_29test_verify_signature_correct
FNDA:1,_RNvNtNtNtCsilF9K2nFQUh_4orch8channels6github5testss_29test_verify_signature_invalid
FNDA:1,_RNvNtNtNtCsilF9K2nFQUh_4orch8channels6github5testss_30test_webhook_backoff_delay_cap
FNDA:1,_RNvNtNtNtCsilF9K2nFQUh_4orch8channels6github5testss_32test_prune_dedup_inner_caps_size
FNDA:1,_RNvNtNtNtCsilF9K2nFQUh_4orch8channels6github5testss_33test_parse_github_event_pr_opened
FNDA:1,_RNvNtNtNtCsilF9K2nFQUh_4orch8channels6github5testss_34test_verify_signature_empty_secret
FNDA:1,_RNvNtNtNtCsilF9K2nFQUh_4orch8channels6github5testss_34test_webhook_handler_issue_comment
FNDA:1,_RNvNtNtNtCsilF9K2nFQUh_4orch8channels6github5testss_34test_webhook_handler_issues_opened
FNDA:1,_RNvNtNtNtCsilF9K2nFQUh_4orch8channels6github5testss_36test_parse_github_event_issue_opened
FNDA:1,_RNvNtNtNtCsilF9K2nFQUh_4orch8channels6github5testss_36test_parse_github_event_unknown_type
FNDA:1,_RNvNtNtNtCsilF9K2nFQUh_4orch8channels6github5testss_37test_dedup_store_metrics_track_counts
FNDA:1,_RNvNtNtNtCsilF9K2nFQUh_4orch8channels6github5testss_37test_parse_github_event_issue_comment
FNDA:1,_RNvNtNtNtCsilF9K2nFQUh_4orch8channels6github5testss_37test_parse_github_event_issue_labeled
FNDA:1,_RNvNtNtNtCsilF9K2nFQUh_4orch8channels6github5testss_37test_start_webhook_server_port_in_use
FNDA:1,_RNvNtNtNtCsilF9K2nFQUh_4orch8channels6github5testss_38test_dedup_store_duplicate_is_rejected
FNDA:1,_RNvNtNtNtCsilF9K2nFQUh_4orch8channels6github5testss_38test_dedup_store_new_entry_is_accepted
FNDA:1,_RNvNtNtNtCsilF9K2nFQUh_4orch8channels6github5testss_38test_parse_github_event_ignored_action
[...]
DA:5545,1
DA:5546,1
DA:5551,1
DA:5552,1
DA:5553,1
DA:5554,1
DA:5555,1
DA:5556,1
DA:5557,1
DA:5558,1
DA:5559,1
DA:5560,1
DA:5561,1
DA:5563,1
DA:5564,1
DA:5565,1
DA:5566,1
DA:5569,1
DA:5570,1
DA:5571,1
DA:5572,1
DA:5573,1
DA:5574,1
DA:5575,1
DA:5576,1
DA:5577,1
DA:5578,1
DA:5579,1
DA:5580,1
DA:5582,1
DA:5583,1
DA:5584,1
DA:5589,1
DA:5590,1
DA:5591,1
DA:5592,1
DA:5593,1
DA:5594,1
DA:5597,1
DA:5598,1
DA:5599,1
DA:5600,1
DA:5601,1
DA:5602,1
DA:5603,1
DA:5604,1
DA:5605,1
DA:5606,1
DA:5608,1
DA:5609,1
DA:5610,1
DA:5611,1
DA:5612,1
DA:5613,1
DA:5614,1
DA:5615,1
DA:5616,1
DA:5617,1
DA:5619,1
DA:5620,1
DA:5621,1
DA:5622,1
DA:5625,1
DA:5626,1
DA:5627,1
DA:5628,1
DA:5629,1
DA:5630,1
DA:5632,1
DA:5633,1
DA:5634,1
DA:5635,1
DA:5636,1
DA:5637,1
DA:5638,1
DA:5639,1
DA:5640,1
DA:5641,1
DA:5643,1
DA:5644,1
DA:5645,1
DA:5646,1
DA:5647,1
DA:5648,1
DA:5649,1
DA:5650,1
DA:5651,1
DA:5652,1
DA:5654,1
DA:5655,1
DA:5656,1
DA:5657,1
DA:5658,1
DA:5659,1
DA:5660,1
DA:5663,1
DA:5664,1
DA:5665,1
DA:5670,1
DA:5671,1
DA:5672,1
DA:5673,1
DA:5674,1
DA:5675,1
DA:5676,1
DA:5677,1
DA:5678,1
DA:5679,1
DA:5681,1
DA:5682,1
DA:5683,1
DA:5684,1
DA:5685,1
DA:5687,1
DA:5688,1
DA:5689,1
DA:5690,1
DA:5691,1
DA:5692,1
DA:5693,1
DA:5694,1
DA:5695,1
DA:5696,1
DA:5698,1
DA:5699,1
DA:5700,1
DA:5701,1
DA:5704,1
DA:5705,1
DA:5706,1
DA:5707,1
DA:5708,1
DA:5709,1
DA:5710,1
DA:5711,1
DA:5712,1
DA:5713,1
DA:5716,1
DA:5717,1
DA:5718,1
DA:5719,1
DA:5720,1
DA:5721,1
DA:5722,1
DA:5723,1
DA:5724,1
DA:5725,1
DA:5727,1
DA:5728,1
DA:5729,1
DA:5730,1
DA:5735,1
DA:5736,1
DA:5737,1
DA:5738,1
DA:5739,1
DA:5740,1
DA:5742,1
DA:5743,1
DA:5744,1
DA:5745,1
DA:5746,1
BRF:0
BRH:0
LF:4605
LH:4467
end_of_record
SF:/Users/gb/.orch/worktrees/orch/gh-task-internal-57-fix-review-feedback-speed-up-ci-reduce-c/src/template.rs
FN:64,_RNvNtCsilF9K2nFQUh_4orch8template15render_template
FN:57,_RNvNtCsilF9K2nFQUh_4orch8template19render_template_str
FN:17,_RNvNtCsilF9K2nFQUh_4orch8template25render_template_with_vars
FN:86,_RNvNtCsilF9K2nFQUh_4orch8template16render_and_print
FN:8,_RNCNvNtCsilF9K2nFQUh_4orch8template10IF_PATTERN0B5_
FN:15,_RNCNvNtCsilF9K2nFQUh_4orch8template11VAR_PATTERN0B5_
FN:66,_RNCNvNtCsilF9K2nFQUh_4orch8template15render_template0B5_
FN:73,_RNCNvNtCsilF9K2nFQUh_4orch8template15render_templates_0B5_
FN:26,_RNCNvNtCsilF9K2nFQUh_4orch8template25render_template_with_vars0B5_
FN:44,_RNCNvNtCsilF9K2nFQUh_4orch8template25render_template_with_varss_0B5_
FN:127,_RNvNtNtCsilF9K2nFQUh_4orch8template5testss_34render_template_uses_explicit_vars
FN:106,_RNvNtNtCsilF9K2nFQUh_4orch8template5testss_38render_template_does_not_leak_env_vars
FN:8,_RNCNvNtCskiUyayaxlzf_4orch8template10IF_PATTERN0B5_
FN:15,_RNCNvNtCskiUyayaxlzf_4orch8template11VAR_PATTERN0B5_
FN:66,_RNCNvNtCskiUyayaxlzf_4orch8template15render_template0B5_
FN:73,_RNCNvNtCskiUyayaxlzf_4orch8template15render_templates_0B5_
FN:26,_RNCNvNtCskiUyayaxlzf_4orch8template25render_template_with_vars0B5_
FN:44,_RNCNvNtCskiUyayaxlzf_4orch8template25render_template_with_varss_0B5_
FN:64,_RNvNtCskiUyayaxlzf_4orch8template15render_template
FN:86,_RNvNtCskiUyayaxlzf_4orch8template16render_and_print
FN:57,_RNvNtCskiUyayaxlzf_4orch8template19render_template_str
FN:17,_RNvNtCskiUyayaxlzf_4orch8template25render_template_with_vars
FNDA:2,_RNvNtCsilF9K2nFQUh_4orch8template15render_template
FNDA:0,_RNvNtCsilF9K2nFQUh_4orch8template19render_template_str
FNDA:2,_RNvNtCsilF9K2nFQUh_4orch8template25render_template_with_vars
FNDA:0,_RNvNtCsilF9K2nFQUh_4orch8template16render_and_print
FNDA:2,_RNCNvNtCsilF9K2nFQUh_4orch8template10IF_PATTERN0B5_
FNDA:2,_RNCNvNtCsilF9K2nFQUh_4orch8template11VAR_PATTERN0B5_
FNDA:2,_RNCNvNtCsilF9K2nFQUh_4orch8template15render_template0B5_
FNDA:0,_RNCNvNtCsilF9K2nFQUh_4orch8template15render_templates_0B5_
FNDA:0,_RNCNvNtCsilF9K2nFQUh_4orch8template25render_template_with_vars0B5_
FNDA:1,_RNCNvNtCsilF9K2nFQUh_4orch8template25render_template_with_varss_0B5_
FNDA:1,_RNvNtNtCsilF9K2nFQUh_4orch8template5testss_34render_template_uses_explicit_vars
FNDA:1,_RNvNtNtCsilF9K2nFQUh_4orch8template5testss_38render_template_does_not_leak_env_vars
FNDA:0,_RNCNvNtCskiUyayaxlzf_4orch8template10IF_PATTERN0B5_
FNDA:0,_RNCNvNtCskiUyayaxlzf_4orch8template11VAR_PATTERN0B5_
FNDA:0,_RNCNvNtCskiUyayaxlzf_4orch8template15render_template0B5_
FNDA:0,_RNCNvNtCskiUyayaxlzf_4orch8template15render_templates_0B5_
FNDA:0,_RNCNvNtCskiUyayaxlzf_4orch8template25render_template_with_vars0B5_
FNDA:0,_RNCNvNtCskiUyayaxlzf_4orch8template25render_template_with_varss_0B5_
FNDA:0,_RNvNtCskiUyayaxlzf_4orch8template15render_template
FNDA:0,_RNvNtCskiUyayaxlzf_4orch8template16render_and_print
FNDA:0,_RNvNtCskiUyayaxlzf_4orch8template19render_template_str
FNDA:0,_RNvNtCskiUyayaxlzf_4orch8template25render_template_with_vars
FNF:12
FNH:8
DA:8,2
DA:9,2
DA:10,2
DA:11,2
DA:15,2
DA:17,2
DA:18,2
DA:19,2
DA:20,2
DA:21,2
DA:24,2
DA:25,2
DA:26,2
DA:27,0
DA:28,0
DA:29,0
DA:30,0
DA:31,0
DA:32,0
DA:34,0
DA:35,2
DA:37,2
DA:38,2
DA:39,2
DA:40,0
DA:43,2
DA:44,2
DA:45,1
DA:46,1
DA:47,1
DA:48,2
DA:50,2
DA:51,0
DA:52,2
DA:54,2
DA:55,2
DA:57,0
DA:58,0
DA:59,0
DA:60,0
DA:61,0
DA:62,0
DA:64,2
DA:65,2
DA:66,2
DA:67,2
DA:69,0
DA:70,2
DA:72,2
DA:73,2
DA:75,2
DA:77,3
DA:78,1
DA:79,1
DA:80,1
DA:83,2
DA:84,2
DA:86,0
DA:87,0
DA:88,0
DA:89,0
DA:90,0
DA:92,0
DA:93,0
DA:94,0
DA:97,0
DA:106,1
DA:108,1
DA:109,1
DA:110,1
DA:112,1
DA:113,1
DA:115,1
DA:116,1
DA:117,1
DA:118,0
DA:121,1
DA:122,1
DA:123,1
DA:124,1
DA:127,1
DA:128,1
DA:129,1
DA:131,1
DA:132,1
DA:133,1
DA:134,1
BRF:0
BRH:0
LF:91
LH:63
end_of_record
SF:/Users/gb/.orch/worktrees/orch/gh-task-internal-57-fix-review-feedback-speed-up-ci-reduce-c/src/tmux.rs
FN:285,_RNCNvMNtCsilF9K2nFQUh_4orch4tmuxNtB4_11TmuxManager13set_env_batch0B6_
FN:115,_RNCNvMNtCsilF9K2nFQUh_4orch4tmuxNtB4_11TmuxManager17unset_session_env0B6_
FN:281,_RNvMNtCsilF9K2nFQUh_4orch4tmuxNtB2_11TmuxManager13set_env_batch
FN:115,_RNvMNtCsilF9K2nFQUh_4orch4tmuxNtB2_11TmuxManager17unset_session_env
FN:125,_RNCNCNvMNtCsilF9K2nFQUh_4orch4tmuxNtB6_11TmuxManager14session_exists00B8_
FN:144,_RNCNvMNtCsilF9K2nFQUh_4orch4tmuxNtB4_11TmuxManager12capture_pane0B6_
FN:130,_RNCNvMNtCsilF9K2nFQUh_4orch4tmuxNtB4_11TmuxManager12kill_session0B6_
FN:177,_RNCNvMNtCsilF9K2nFQUh_4orch4tmuxNtB4_11TmuxManager13list_sessions0B6_
FN:66,_RNCNvMNtCsilF9K2nFQUh_4orch4tmuxNtB4_11TmuxManager14create_session0B6_
FN:120,_RNCNvMNtCsilF9K2nFQUh_4orch4tmuxNtB4_11TmuxManager14session_exists0B6_
FN:107,_RNCNvMNtCsilF9K2nFQUh_4orch4tmuxNtB4_11TmuxManager15set_session_env0B6_
FN:301,_RNCNvMNtCsilF9K2nFQUh_4orch4tmuxNtB4_11TmuxManager16set_github_token0B6_
FN:160,_RNCNvMNtCsilF9K2nFQUh_4orch4tmuxNtB4_11TmuxManager17is_session_active0B6_
FN:212,_RNCNvMNtCsilF9K2nFQUh_4orch4tmuxNtB4_11TmuxManager19wait_for_completion0B6_
FN:245,_RNCNvMNtCsilF9K2nFQUh_4orch4tmuxNtB4_11TmuxManager7set_env0B6_
FN:229,_RNCNvMNtCsilF9K2nFQUh_4orch4tmuxNtB4_11TmuxManager8snapshot0B6_
FN:262,_RNCNvMNtCsilF9K2nFQUh_4orch4tmuxNtB4_11TmuxManager9unset_env0B6_
FN:340,_RNCNvNtNtCsilF9K2nFQUh_4orch4tmux5testss_12test_set_env0B7_
FN:382,_RNCNvNtNtCsilF9K2nFQUh_4orch4tmux5testss_14test_unset_env0B7_
FN:144,_RNvMNtCsilF9K2nFQUh_4orch4tmuxNtB2_11TmuxManager12capture_pane
FN:130,_RNvMNtCsilF9K2nFQUh_4orch4tmuxNtB2_11TmuxManager12kill_session
FN:39,_RNvMNtCsilF9K2nFQUh_4orch4tmuxNtB2_11TmuxManager12session_name
FN:177,_RNvMNtCsilF9K2nFQUh_4orch4tmuxNtB2_11TmuxManager13list_sessions
FN:59,_RNvMNtCsilF9K2nFQUh_4orch4tmuxNtB2_11TmuxManager14create_session
FN:120,_RNvMNtCsilF9K2nFQUh_4orch4tmuxNtB2_11TmuxManager14session_exists
FN:102,_RNvMNtCsilF9K2nFQUh_4orch4tmuxNtB2_11TmuxManager15set_session_env
FN:296,_RNvMNtCsilF9K2nFQUh_4orch4tmuxNtB2_11TmuxManager16set_github_token
FN:160,_RNvMNtCsilF9K2nFQUh_4orch4tmuxNtB2_11TmuxManager17is_session_active
FN:208,_RNvMNtCsilF9K2nFQUh_4orch4tmuxNtB2_11TmuxManager19wait_for_completion
FN:29,_RNvMNtCsilF9K2nFQUh_4orch4tmuxNtB2_11TmuxManager3new
FN:245,_RNvMNtCsilF9K2nFQUh_4orch4tmuxNtB2_11TmuxManager7set_env
FN:229,_RNvMNtCsilF9K2nFQUh_4orch4tmuxNtB2_11TmuxManager8snapshot
FN:262,_RNvMNtCsilF9K2nFQUh_4orch4tmuxNtB2_11TmuxManager9unset_env
FN:318,_RNvNtNtCsilF9K2nFQUh_4orch4tmux5tests17test_session_name
FN:340,_RNvNtNtCsilF9K2nFQUh_4orch4tmux5testss_12test_set_env
FN:382,_RNvNtNtCsilF9K2nFQUh_4orch4tmux5testss_14test_unset_env
FN:329,_RNvNtNtCsilF9K2nFQUh_4orch4tmux5testss_42session_name_internal_task_id_is_sanitized
FN:285,_RNCNvMNtCskiUyayaxlzf_4orch4tmuxNtB4_11TmuxManager13set_env_batch0B6_
FN:115,_RNCNvMNtCskiUyayaxlzf_4orch4tmuxNtB4_11TmuxManager17unset_session_env0B6_
FN:262,_RNCNvMNtCskiUyayaxlzf_4orch4tmuxNtB4_11TmuxManager9unset_env0B6_
FN:281,_RNvMNtCskiUyayaxlzf_4orch4tmuxNtB2_11TmuxManager13set_env_batch
FN:115,_RNvMNtCskiUyayaxlzf_4orch4tmuxNtB2_11TmuxManager17unset_session_env
FN:262,_RNvMNtCskiUyayaxlzf_4orch4tmuxNtB2_11TmuxManager9unset_env
FN:125,_RNCNCNvMNtCskiUyayaxlzf_4orch4tmuxNtB6_11TmuxManager14session_exists00B8_
FN:144,_RNCNvMNtCskiUyayaxlzf_4orch4tmuxNtB4_11TmuxManager12capture_pane0B6_
FN:130,_RNCNvMNtCskiUyayaxlzf_4orch4tmuxNtB4_11TmuxManager12kill_session0B6_
FN:177,_RNCNvMNtCskiUyayaxlzf_4orch4tmuxNtB4_11TmuxManager13list_sessions0B6_
FN:66,_RNCNvMNtCskiUyayaxlzf_4orch4tmuxNtB4_11TmuxManager14create_session0B6_
FN:120,_RNCNvMNtCskiUyayaxlzf_4orch4tmuxNtB4_11TmuxManager14session_exists0B6_
FN:107,_RNCNvMNtCskiUyayaxlzf_4orch4tmuxNtB4_11TmuxManager15set_session_env0B6_
FN:301,_RNCNvMNtCskiUyayaxlzf_4orch4tmuxNtB4_11TmuxManager16set_github_token0B6_
FN:160,_RNCNvMNtCskiUyayaxlzf_4orch4tmuxNtB4_11TmuxManager17is_session_active0B6_
FN:212,_RNCNvMNtCskiUyayaxlzf_4orch4tmuxNtB4_11TmuxManager19wait_for_completion0B6_
FN:245,_RNCNvMNtCskiUyayaxlzf_4orch4tmuxNtB4_11TmuxManager7set_env0B6_
FN:229,_RNCNvMNtCskiUyayaxlzf_4orch4tmuxNtB4_11TmuxManager8snapshot0B6_
FN:144,_RNvMNtCskiUyayaxlzf_4orch4tmuxNtB2_11TmuxManager12capture_pane
FN:130,_RNvMNtCskiUyayaxlzf_4orch4tmuxNtB2_11TmuxManager12kill_session
FN:39,_RNvMNtCskiUyayaxlzf_4orch4tmuxNtB2_11TmuxManager12session_name
FN:177,_RNvMNtCskiUyayaxlzf_4orch4tmuxNtB2_11TmuxManager13list_sessions
FN:59,_RNvMNtCskiUyayaxlzf_4orch4tmuxNtB2_11TmuxManager14create_session
FN:120,_RNvMNtCskiUyayaxlzf_4orch4tmuxNtB2_11TmuxManager14session_exists
FN:102,_RNvMNtCskiUyayaxlzf_4orch4tmuxNtB2_11TmuxManager15set_session_env
FN:296,_RNvMNtCskiUyayaxlzf_4orch4tmuxNtB2_11TmuxManager16set_github_token
FN:160,_RNvMNtCskiUyayaxlzf_4orch4tmuxNtB2_11TmuxManager17is_session_active
FN:208,_RNvMNtCskiUyayaxlzf_4orch4tmuxNtB2_11TmuxManager19wait_for_completion
FN:29,_RNvMNtCskiUyayaxlzf_4orch4tmuxNtB2_11TmuxManager3new
FN:245,_RNvMNtCskiUyayaxlzf_4orch4tmuxNtB2_11TmuxManager7set_env
FN:229,_RNvMNtCskiUyayaxlzf_4orch4tmuxNtB2_11TmuxManager8snapshot
FNDA:0,_RNCNvMNtCsilF9K2nFQUh_4orch4tmuxNtB4_11TmuxManager13set_env_batch0B6_
FNDA:0,_RNCNvMNtCsilF9K2nFQUh_4orch4tmuxNtB4_11TmuxManager17unset_session_env0B6_
FNDA:0,_RNvMNtCsilF9K2nFQUh_4orch4tmuxNtB2_11TmuxManager13set_env_batch
FNDA:0,_RNvMNtCsilF9K2nFQUh_4orch4tmuxNtB2_11TmuxManager17unset_session_env
FNDA:0,_RNCNCNvMNtCsilF9K2nFQUh_4orch4tmuxNtB6_11TmuxManager14session_exists00B8_
FNDA:0,_RNCNvMNtCsilF9K2nFQUh_4orch4tmuxNtB4_11TmuxManager12capture_pane0B6_
FNDA:2,_RNCNvMNtCsilF9K2nFQUh_4orch4tmuxNtB4_11TmuxManager12kill_session0B6_
FNDA:0,_RNCNvMNtCsilF9K2nFQUh_4orch4tmuxNtB4_11TmuxManager13list_sessions0B6_
FNDA:0,_RNCNvMNtCsilF9K2nFQUh_4orch4tmuxNtB4_11TmuxManager14create_session0B6_
FNDA:0,_RNCNvMNtCsilF9K2nFQUh_4orch4tmuxNtB4_11TmuxManager14session_exists0B6_
FNDA:0,_RNCNvMNtCsilF9K2nFQUh_4orch4tmuxNtB4_11TmuxManager15set_session_env0B6_
FNDA:0,_RNCNvMNtCsilF9K2nFQUh_4orch4tmuxNtB4_11TmuxManager16set_github_token0B6_
FNDA:0,_RNCNvMNtCsilF9K2nFQUh_4orch4tmuxNtB4_11TmuxManager17is_session_active0B6_
FNDA:0,_RNCNvMNtCsilF9K2nFQUh_4orch4tmuxNtB4_11TmuxManager19wait_for_completion0B6_
FNDA:2,_RNCNvMNtCsilF9K2nFQUh_4orch4tmuxNtB4_11TmuxManager7set_env0B6_
FNDA:0,_RNCNvMNtCsilF9K2nFQUh_4orch4tmuxNtB4_11TmuxManager8snapshot0B6_
FNDA:1,_RNCNvMNtCsilF9K2nFQUh_4orch4tmuxNtB4_11TmuxManager9unset_env0B6_
FNDA:1,_RNCNvNtNtCsilF9K2nFQUh_4orch4tmux5testss_12test_set_env0B7_
FNDA:1,_RNCNvNtNtCsilF9K2nFQUh_4orch4tmux5testss_14test_unset_env0B7_
FNDA:0,_RNvMNtCsilF9K2nFQUh_4orch4tmuxNtB2_11TmuxManager12capture_pane
FNDA:2,_RNvMNtCsilF9K2nFQUh_4orch4tmuxNtB2_11TmuxManager12kill_session
FNDA:1,_RNvMNtCsilF9K2nFQUh_4orch4tmuxNtB2_11TmuxManager12session_name
FNDA:0,_RNvMNtCsilF9K2nFQUh_4orch4tmuxNtB2_11TmuxManager13list_sessions
FNDA:0,_RNvMNtCsilF9K2nFQUh_4orch4tmuxNtB2_11TmuxManager14create_session
FNDA:0,_RNvMNtCsilF9K2nFQUh_4orch4tmuxNtB2_11TmuxManager14session_exists
FNDA:0,_RNvMNtCsilF9K2nFQUh_4orch4tmuxNtB2_11TmuxManager15set_session_env
FNDA:0,_RNvMNtCsilF9K2nFQUh_4orch4tmuxNtB2_11TmuxManager16set_github_token
FNDA:0,_RNvMNtCsilF9K2nFQUh_4orch4tmuxNtB2_11TmuxManager17is_session_active
FNDA:0,_RNvMNtCsilF9K2nFQUh_4orch4tmuxNtB2_11TmuxManager19wait_for_completion
FNDA:3,_RNvMNtCsilF9K2nFQUh_4orch4tmuxNtB2_11TmuxManager3new
FNDA:2,_RNvMNtCsilF9K2nFQUh_4orch4tmuxNtB2_11TmuxManager7set_env
FNDA:0,_RNvMNtCsilF9K2nFQUh_4orch4tmuxNtB2_11TmuxManager8snapshot
FNDA:1,_RNvMNtCsilF9K2nFQUh_4orch4tmuxNtB2_11TmuxManager9unset_env
FNDA:2,_RNvNtNtCsilF9K2nFQUh_4orch4tmux5tests17test_session_name
FNDA:1,_RNvNtNtCsilF9K2nFQUh_4orch4tmux5testss_12test_set_env
FNDA:1,_RNvNtNtCsilF9K2nFQUh_4orch4tmux5testss_14test_unset_env
FNDA:1,_RNvNtNtCsilF9K2nFQUh_4orch4tmux5testss_42session_name_internal_task_id_is_sanitized
FNDA:0,_RNCNvMNtCskiUyayaxlzf_4orch4tmuxNtB4_11TmuxManager13set_env_batch0B6_
FNDA:0,_RNCNvMNtCskiUyayaxlzf_4orch4tmuxNtB4_11TmuxManager17unset_session_env0B6_
FNDA:0,_RNCNvMNtCskiUyayaxlzf_4orch4tmuxNtB4_11TmuxManager9unset_env0B6_
FNDA:0,_RNvMNtCskiUyayaxlzf_4orch4tmuxNtB2_11TmuxManager13set_env_batch
FNDA:0,_RNvMNtCskiUyayaxlzf_4orch4tmuxNtB2_11TmuxManager17unset_session_env
FNDA:0,_RNvMNtCskiUyayaxlzf_4orch4tmuxNtB2_11TmuxManager9unset_env
FNDA:0,_RNCNCNvMNtCskiUyayaxlzf_4orch4tmuxNtB6_11TmuxManager14session_exists00B8_
FNDA:0,_RNCNvMNtCskiUyayaxlzf_4orch4tmuxNtB4_11TmuxManager12capture_pane0B6_
FNDA:0,_RNCNvMNtCskiUyayaxlzf_4orch4tmuxNtB4_11TmuxManager12kill_session0B6_
FNDA:0,_RNCNvMNtCskiUyayaxlzf_4orch4tmuxNtB4_11TmuxManager13list_sessions0B6_
FNDA:0,_RNCNvMNtCskiUyayaxlzf_4orch4tmuxNtB4_11TmuxManager14create_session0B6_
FNDA:0,_RNCNvMNtCskiUyayaxlzf_4orch4tmuxNtB4_11TmuxManager14session_exists0B6_
FNDA:0,_RNCNvMNtCskiUyayaxlzf_4orch4tmuxNtB4_11TmuxManager15set_session_env0B6_
FNDA:0,_RNCNvMNtCskiUyayaxlzf_4orch4tmuxNtB4_11TmuxManager16set_github_token0B6_
FNDA:0,_RNCNvMNtCskiUyayaxlzf_4orch4tmuxNtB4_11TmuxManager17is_session_active0B6_
FNDA:0,_RNCNvMNtCskiUyayaxlzf_4orch4tmuxNtB4_11TmuxManager19wait_for_completion0B6_
FNDA:0,_RNCNvMNtCskiUyayaxlzf_4orch4tmuxNtB4_11TmuxManager7set_env0B6_
FNDA:0,_RNCNvMNtCskiUyayaxlzf_4orch4tmuxNtB4_11TmuxManager8snapshot0B6_
FNDA:0,_RNvMNtCskiUyayaxlzf_4orch4tmuxNtB2_11TmuxManager12capture_pane
FNDA:0,_RNvMNtCskiUyayaxlzf_4orch4tmuxNtB2_11TmuxManager12kill_session
FNDA:0,_RNvMNtCskiUyayaxlzf_4orch4tmuxNtB2_11TmuxManager12session_name
FNDA:0,_RNvMNtCskiUyayaxlzf_4orch4tmuxNtB2_11TmuxManager13list_sessions
FNDA:0,_RNvMNtCskiUyayaxlzf_4orch4tmuxNtB2_11TmuxManager14create_session
FNDA:0,_RNvMNtCskiUyayaxlzf_4orch4tmuxNtB2_11TmuxManager14session_exists
FNDA:0,_RNvMNtCskiUyayaxlzf_4orch4tmuxNtB2_11TmuxManager15set_session_env
FNDA:0,_RNvMNtCskiUyayaxlzf_4orch4tmuxNtB2_11TmuxManager16set_github_token
FNDA:0,_RNvMNtCskiUyayaxlzf_4orch4tmuxNtB2_11TmuxManager17is_session_active
FNDA:0,_RNvMNtCskiUyayaxlzf_4orch4tmuxNtB2_11TmuxManager19wait_for_completion
FNDA:0,_RNvMNtCskiUyayaxlzf_4orch4tmuxNtB2_11TmuxManager3new
FNDA:0,_RNvMNtCskiUyayaxlzf_4orch4tmuxNtB2_11TmuxManager7set_env
FNDA:0,_RNvMNtCskiUyayaxlzf_4orch4tmuxNtB2_11TmuxManager8snapshot
FNF:37
FNH:14
DA:29,3
DA:30,3
DA:31,3
DA:32,3
DA:33,3
DA:39,1
DA:40,1
DA:41,1
DA:42,1
DA:43,1
DA:44,1
DA:45,1
DA:46,1
DA:47,1
DA:59,0
DA:60,0
DA:61,0
DA:62,0
DA:63,0
DA:64,0
DA:65,0
DA:66,0
DA:67,0
DA:69,0
DA:70,0
DA:75,0
DA:76,0
DA:77,0
DA:78,0
DA:80,0
DA:82,0
DA:83,0
DA:84,0
DA:85,0
DA:87,0
DA:88,0
DA:89,0
DA:90,0
DA:92,0
DA:93,0
DA:94,0
DA:102,0
DA:103,0
DA:104,0
DA:105,0
DA:106,0
DA:107,0
DA:108,0
DA:109,0
DA:115,0
DA:116,0
DA:117,0
DA:120,0
DA:121,0
DA:122,0
DA:123,0
DA:124,0
DA:125,0
DA:126,0
DA:127,0
DA:130,2
DA:131,2
DA:132,2
DA:133,2
DA:134,2
DA:136,2
DA:137,0
DA:138,0
DA:139,2
DA:140,2
DA:141,2
DA:144,0
DA:145,0
DA:146,0
DA:147,0
DA:148,0
DA:149,0
DA:151,0
DA:152,0
DA:153,0
DA:154,0
DA:155,0
DA:156,0
DA:160,0
DA:162,0
DA:163,0
DA:164,0
DA:165,0
DA:167,0
DA:168,0
DA:169,0
DA:170,0
DA:172,0
DA:174,0
DA:177,0
DA:178,0
DA:179,0
DA:180,0
DA:181,0
DA:183,0
DA:184,0
DA:185,0
DA:187,0
DA:188,0
DA:189,0
DA:190,0
DA:191,0
DA:192,0
DA:193,0
DA:194,0
DA:195,0
DA:196,0
DA:197,0
DA:198,0
DA:199,0
DA:200,0
DA:203,0
DA:204,0
DA:208,0
DA:209,0
DA:210,0
DA:211,0
DA:212,0
DA:214,0
DA:215,0
DA:216,0
DA:218,0
DA:220,0
DA:221,0
DA:222,0
DA:224,0
DA:226,0
DA:229,0
DA:230,0
DA:231,0
DA:232,0
DA:233,0
DA:234,0
DA:236,0
DA:237,0
DA:245,2
DA:246,2
DA:247,2
DA:248,2
DA:249,2
DA:251,2
DA:252,0
DA:253,0
DA:254,2
DA:256,2
DA:257,2
DA:258,2
DA:262,1
DA:263,1
DA:264,1
DA:265,1
DA:266,1
DA:268,1
DA:269,0
DA:270,0
DA:271,1
DA:273,1
DA:274,1
DA:275,1
DA:281,0
DA:282,0
DA:283,0
DA:284,0
DA:285,0
DA:286,0
DA:287,0
DA:289,0
DA:290,0
DA:296,0
DA:297,0
DA:298,0
DA:299,0
DA:300,0
DA:301,0
DA:302,0
DA:304,0
DA:305,0
DA:306,0
DA:308,0
DA:309,0
DA:310,0
DA:318,2
DA:319,2
DA:320,2
DA:321,2
DA:322,2
DA:323,2
DA:324,2
DA:326,2
DA:329,1
DA:330,1
DA:331,1
DA:332,1
DA:335,1
DA:340,1
DA:341,1
DA:342,1
DA:345,1
DA:346,1
DA:347,1
DA:348,1
DA:350,1
DA:352,0
DA:353,0
DA:354,1
DA:357,1
DA:358,1
DA:361,1
DA:362,1
DA:363,1
DA:364,1
DA:366,1
DA:367,1
DA:368,1
DA:369,1
DA:370,0
DA:375,1
DA:376,1
DA:382,1
DA:383,1
DA:384,1
DA:387,1
DA:388,1
DA:389,1
DA:390,1
DA:392,1
DA:393,0
DA:394,0
DA:395,1
DA:398,1
DA:399,1
DA:402,1
DA:403,1
DA:404,1
DA:405,1
DA:406,1
DA:407,1
DA:408,1
DA:409,0
DA:413,1
DA:414,1
DA:417,1
DA:418,1
BRF:0
BRH:0
LF:267
LH:106
end_of_record
SF:/Users/gb/.orch/worktrees/orch/gh-task-internal-57-fix-review-feedback-speed-up-ci-reduce-c/src/webhook_status.rs
FN:64,_RNvMs_NtCsilF9K2nFQUh_4orch14webhook_statusNtB4_13WebhookStatus4load
FN:52,_RNCNvMs_NtCsilF9K2nFQUh_4orch14webhook_statusNtB6_13WebhookStatus4save0B8_
FN:51,_RNvMs_NtCsilF9K2nFQUh_4orch14webhook_statusNtB4_13WebhookStatus4save
FN:45,_RNvNtCsilF9K2nFQUh_4orch14webhook_status11status_path
FN:31,_RNvXNtCsilF9K2nFQUh_4orch14webhook_statusNtB2_13WebhookStatusNtNtCs85QQFkKrybG_4core7default7Default7default
FN:52,_RNCNvMs_NtCskiUyayaxlzf_4orch14webhook_statusNtB6_13WebhookStatus4save0B8_
FN:64,_RNvMs_NtCskiUyayaxlzf_4orch14webhook_statusNtB4_13WebhookStatus4load
FN:51,_RNvMs_NtCskiUyayaxlzf_4orch14webhook_statusNtB4_13WebhookStatus4save
FN:45,_RNvNtCskiUyayaxlzf_4orch14webhook_status11status_path
FN:31,_RNvXNtCskiUyayaxlzf_4orch14webhook_statusNtB2_13WebhookStatusNtNtCs85QQFkKrybG_4core7default7Default7default
FNDA:0,_RNvMs_NtCsilF9K2nFQUh_4orch14webhook_statusNtB4_13WebhookStatus4load
FNDA:0,_RNCNvMs_NtCsilF9K2nFQUh_4orch14webhook_statusNtB6_13WebhookStatus4save0B8_
FNDA:0,_RNvMs_NtCsilF9K2nFQUh_4orch14webhook_statusNtB4_13WebhookStatus4save
FNDA:0,_RNvNtCsilF9K2nFQUh_4orch14webhook_status11status_path
FNDA:0,_RNvXNtCsilF9K2nFQUh_4orch14webhook_statusNtB2_13WebhookStatusNtNtCs85QQFkKrybG_4core7default7Default7default
FNDA:0,_RNCNvMs_NtCskiUyayaxlzf_4orch14webhook_statusNtB6_13WebhookStatus4save0B8_
FNDA:0,_RNvMs_NtCskiUyayaxlzf_4orch14webhook_statusNtB4_13WebhookStatus4load
FNDA:0,_RNvMs_NtCskiUyayaxlzf_4orch14webhook_statusNtB4_13WebhookStatus4save
FNDA:0,_RNvNtCskiUyayaxlzf_4orch14webhook_status11status_path
FNDA:0,_RNvXNtCskiUyayaxlzf_4orch14webhook_statusNtB2_13WebhookStatusNtNtCs85QQFkKrybG_4core7default7Default7default
FNF:5
FNH:0
DA:31,0
DA:32,0
DA:33,0
DA:34,0
DA:35,0
DA:36,0
DA:37,0
DA:38,0
DA:39,0
DA:40,0
DA:41,0
DA:45,0
DA:46,0
DA:47,0
DA:51,0
DA:52,0
DA:53,0
DA:54,0
DA:55,0
DA:56,0
DA:57,0
DA:58,0
DA:60,0
DA:64,0
DA:65,0
DA:66,0
DA:67,0
DA:68,0
BRF:0
BRH:0
LF:29
LH:0
end_of_record