SF:/Users/gb/.orch/worktrees/orch/gh-task-258-ci-add-cargo-llvm-cov-coverage-tracking/src/backends/github.rs
FN:181,_RNCNCNCNvXs_NtNtCs2uc3frWEf6x_4orch8backends6githubNtBa_13GitHubBackendNtBc_15ExternalBackend13list_routable0s_00Be_
FN:183,_RNCNCNCNvXs_NtNtCs2uc3frWEf6x_4orch8backends6githubNtBa_13GitHubBackendNtBc_15ExternalBackend13list_routable0s_0s_0Be_
FN:285,_RNCNCNvXs_NtNtCs2uc3frWEf6x_4orch8backends6githubNtB8_13GitHubBackendNtBa_15ExternalBackend12get_mentions00Bc_
FN:179,_RNCNCNvXs_NtNtCs2uc3frWEf6x_4orch8backends6githubNtB8_13GitHubBackendNtBa_15ExternalBackend13list_routable00Bc_
FN:187,_RNCNCNvXs_NtNtCs2uc3frWEf6x_4orch8backends6githubNtB8_13GitHubBackendNtBa_15ExternalBackend13list_routable0s0_0Bc_
FN:180,_RNCNCNvXs_NtNtCs2uc3frWEf6x_4orch8backends6githubNtB8_13GitHubBackendNtBa_15ExternalBackend13list_routable0s_0Bc_
FN:109,_RNCNCNvXs_NtNtCs2uc3frWEf6x_4orch8backends6githubNtB8_13GitHubBackendNtBa_15ExternalBackend13update_status00Bc_
FN:114,_RNCNCNvXs_NtNtCs2uc3frWEf6x_4orch8backends6githubNtB8_13GitHubBackendNtBa_15ExternalBackend13update_status0s_0Bc_
FN:217,_RNCNCNvXs_NtNtCs2uc3frWEf6x_4orch8backends6githubNtB8_13GitHubBackendNtBa_15ExternalBackend14get_sub_issues00Bc_
FN:159,_RNCNCNvXs_NtNtCs2uc3frWEf6x_4orch8backends6githubNtB8_13GitHubBackendNtBa_15ExternalBackend14list_by_status00Bc_
FN:161,_RNCNCNvXs_NtNtCs2uc3frWEf6x_4orch8backends6githubNtB8_13GitHubBackendNtBa_15ExternalBackend14list_by_status0s_0Bc_
FN:264,_RNCNCNvXs_NtNtCs2uc3frWEf6x_4orch8backends6githubNtB8_13GitHubBackendNtBa_15ExternalBackend25has_open_issue_with_title00Bc_
FN:265,_RNCNCNvXs_NtNtCs2uc3frWEf6x_4orch8backends6githubNtB8_13GitHubBackendNtBa_15ExternalBackend25has_open_issue_with_title0s_0Bc_
FN:16,_RNvMNtNtCs2uc3frWEf6x_4orch8backends6githubNtB2_13GitHubBackend3new
FN:205,_RNvXs_NtNtCs2uc3frWEf6x_4orch8backends6githubNtB4_13GitHubBackendNtB6_15ExternalBackend10set_labels
FN:35,_RNvXs_NtNtCs2uc3frWEf6x_4orch8backends6githubNtB4_13GitHubBackendNtB6_15ExternalBackend11create_task
FN:280,_RNvXs_NtNtCs2uc3frWEf6x_4orch8backends6githubNtB4_13GitHubBackendNtB6_15ExternalBackend12get_mentions
FN:268,_RNvXs_NtNtCs2uc3frWEf6x_4orch8backends6githubNtB4_13GitHubBackendNtB6_15ExternalBackend12health_check
FN:272,_RNvXs_NtNtCs2uc3frWEf6x_4orch8backends6githubNtB4_13GitHubBackendNtB6_15ExternalBackend12is_pr_merged
FN:200,_RNvXs_NtNtCs2uc3frWEf6x_4orch8backends6githubNtB4_13GitHubBackendNtB6_15ExternalBackend12post_comment
FN:209,_RNvXs_NtNtCs2uc3frWEf6x_4orch8backends6githubNtB4_13GitHubBackendNtB6_15ExternalBackend12remove_label
FN:175,_RNvXs_NtNtCs2uc3frWEf6x_4orch8backends6githubNtB4_13GitHubBackendNtB6_15ExternalBackend13list_routable
FN:75,_RNvXs_NtNtCs2uc3frWEf6x_4orch8backends6githubNtB4_13GitHubBackendNtB6_15ExternalBackend13update_status
FN:213,_RNvXs_NtNtCs2uc3frWEf6x_4orch8backends6githubNtB4_13GitHubBackendNtB6_15ExternalBackend14get_sub_issues
FN:155,_RNvXs_NtNtCs2uc3frWEf6x_4orch8backends6githubNtB4_13GitHubBackendNtB6_15ExternalBackend14list_by_status
FN:227,_RNvXs_NtNtCs2uc3frWEf6x_4orch8backends6githubNtB4_13GitHubBackendNtB6_15ExternalBackend15create_sub_task
FN:62,_RNvXs_NtNtCs2uc3frWEf6x_4orch8backends6githubNtB4_13GitHubBackendNtB6_15ExternalBackend19ensure_status_label
FN:276,_RNvXs_NtNtCs2uc3frWEf6x_4orch8backends6githubNtB4_13GitHubBackendNtB6_15ExternalBackend22get_authenticated_user
FN:260,_RNvXs_NtNtCs2uc3frWEf6x_4orch8backends6githubNtB4_13GitHubBackendNtB6_15ExternalBackend25has_open_issue_with_title
FN:26,_RNvXs_NtNtCs2uc3frWEf6x_4orch8backends6githubNtB4_13GitHubBackendNtB6_15ExternalBackend4name
FN:43,_RNvXs_NtNtCs2uc3frWEf6x_4orch8backends6githubNtB4_13GitHubBackendNtB6_15ExternalBackend8get_task
FN:16,_RNvMNtNtCsb5eifAfBfW1_4orch8backends6githubNtB2_13GitHubBackend3new
FN:205,_RNvXs_NtNtCsb5eifAfBfW1_4orch8backends6githubNtB4_13GitHubBackendNtB6_15ExternalBackend10set_labels
FN:35,_RNvXs_NtNtCsb5eifAfBfW1_4orch8backends6githubNtB4_13GitHubBackendNtB6_15ExternalBackend11create_task
FN:280,_RNvXs_NtNtCsb5eifAfBfW1_4orch8backends6githubNtB4_13GitHubBackendNtB6_15ExternalBackend12get_mentions
FN:268,_RNvXs_NtNtCsb5eifAfBfW1_4orch8backends6githubNtB4_13GitHubBackendNtB6_15ExternalBackend12health_check
FN:272,_RNvXs_NtNtCsb5eifAfBfW1_4orch8backends6githubNtB4_13GitHubBackendNtB6_15ExternalBackend12is_pr_merged
FN:200,_RNvXs_NtNtCsb5eifAfBfW1_4orch8backends6githubNtB4_13GitHubBackendNtB6_15ExternalBackend12post_comment
FN:209,_RNvXs_NtNtCsb5eifAfBfW1_4orch8backends6githubNtB4_13GitHubBackendNtB6_15ExternalBackend12remove_label
FN:175,_RNvXs_NtNtCsb5eifAfBfW1_4orch8backends6githubNtB4_13GitHubBackendNtB6_15ExternalBackend13list_routable
FN:75,_RNvXs_NtNtCsb5eifAfBfW1_4orch8backends6githubNtB4_13GitHubBackendNtB6_15ExternalBackend13update_status
FN:213,_RNvXs_NtNtCsb5eifAfBfW1_4orch8backends6githubNtB4_13GitHubBackendNtB6_15ExternalBackend14get_sub_issues
FN:155,_RNvXs_NtNtCsb5eifAfBfW1_4orch8backends6githubNtB4_13GitHubBackendNtB6_15ExternalBackend14list_by_status
FN:227,_RNvXs_NtNtCsb5eifAfBfW1_4orch8backends6githubNtB4_13GitHubBackendNtB6_15ExternalBackend15create_sub_task
FN:62,_RNvXs_NtNtCsb5eifAfBfW1_4orch8backends6githubNtB4_13GitHubBackendNtB6_15ExternalBackend19ensure_status_label
FN:276,_RNvXs_NtNtCsb5eifAfBfW1_4orch8backends6githubNtB4_13GitHubBackendNtB6_15ExternalBackend22get_authenticated_user
FN:260,_RNvXs_NtNtCsb5eifAfBfW1_4orch8backends6githubNtB4_13GitHubBackendNtB6_15ExternalBackend25has_open_issue_with_title
FN:26,_RNvXs_NtNtCsb5eifAfBfW1_4orch8backends6githubNtB4_13GitHubBackendNtB6_15ExternalBackend4name
FN:43,_RNvXs_NtNtCsb5eifAfBfW1_4orch8backends6githubNtB4_13GitHubBackendNtB6_15ExternalBackend8get_task
FN:181,_RNCNCNCNvXs_NtNtCsb5eifAfBfW1_4orch8backends6githubNtBa_13GitHubBackendNtBc_15ExternalBackend13list_routable0s_00Be_
FN:183,_RNCNCNCNvXs_NtNtCsb5eifAfBfW1_4orch8backends6githubNtBa_13GitHubBackendNtBc_15ExternalBackend13list_routable0s_0s_0Be_
FN:285,_RNCNCNvXs_NtNtCsb5eifAfBfW1_4orch8backends6githubNtB8_13GitHubBackendNtBa_15ExternalBackend12get_mentions00Bc_
FN:179,_RNCNCNvXs_NtNtCsb5eifAfBfW1_4orch8backends6githubNtB8_13GitHubBackendNtBa_15ExternalBackend13list_routable00Bc_
FN:187,_RNCNCNvXs_NtNtCsb5eifAfBfW1_4orch8backends6githubNtB8_13GitHubBackendNtBa_15ExternalBackend13list_routable0s0_0Bc_
FN:180,_RNCNCNvXs_NtNtCsb5eifAfBfW1_4orch8backends6githubNtB8_13GitHubBackendNtBa_15ExternalBackend13list_routable0s_0Bc_
FN:109,_RNCNCNvXs_NtNtCsb5eifAfBfW1_4orch8backends6githubNtB8_13GitHubBackendNtBa_15ExternalBackend13update_status00Bc_
FN:114,_RNCNCNvXs_NtNtCsb5eifAfBfW1_4orch8backends6githubNtB8_13GitHubBackendNtBa_15ExternalBackend13update_status0s_0Bc_
FN:217,_RNCNCNvXs_NtNtCsb5eifAfBfW1_4orch8backends6githubNtB8_13GitHubBackendNtBa_15ExternalBackend14get_sub_issues00Bc_
FN:159,_RNCNCNvXs_NtNtCsb5eifAfBfW1_4orch8backends6githubNtB8_13GitHubBackendNtBa_15ExternalBackend14list_by_status00Bc_
FN:161,_RNCNCNvXs_NtNtCsb5eifAfBfW1_4orch8backends6githubNtB8_13GitHubBackendNtBa_15ExternalBackend14list_by_status0s_0Bc_
FN:264,_RNCNCNvXs_NtNtCsb5eifAfBfW1_4orch8backends6githubNtB8_13GitHubBackendNtBa_15ExternalBackend25has_open_issue_with_title00Bc_
FN:265,_RNCNCNvXs_NtNtCsb5eifAfBfW1_4orch8backends6githubNtB8_13GitHubBackendNtBa_15ExternalBackend25has_open_issue_with_title0s_0Bc_
FNDA:0,_RNCNCNCNvXs_NtNtCs2uc3frWEf6x_4orch8backends6githubNtBa_13GitHubBackendNtBc_15ExternalBackend13list_routable0s_00Be_
FNDA:0,_RNCNCNCNvXs_NtNtCs2uc3frWEf6x_4orch8backends6githubNtBa_13GitHubBackendNtBc_15ExternalBackend13list_routable0s_0s_0Be_
FNDA:0,_RNCNCNvXs_NtNtCs2uc3frWEf6x_4orch8backends6githubNtB8_13GitHubBackendNtBa_15ExternalBackend12get_mentions00Bc_
FNDA:0,_RNCNCNvXs_NtNtCs2uc3frWEf6x_4orch8backends6githubNtB8_13GitHubBackendNtBa_15ExternalBackend13list_routable00Bc_
FNDA:0,_RNCNCNvXs_NtNtCs2uc3frWEf6x_4orch8backends6githubNtB8_13GitHubBackendNtBa_15ExternalBackend13list_routable0s0_0Bc_
FNDA:0,_RNCNCNvXs_NtNtCs2uc3frWEf6x_4orch8backends6githubNtB8_13GitHubBackendNtBa_15ExternalBackend13list_routable0s_0Bc_
FNDA:0,_RNCNCNvXs_NtNtCs2uc3frWEf6x_4orch8backends6githubNtB8_13GitHubBackendNtBa_15ExternalBackend13update_status00Bc_
FNDA:0,_RNCNCNvXs_NtNtCs2uc3frWEf6x_4orch8backends6githubNtB8_13GitHubBackendNtBa_15ExternalBackend13update_status0s_0Bc_
FNDA:0,_RNCNCNvXs_NtNtCs2uc3frWEf6x_4orch8backends6githubNtB8_13GitHubBackendNtBa_15ExternalBackend14get_sub_issues00Bc_
FNDA:0,_RNCNCNvXs_NtNtCs2uc3frWEf6x_4orch8backends6githubNtB8_13GitHubBackendNtBa_15ExternalBackend14list_by_status00Bc_
FNDA:0,_RNCNCNvXs_NtNtCs2uc3frWEf6x_4orch8backends6githubNtB8_13GitHubBackendNtBa_15ExternalBackend14list_by_status0s_0Bc_
FNDA:0,_RNCNCNvXs_NtNtCs2uc3frWEf6x_4orch8backends6githubNtB8_13GitHubBackendNtBa_15ExternalBackend25has_open_issue_with_title00Bc_
FNDA:0,_RNCNCNvXs_NtNtCs2uc3frWEf6x_4orch8backends6githubNtB8_13GitHubBackendNtBa_15ExternalBackend25has_open_issue_with_title0s_0Bc_
FNDA:0,_RNvMNtNtCs2uc3frWEf6x_4orch8backends6githubNtB2_13GitHubBackend3new
FNDA:0,_RNvXs_NtNtCs2uc3frWEf6x_4orch8backends6githubNtB4_13GitHubBackendNtB6_15ExternalBackend10set_labels
FNDA:0,_RNvXs_NtNtCs2uc3frWEf6x_4orch8backends6githubNtB4_13GitHubBackendNtB6_15ExternalBackend11create_task
FNDA:0,_RNvXs_NtNtCs2uc3frWEf6x_4orch8backends6githubNtB4_13GitHubBackendNtB6_15ExternalBackend12get_mentions
FNDA:0,_RNvXs_NtNtCs2uc3frWEf6x_4orch8backends6githubNtB4_13GitHubBackendNtB6_15ExternalBackend12health_check
FNDA:0,_RNvXs_NtNtCs2uc3frWEf6x_4orch8backends6githubNtB4_13GitHubBackendNtB6_15ExternalBackend12is_pr_merged
FNDA:0,_RNvXs_NtNtCs2uc3frWEf6x_4orch8backends6githubNtB4_13GitHubBackendNtB6_15ExternalBackend12post_comment
FNDA:0,_RNvXs_NtNtCs2uc3frWEf6x_4orch8backends6githubNtB4_13GitHubBackendNtB6_15ExternalBackend12remove_label
FNDA:0,_RNvXs_NtNtCs2uc3frWEf6x_4orch8backends6githubNtB4_13GitHubBackendNtB6_15ExternalBackend13list_routable
FNDA:0,_RNvXs_NtNtCs2uc3frWEf6x_4orch8backends6githubNtB4_13GitHubBackendNtB6_15ExternalBackend13update_status
FNDA:0,_RNvXs_NtNtCs2uc3frWEf6x_4orch8backends6githubNtB4_13GitHubBackendNtB6_15ExternalBackend14get_sub_issues
FNDA:0,_RNvXs_NtNtCs2uc3frWEf6x_4orch8backends6githubNtB4_13GitHubBackendNtB6_15ExternalBackend14list_by_status
FNDA:0,_RNvXs_NtNtCs2uc3frWEf6x_4orch8backends6githubNtB4_13GitHubBackendNtB6_15ExternalBackend15create_sub_task
FNDA:0,_RNvXs_NtNtCs2uc3frWEf6x_4orch8backends6githubNtB4_13GitHubBackendNtB6_15ExternalBackend19ensure_status_label
FNDA:0,_RNvXs_NtNtCs2uc3frWEf6x_4orch8backends6githubNtB4_13GitHubBackendNtB6_15ExternalBackend22get_authenticated_user
FNDA:0,_RNvXs_NtNtCs2uc3frWEf6x_4orch8backends6githubNtB4_13GitHubBackendNtB6_15ExternalBackend25has_open_issue_with_title
FNDA:0,_RNvXs_NtNtCs2uc3frWEf6x_4orch8backends6githubNtB4_13GitHubBackendNtB6_15ExternalBackend4name
FNDA:0,_RNvXs_NtNtCs2uc3frWEf6x_4orch8backends6githubNtB4_13GitHubBackendNtB6_15ExternalBackend8get_task
FNDA:0,_RNvMNtNtCsb5eifAfBfW1_4orch8backends6githubNtB2_13GitHubBackend3new
FNDA:0,_RNvXs_NtNtCsb5eifAfBfW1_4orch8backends6githubNtB4_13GitHubBackendNtB6_15ExternalBackend10set_labels
FNDA:0,_RNvXs_NtNtCsb5eifAfBfW1_4orch8backends6githubNtB4_13GitHubBackendNtB6_15ExternalBackend11create_task
FNDA:0,_RNvXs_NtNtCsb5eifAfBfW1_4orch8backends6githubNtB4_13GitHubBackendNtB6_15ExternalBackend12get_mentions
FNDA:0,_RNvXs_NtNtCsb5eifAfBfW1_4orch8backends6githubNtB4_13GitHubBackendNtB6_15ExternalBackend12health_check
FNDA:0,_RNvXs_NtNtCsb5eifAfBfW1_4orch8backends6githubNtB4_13GitHubBackendNtB6_15ExternalBackend12is_pr_merged
FNDA:0,_RNvXs_NtNtCsb5eifAfBfW1_4orch8backends6githubNtB4_13GitHubBackendNtB6_15ExternalBackend12post_comment
FNDA:0,_RNvXs_NtNtCsb5eifAfBfW1_4orch8backends6githubNtB4_13GitHubBackendNtB6_15ExternalBackend12remove_label
FNDA:0,_RNvXs_NtNtCsb5eifAfBfW1_4orch8backends6githubNtB4_13GitHubBackendNtB6_15ExternalBackend13list_routable
FNDA:0,_RNvXs_NtNtCsb5eifAfBfW1_4orch8backends6githubNtB4_13GitHubBackendNtB6_15ExternalBackend13update_status
FNDA:0,_RNvXs_NtNtCsb5eifAfBfW1_4orch8backends6githubNtB4_13GitHubBackendNtB6_15ExternalBackend14get_sub_issues
FNDA:0,_RNvXs_NtNtCsb5eifAfBfW1_4orch8backends6githubNtB4_13GitHubBackendNtB6_15ExternalBackend14list_by_status
FNDA:0,_RNvXs_NtNtCsb5eifAfBfW1_4orch8backends6githubNtB4_13GitHubBackendNtB6_15ExternalBackend15create_sub_task
FNDA:0,_RNvXs_NtNtCsb5eifAfBfW1_4orch8backends6githubNtB4_13GitHubBackendNtB6_15ExternalBackend19ensure_status_label
FNDA:0,_RNvXs_NtNtCsb5eifAfBfW1_4orch8backends6githubNtB4_13GitHubBackendNtB6_15ExternalBackend22get_authenticated_user
FNDA:0,_RNvXs_NtNtCsb5eifAfBfW1_4orch8backends6githubNtB4_13GitHubBackendNtB6_15ExternalBackend25has_open_issue_with_title
FNDA:0,_RNvXs_NtNtCsb5eifAfBfW1_4orch8backends6githubNtB4_13GitHubBackendNtB6_15ExternalBackend4name
FNDA:0,_RNvXs_NtNtCsb5eifAfBfW1_4orch8backends6githubNtB4_13GitHubBackendNtB6_15ExternalBackend8get_task
FNDA:0,_RNCNCNCNvXs_NtNtCsb5eifAfBfW1_4orch8backends6githubNtBa_13GitHubBackendNtBc_15ExternalBackend13list_routable0s_00Be_
FNDA:0,_RNCNCNCNvXs_NtNtCsb5eifAfBfW1_4orch8backends6githubNtBa_13GitHubBackendNtBc_15ExternalBackend13list_routable0s_0s_0Be_
FNDA:0,_RNCNCNvXs_NtNtCsb5eifAfBfW1_4orch8backends6githubNtB8_13GitHubBackendNtBa_15ExternalBackend12get_mentions00Bc_
FNDA:0,_RNCNCNvXs_NtNtCsb5eifAfBfW1_4orch8backends6githubNtB8_13GitHubBackendNtBa_15ExternalBackend13list_routable00Bc_
FNDA:0,_RNCNCNvXs_NtNtCsb5eifAfBfW1_4orch8backends6githubNtB8_13GitHubBackendNtBa_15ExternalBackend13list_routable0s0_0Bc_
FNDA:0,_RNCNCNvXs_NtNtCsb5eifAfBfW1_4orch8backends6githubNtB8_13GitHubBackendNtBa_15ExternalBackend13list_routable0s_0Bc_
FNDA:0,_RNCNCNvXs_NtNtCsb5eifAfBfW1_4orch8backends6githubNtB8_13GitHubBackendNtBa_15ExternalBackend13update_status00Bc_
FNDA:0,_RNCNCNvXs_NtNtCsb5eifAfBfW1_4orch8backends6githubNtB8_13GitHubBackendNtBa_15ExternalBackend13update_status0s_0Bc_
FNDA:0,_RNCNCNvXs_NtNtCsb5eifAfBfW1_4orch8backends6githubNtB8_13GitHubBackendNtBa_15ExternalBackend14get_sub_issues00Bc_
FNDA:0,_RNCNCNvXs_NtNtCsb5eifAfBfW1_4orch8backends6githubNtB8_13GitHubBackendNtBa_15ExternalBackend14list_by_status00Bc_
FNDA:0,_RNCNCNvXs_NtNtCsb5eifAfBfW1_4orch8backends6githubNtB8_13GitHubBackendNtBa_15ExternalBackend14list_by_status0s_0Bc_
FNDA:0,_RNCNCNvXs_NtNtCsb5eifAfBfW1_4orch8backends6githubNtB8_13GitHubBackendNtBa_15ExternalBackend25has_open_issue_with_title00Bc_
FNDA:0,_RNCNCNvXs_NtNtCsb5eifAfBfW1_4orch8backends6githubNtB8_13GitHubBackendNtBa_15ExternalBackend25has_open_issue_with_title0s_0Bc_
FNF:31
FNH:0
DA:16,0
DA:17,0
DA:18,0
DA:19,0
DA:20,0
DA:21,0
DA:26,0
DA:27,0
DA:28,0
DA:35,0
DA:41,0
DA:43,0
DA:56,0
DA:62,0
DA:72,0
DA:75,0
DA:109,0
DA:114,0
DA:153,0
DA:155,0
DA:159,0
DA:161,0
DA:162,0
DA:163,0
DA:164,0
DA:165,0
DA:166,0
DA:167,0
DA:168,0
DA:169,0
DA:170,0
DA:172,0
DA:175,0
DA:179,0
DA:180,0
DA:181,0
DA:183,0
DA:184,0
DA:185,0
DA:187,0
DA:188,0
DA:189,0
DA:190,0
DA:191,0
DA:192,0
DA:193,0
DA:194,0
DA:195,0
DA:196,0
DA:198,0
DA:200,0
DA:202,0
DA:205,0
DA:207,0
DA:209,0
DA:211,0
DA:213,0
DA:217,0
DA:219,0
DA:227,0
DA:258,0
DA:260,0
DA:264,0
DA:265,0
DA:266,0
DA:268,0
DA:270,0
DA:272,0
DA:274,0
DA:276,0
DA:278,0
DA:280,0
DA:285,0
DA:286,0
DA:287,0
DA:288,0
DA:289,0
DA:290,0
DA:292,0
BRF:0
BRH:0
LF:81
LH:0
end_of_record
SF:/Users/gb/.orch/worktrees/orch/gh-task-258-ci-add-cargo-llvm-cov-coverage-tracking/src/backends/mod.rs
FN:138,_RNCNCNvYpNtNtCs2uc3frWEf6x_4orch8backends15ExternalBackend13update_status00Bb_
FN:249,_RNvYpNtNtCs2uc3frWEf6x_4orch8backends15ExternalBackend12get_mentionsB7_
FN:235,_RNvYpNtNtCs2uc3frWEf6x_4orch8backends15ExternalBackend12is_pr_mergedB7_
FN:172,_RNvYpNtNtCs2uc3frWEf6x_4orch8backends15ExternalBackend13list_routableB7_
FN:105,_RNvYpNtNtCs2uc3frWEf6x_4orch8backends15ExternalBackend13update_statusB7_
FN:204,_RNvYpNtNtCs2uc3frWEf6x_4orch8backends15ExternalBackend15create_sub_taskB7_
FN:216,_RNvYpNtNtCs2uc3frWEf6x_4orch8backends15ExternalBackend19ensure_status_labelB7_
FN:242,_RNvYpNtNtCs2uc3frWEf6x_4orch8backends15ExternalBackend22get_authenticated_userB7_
FN:225,_RNvYpNtNtCs2uc3frWEf6x_4orch8backends15ExternalBackend25has_open_issue_with_titleB7_
FN:59,_RNvMNtCs2uc3frWEf6x_4orch8backendsNtB2_6Status8as_label
FN:299,_RNvXs_NtNtCsb5eifAfBfW1_4orch8backends5testsNtB4_11MockBackendNtB6_15ExternalBackend11create_task
FN:358,_RNvXs_NtNtCsb5eifAfBfW1_4orch8backends5testsNtB4_11MockBackendNtB6_15ExternalBackend12health_check
FN:324,_RNvXs_NtNtCsb5eifAfBfW1_4orch8backends5testsNtB4_11MockBackendNtB6_15ExternalBackend12post_comment
FN:354,_RNvXs_NtNtCsb5eifAfBfW1_4orch8backends5testsNtB4_11MockBackendNtB6_15ExternalBackend14get_sub_issues
FN:320,_RNvXs_NtNtCsb5eifAfBfW1_4orch8backends5testsNtB4_11MockBackendNtB6_15ExternalBackend14list_by_status
FN:290,_RNvXs_NtNtCsb5eifAfBfW1_4orch8backends5testsNtB4_11MockBackendNtB6_15ExternalBackend4name
FN:249,_RNvYpNtNtCsb5eifAfBfW1_4orch8backends15ExternalBackend12get_mentionsB7_
FN:235,_RNvYpNtNtCsb5eifAfBfW1_4orch8backends15ExternalBackend12is_pr_mergedB7_
FN:172,_RNvYpNtNtCsb5eifAfBfW1_4orch8backends15ExternalBackend13list_routableB7_
FN:204,_RNvYpNtNtCsb5eifAfBfW1_4orch8backends15ExternalBackend15create_sub_taskB7_
FN:242,_RNvYpNtNtCsb5eifAfBfW1_4orch8backends15ExternalBackend22get_authenticated_userB7_
FN:225,_RNvYpNtNtCsb5eifAfBfW1_4orch8backends15ExternalBackend25has_open_issue_with_titleB7_
FN:59,_RNvMNtCsb5eifAfBfW1_4orch8backendsNtB2_6Status8as_label
FN:275,_RNvMNtNtCsb5eifAfBfW1_4orch8backends5testsNtB2_11MockBackend11with_labels
FN:283,_RNvMNtNtCsb5eifAfBfW1_4orch8backends5testsNtB2_11MockBackend14current_labels
FN:475,_RNvNtNtCsb5eifAfBfW1_4orch8backends5testss_15status_as_label
FN:498,_RNvNtNtCsb5eifAfBfW1_4orch8backends5testss_17external_id_clone
FN:505,_RNvNtNtCsb5eifAfBfW1_4orch8backends5testss_24external_task_serializes
FN:404,_RNvNtNtCsb5eifAfBfW1_4orch8backends5testss_27update_status_is_idempotent
FN:486,_RNvNtNtCsb5eifAfBfW1_4orch8backends5testss_28status_serializes_snake_case
FN:492,_RNvNtNtCsb5eifAfBfW1_4orch8backends5testss_30status_deserializes_snake_case
FN:458,_RNvNtNtCsb5eifAfBfW1_4orch8backends5testss_37update_status_fails_after_max_retries
FN:366,_RNvNtNtCsb5eifAfBfW1_4orch8backends5testss_39update_status_replaces_single_old_label
FN:417,_RNvNtNtCsb5eifAfBfW1_4orch8backends5testss_45update_status_non_status_labels_are_preserved
FN:389,_RNvNtNtCsb5eifAfBfW1_4orch8backends5testss_48update_status_removes_multiple_old_status_labels
FN:437,_RNvNtNtCsb5eifAfBfW1_4orch8backends5testss_53update_status_retries_on_transient_set_labels_failure
FN:328,_RNvXs_NtNtCsb5eifAfBfW1_4orch8backends5testsNtB4_11MockBackendNtB6_15ExternalBackend10set_labels
FN:344,_RNvXs_NtNtCsb5eifAfBfW1_4orch8backends5testsNtB4_11MockBackendNtB6_15ExternalBackend12remove_label
FN:303,_RNvXs_NtNtCsb5eifAfBfW1_4orch8backends5testsNtB4_11MockBackendNtB6_15ExternalBackend8get_task
FN:138,_RNCNCNvYNtNtNtCsb5eifAfBfW1_4orch8backends5tests11MockBackendNtBa_15ExternalBackend13update_status00Bc_
FN:409,_RNCNCNvNtNtCsb5eifAfBfW1_4orch8backends5testss_27update_status_is_idempotent00B9_
FN:395,_RNCNCNvNtNtCsb5eifAfBfW1_4orch8backends5testss_48update_status_removes_multiple_old_status_labels00B9_
FN:350,_RNCNCNvXs_NtNtCsb5eifAfBfW1_4orch8backends5testsNtB8_11MockBackendNtBa_15ExternalBackend12remove_label00Bc_
FN:404,_RNCNvNtNtCsb5eifAfBfW1_4orch8backends5testss_27update_status_is_idempotent0B7_
FN:458,_RNCNvNtNtCsb5eifAfBfW1_4orch8backends5testss_37update_status_fails_after_max_retries0B7_
FN:366,_RNCNvNtNtCsb5eifAfBfW1_4orch8backends5testss_39update_status_replaces_single_old_label0B7_
FN:417,_RNCNvNtNtCsb5eifAfBfW1_4orch8backends5testss_45update_status_non_status_labels_are_preserved0B7_
FN:389,_RNCNvNtNtCsb5eifAfBfW1_4orch8backends5testss_48update_status_removes_multiple_old_status_labels0B7_
FN:437,_RNCNvNtNtCsb5eifAfBfW1_4orch8backends5testss_53update_status_retries_on_transient_set_labels_failure0B7_
FN:105,_RNvYNtNtNtCsb5eifAfBfW1_4orch8backends5tests11MockBackendNtB6_15ExternalBackend13update_statusB8_
FN:216,_RNvYNtNtNtCsb5eifAfBfW1_4orch8backends5tests11MockBackendNtB6_15ExternalBackend19ensure_status_labelB8_
FNDA:0,_RNCNCNvYpNtNtCs2uc3frWEf6x_4orch8backends15ExternalBackend13update_status00Bb_
FNDA:0,_RNvYpNtNtCs2uc3frWEf6x_4orch8backends15ExternalBackend12get_mentionsB7_
FNDA:0,_RNvYpNtNtCs2uc3frWEf6x_4orch8backends15ExternalBackend12is_pr_mergedB7_
FNDA:0,_RNvYpNtNtCs2uc3frWEf6x_4orch8backends15ExternalBackend13list_routableB7_
FNDA:0,_RNvYpNtNtCs2uc3frWEf6x_4orch8backends15ExternalBackend13update_statusB7_
FNDA:0,_RNvYpNtNtCs2uc3frWEf6x_4orch8backends15ExternalBackend15create_sub_taskB7_
FNDA:0,_RNvYpNtNtCs2uc3frWEf6x_4orch8backends15ExternalBackend19ensure_status_labelB7_
FNDA:0,_RNvYpNtNtCs2uc3frWEf6x_4orch8backends15ExternalBackend22get_authenticated_userB7_
FNDA:0,_RNvYpNtNtCs2uc3frWEf6x_4orch8backends15ExternalBackend25has_open_issue_with_titleB7_
FNDA:0,_RNvMNtCs2uc3frWEf6x_4orch8backendsNtB2_6Status8as_label
FNDA:0,_RNvXs_NtNtCsb5eifAfBfW1_4orch8backends5testsNtB4_11MockBackendNtB6_15ExternalBackend11create_task
FNDA:0,_RNvXs_NtNtCsb5eifAfBfW1_4orch8backends5testsNtB4_11MockBackendNtB6_15ExternalBackend12health_check
FNDA:0,_RNvXs_NtNtCsb5eifAfBfW1_4orch8backends5testsNtB4_11MockBackendNtB6_15ExternalBackend12post_comment
FNDA:0,_RNvXs_NtNtCsb5eifAfBfW1_4orch8backends5testsNtB4_11MockBackendNtB6_15ExternalBackend14get_sub_issues
FNDA:0,_RNvXs_NtNtCsb5eifAfBfW1_4orch8backends5testsNtB4_11MockBackendNtB6_15ExternalBackend14list_by_status
FNDA:0,_RNvXs_NtNtCsb5eifAfBfW1_4orch8backends5testsNtB4_11MockBackendNtB6_15ExternalBackend4name
FNDA:0,_RNvYpNtNtCsb5eifAfBfW1_4orch8backends15ExternalBackend12get_mentionsB7_
FNDA:0,_RNvYpNtNtCsb5eifAfBfW1_4orch8backends15ExternalBackend12is_pr_mergedB7_
FNDA:0,_RNvYpNtNtCsb5eifAfBfW1_4orch8backends15ExternalBackend13list_routableB7_
FNDA:0,_RNvYpNtNtCsb5eifAfBfW1_4orch8backends15ExternalBackend15create_sub_taskB7_
FNDA:0,_RNvYpNtNtCsb5eifAfBfW1_4orch8backends15ExternalBackend22get_authenticated_userB7_
FNDA:0,_RNvYpNtNtCsb5eifAfBfW1_4orch8backends15ExternalBackend25has_open_issue_with_titleB7_
FNDA:13,_RNvMNtCsb5eifAfBfW1_4orch8backendsNtB2_6Status8as_label
FNDA:6,_RNvMNtNtCsb5eifAfBfW1_4orch8backends5testsNtB2_11MockBackend11with_labels
FNDA:14,_RNvMNtNtCsb5eifAfBfW1_4orch8backends5testsNtB2_11MockBackend14current_labels
FNDA:1,_RNvNtNtCsb5eifAfBfW1_4orch8backends5testss_15status_as_label
FNDA:1,_RNvNtNtCsb5eifAfBfW1_4orch8backends5testss_17external_id_clone
FNDA:1,_RNvNtNtCsb5eifAfBfW1_4orch8backends5testss_24external_task_serializes
FNDA:1,_RNvNtNtCsb5eifAfBfW1_4orch8backends5testss_27update_status_is_idempotent
FNDA:1,_RNvNtNtCsb5eifAfBfW1_4orch8backends5testss_28status_serializes_snake_case
FNDA:1,_RNvNtNtCsb5eifAfBfW1_4orch8backends5testss_30status_deserializes_snake_case
FNDA:1,_RNvNtNtCsb5eifAfBfW1_4orch8backends5testss_37update_status_fails_after_max_retries
FNDA:1,_RNvNtNtCsb5eifAfBfW1_4orch8backends5testss_39update_status_replaces_single_old_label
FNDA:1,_RNvNtNtCsb5eifAfBfW1_4orch8backends5testss_45update_status_non_status_labels_are_preserved
FNDA:1,_RNvNtNtCsb5eifAfBfW1_4orch8backends5testss_48update_status_removes_multiple_old_status_labels
FNDA:1,_RNvNtNtCsb5eifAfBfW1_4orch8backends5testss_53update_status_retries_on_transient_set_labels_failure
FNDA:9,_RNvXs_NtNtCsb5eifAfBfW1_4orch8backends5testsNtB4_11MockBackendNtB6_15ExternalBackend10set_labels
FNDA:6,_RNvXs_NtNtCsb5eifAfBfW1_4orch8backends5testsNtB4_11MockBackendNtB6_15ExternalBackend12remove_label
FNDA:9,_RNvXs_NtNtCsb5eifAfBfW1_4orch8backends5testsNtB4_11MockBackendNtB6_15ExternalBackend8get_task
FNDA:11,_RNCNCNvYNtNtNtCsb5eifAfBfW1_4orch8backends5tests11MockBackendNtBa_15ExternalBackend13update_status00Bc_
FNDA:1,_RNCNCNvNtNtCsb5eifAfBfW1_4orch8backends5testss_27update_status_is_idempotent00B9_
FNDA:2,_RNCNCNvNtNtCsb5eifAfBfW1_4orch8backends5testss_48update_status_removes_multiple_old_status_labels00B9_
FNDA:12,_RNCNCNvXs_NtNtCsb5eifAfBfW1_4orch8backends5testsNtB8_11MockBackendNtBa_15ExternalBackend12remove_label00Bc_
FNDA:1,_RNCNvNtNtCsb5eifAfBfW1_4orch8backends5testss_27update_status_is_idempotent0B7_
FNDA:1,_RNCNvNtNtCsb5eifAfBfW1_4orch8backends5testss_37update_status_fails_after_max_retries0B7_
FNDA:1,_RNCNvNtNtCsb5eifAfBfW1_4orch8backends5testss_39update_status_replaces_single_old_label0B7_
FNDA:1,_RNCNvNtNtCsb5eifAfBfW1_4orch8backends5testss_45update_status_non_status_labels_are_preserved0B7_
FNDA:1,_RNCNvNtNtCsb5eifAfBfW1_4orch8backends5testss_48update_status_removes_multiple_old_status_labels0B7_
FNDA:1,_RNCNvNtNtCsb5eifAfBfW1_4orch8backends5testss_53update_status_retries_on_transient_set_labels_failure0B7_
FNDA:6,_RNvYNtNtNtCsb5eifAfBfW1_4orch8backends5tests11MockBackendNtB6_15ExternalBackend13update_statusB8_
FNDA:6,_RNvYNtNtNtCsb5eifAfBfW1_4orch8backends5tests11MockBackendNtB6_15ExternalBackend19ensure_status_labelB8_
FNF:41
FNH:29
DA:59,13
DA:60,13
DA:61,1
DA:62,1
DA:63,4
DA:64,4
DA:65,1
DA:66,1
DA:67,1
DA:69,13
DA:105,6
DA:138,11
DA:164,6
DA:172,0
DA:174,0
DA:204,0
DA:209,0
DA:216,6
DA:218,6
DA:225,0
DA:227,0
DA:235,0
DA:237,0
DA:242,0
DA:244,0
DA:249,0
DA:251,0
DA:275,6
DA:276,6
DA:277,6
DA:278,6
DA:279,6
DA:280,6
DA:281,6
DA:283,14
DA:284,14
DA:285,14
DA:290,0
DA:291,0
DA:292,0
DA:299,0
DA:301,0
DA:303,9
DA:315,9
DA:320,0
DA:322,0
DA:324,0
DA:326,0
DA:328,9
DA:342,9
DA:344,6
DA:350,12
DA:352,6
DA:354,0
DA:356,0
DA:358,0
DA:360,0
DA:366,1
DA:367,1
DA:368,1
DA:369,1
DA:370,1
DA:371,1
DA:372,1
DA:373,1
DA:374,1
DA:375,1
DA:376,0
DA:378,1
DA:379,1
DA:380,0
DA:382,1
DA:383,1
DA:384,1
DA:385,1
DA:386,1
DA:389,1
DA:391,1
DA:392,1
DA:393,1
DA:394,1
DA:395,2
DA:396,1
DA:397,1
DA:398,1
DA:399,1
DA:400,1
DA:401,1
DA:404,1
DA:405,1
DA:406,1
DA:407,1
DA:408,1
DA:409,1
DA:410,1
DA:411,1
DA:412,1
DA:413,1
DA:414,1
DA:417,1
DA:418,1
DA:419,1
DA:420,1
DA:421,1
DA:422,1
DA:423,1
DA:424,1
DA:425,1
DA:426,1
DA:427,1
DA:428,0
DA:430,1
DA:431,1
DA:432,1
DA:433,1
DA:434,1
DA:437,1
DA:438,1
DA:440,1
DA:441,1
DA:442,1
DA:443,1
DA:444,1
DA:445,1
DA:446,1
DA:447,1
DA:448,1
DA:449,0
DA:451,1
DA:452,1
DA:453,1
DA:454,1
DA:455,1
DA:458,1
DA:459,1
DA:461,1
DA:462,1
DA:463,1
DA:464,1
DA:465,1
DA:466,1
DA:467,1
DA:468,1
DA:469,1
DA:470,1
DA:471,1
DA:472,1
DA:475,1
DA:476,1
DA:477,1
DA:478,1
DA:479,1
DA:480,1
DA:481,1
DA:482,1
DA:483,1
DA:486,1
DA:487,1
DA:488,1
DA:489,1
DA:492,1
DA:493,1
DA:494,1
DA:495,1
DA:498,1
DA:499,1
DA:500,1
DA:501,1
DA:502,1
DA:505,1
DA:506,1
DA:507,1
DA:508,1
DA:509,1
DA:510,1
DA:511,1
DA:512,1
DA:513,1
DA:514,1
DA:515,1
DA:516,1
DA:517,1
DA:518,1
DA:519,1
DA:520,1
BRF:0
BRH:0
LF:213
LH:178
end_of_record
SF:/Users/gb/.orch/worktrees/orch/gh-task-258-ci-add-cargo-llvm-cov-coverage-tracking/src/channels/capture.rs
FN:202,_RNCNvMNtNtCs2uc3frWEf6x_4orch8channels7captureNtB4_14CaptureService11is_tracking0B8_
FN:207,_RNCNvMNtNtCs2uc3frWEf6x_4orch8channels7captureNtB4_14CaptureService16tracked_sessions0B8_
FN:202,_RNvMNtNtCs2uc3frWEf6x_4orch8channels7captureNtB2_14CaptureService11is_tracking
FN:55,_RNvMNtNtCs2uc3frWEf6x_4orch8channels7captureNtB2_14CaptureService13with_interval
FN:207,_RNvMNtNtCs2uc3frWEf6x_4orch8channels7captureNtB2_14CaptureService16tracked_sessions
FN:61,_RNCNvMNtNtCs2uc3frWEf6x_4orch8channels7captureNtB4_14CaptureService16register_session0B8_
FN:76,_RNCNvMNtNtCs2uc3frWEf6x_4orch8channels7captureNtB4_14CaptureService18unregister_session0B8_
FN:103,_RNCNvMNtNtCs2uc3frWEf6x_4orch8channels7captureNtB4_14CaptureService4tick0B8_
FN:89,_RNCNvMNtNtCs2uc3frWEf6x_4orch8channels7captureNtB4_14CaptureService5start0B8_
FN:61,_RNvMNtNtCs2uc3frWEf6x_4orch8channels7captureNtB2_14CaptureService16register_session
FN:76,_RNvMNtNtCs2uc3frWEf6x_4orch8channels7captureNtB2_14CaptureService18unregister_session
FN:46,_RNvMNtNtCs2uc3frWEf6x_4orch8channels7captureNtB2_14CaptureService3new
FN:103,_RNvMNtNtCs2uc3frWEf6x_4orch8channels7captureNtB2_14CaptureService4tick
FN:89,_RNvMNtNtCs2uc3frWEf6x_4orch8channels7captureNtB2_14CaptureService5start
FN:202,_RNCNvMNtNtCsb5eifAfBfW1_4orch8channels7captureNtB4_14CaptureService11is_tracking0B8_
FN:207,_RNCNvMNtNtCsb5eifAfBfW1_4orch8channels7captureNtB4_14CaptureService16tracked_sessions0B8_
FN:202,_RNvMNtNtCsb5eifAfBfW1_4orch8channels7captureNtB2_14CaptureService11is_tracking
FN:55,_RNvMNtNtCsb5eifAfBfW1_4orch8channels7captureNtB2_14CaptureService13with_interval
FN:207,_RNvMNtNtCsb5eifAfBfW1_4orch8channels7captureNtB2_14CaptureService16tracked_sessions
FN:61,_RNCNvMNtNtCsb5eifAfBfW1_4orch8channels7captureNtB4_14CaptureService16register_session0B8_
FN:76,_RNCNvMNtNtCsb5eifAfBfW1_4orch8channels7captureNtB4_14CaptureService18unregister_session0B8_
FN:103,_RNCNvMNtNtCsb5eifAfBfW1_4orch8channels7captureNtB4_14CaptureService4tick0B8_
FN:89,_RNCNvMNtNtCsb5eifAfBfW1_4orch8channels7captureNtB4_14CaptureService5start0B8_
FN:61,_RNvMNtNtCsb5eifAfBfW1_4orch8channels7captureNtB2_14CaptureService16register_session
FN:76,_RNvMNtNtCsb5eifAfBfW1_4orch8channels7captureNtB2_14CaptureService18unregister_session
FN:46,_RNvMNtNtCsb5eifAfBfW1_4orch8channels7captureNtB2_14CaptureService3new
FN:103,_RNvMNtNtCsb5eifAfBfW1_4orch8channels7captureNtB2_14CaptureService4tick
FN:89,_RNvMNtNtCsb5eifAfBfW1_4orch8channels7captureNtB2_14CaptureService5start
FNDA:0,_RNCNvMNtNtCs2uc3frWEf6x_4orch8channels7captureNtB4_14CaptureService11is_tracking0B8_
FNDA:0,_RNCNvMNtNtCs2uc3frWEf6x_4orch8channels7captureNtB4_14CaptureService16tracked_sessions0B8_
FNDA:0,_RNvMNtNtCs2uc3frWEf6x_4orch8channels7captureNtB2_14CaptureService11is_tracking
FNDA:0,_RNvMNtNtCs2uc3frWEf6x_4orch8channels7captureNtB2_14CaptureService13with_interval
FNDA:0,_RNvMNtNtCs2uc3frWEf6x_4orch8channels7captureNtB2_14CaptureService16tracked_sessions
FNDA:0,_RNCNvMNtNtCs2uc3frWEf6x_4orch8channels7captureNtB4_14CaptureService16register_session0B8_
FNDA:0,_RNCNvMNtNtCs2uc3frWEf6x_4orch8channels7captureNtB4_14CaptureService18unregister_session0B8_
FNDA:0,_RNCNvMNtNtCs2uc3frWEf6x_4orch8channels7captureNtB4_14CaptureService4tick0B8_
FNDA:0,_RNCNvMNtNtCs2uc3frWEf6x_4orch8channels7captureNtB4_14CaptureService5start0B8_
FNDA:0,_RNvMNtNtCs2uc3frWEf6x_4orch8channels7captureNtB2_14CaptureService16register_session
FNDA:0,_RNvMNtNtCs2uc3frWEf6x_4orch8channels7captureNtB2_14CaptureService18unregister_session
FNDA:0,_RNvMNtNtCs2uc3frWEf6x_4orch8channels7captureNtB2_14CaptureService3new
FNDA:0,_RNvMNtNtCs2uc3frWEf6x_4orch8channels7captureNtB2_14CaptureService4tick
FNDA:0,_RNvMNtNtCs2uc3frWEf6x_4orch8channels7captureNtB2_14CaptureService5start
FNDA:0,_RNCNvMNtNtCsb5eifAfBfW1_4orch8channels7captureNtB4_14CaptureService11is_tracking0B8_
FNDA:0,_RNCNvMNtNtCsb5eifAfBfW1_4orch8channels7captureNtB4_14CaptureService16tracked_sessions0B8_
FNDA:0,_RNvMNtNtCsb5eifAfBfW1_4orch8channels7captureNtB2_14CaptureService11is_tracking
FNDA:0,_RNvMNtNtCsb5eifAfBfW1_4orch8channels7captureNtB2_14CaptureService13with_interval
FNDA:0,_RNvMNtNtCsb5eifAfBfW1_4orch8channels7captureNtB2_14CaptureService16tracked_sessions
FNDA:0,_RNCNvMNtNtCsb5eifAfBfW1_4orch8channels7captureNtB4_14CaptureService16register_session0B8_
FNDA:0,_RNCNvMNtNtCsb5eifAfBfW1_4orch8channels7captureNtB4_14CaptureService18unregister_session0B8_
FNDA:0,_RNCNvMNtNtCsb5eifAfBfW1_4orch8channels7captureNtB4_14CaptureService4tick0B8_
FNDA:0,_RNCNvMNtNtCsb5eifAfBfW1_4orch8channels7captureNtB4_14CaptureService5start0B8_
FNDA:0,_RNvMNtNtCsb5eifAfBfW1_4orch8channels7captureNtB2_14CaptureService16register_session
FNDA:0,_RNvMNtNtCsb5eifAfBfW1_4orch8channels7captureNtB2_14CaptureService18unregister_session
FNDA:0,_RNvMNtNtCsb5eifAfBfW1_4orch8channels7captureNtB2_14CaptureService3new
FNDA:0,_RNvMNtNtCsb5eifAfBfW1_4orch8channels7captureNtB2_14CaptureService4tick
FNDA:0,_RNvMNtNtCsb5eifAfBfW1_4orch8channels7captureNtB2_14CaptureService5start
FNF:14
FNH:0
DA:46,0
DA:47,0
DA:48,0
DA:49,0
DA:50,0
DA:51,0
DA:52,0
DA:55,0
DA:56,0
DA:57,0
DA:58,0
DA:61,0
DA:62,0
DA:63,0
DA:64,0
DA:65,0
DA:66,0
DA:67,0
DA:68,0
DA:69,0
DA:70,0
DA:71,0
DA:72,0
DA:73,0
DA:76,0
DA:77,0
DA:78,0
DA:81,0
DA:83,0
DA:84,0
DA:89,0
DA:90,0
DA:91,0
DA:92,0
DA:94,0
DA:97,0
DA:98,0
DA:103,0
DA:104,0
DA:105,0
DA:106,0
DA:108,0
DA:110,0
DA:111,0
DA:112,0
DA:115,0
DA:116,0
DA:117,0
DA:119,0
DA:121,0
DA:122,0
DA:125,0
DA:126,0
DA:130,0
DA:131,0
DA:132,0
DA:133,0
DA:134,0
DA:136,0
DA:139,0
DA:142,0
DA:146,0
DA:147,0
DA:148,0
DA:149,0
DA:150,0
DA:151,0
DA:152,0
DA:153,0
DA:154,0
DA:157,0
DA:158,0
DA:159,0
DA:160,0
DA:161,0
DA:162,0
DA:164,0
DA:170,0
DA:171,0
DA:174,0
DA:177,0
DA:178,0
DA:179,0
DA:180,0
DA:181,0
DA:182,0
DA:183,0
DA:185,0
DA:188,0
DA:192,0
DA:197,0
DA:199,0
DA:202,0
DA:203,0
DA:204,0
DA:207,0
DA:208,0
DA:209,0
BRF:0
BRH:0
LF:104
LH:0
end_of_record
SF:/Users/gb/.orch/worktrees/orch/gh-task-258-ci-add-cargo-llvm-cov-coverage-tracking/src/channels/discord.rs
FN:177,_RNCNCNCNvXs_NtNtCs2uc3frWEf6x_4orch8channels7discordNtBa_14DiscordChannelNtBc_7Channel5start000Be_
FN:213,_RNCNCNvXs_NtNtCs2uc3frWEf6x_4orch8channels7discordNtB8_14DiscordChannelNtBa_7Channel4send00Bc_
FN:139,_RNCNCNvXs_NtNtCs2uc3frWEf6x_4orch8channels7discordNtB8_14DiscordChannelNtBa_7Channel5start00Bc_
FN:70,_RNCNvMNtNtCs2uc3frWEf6x_4orch8channels7discordNtB4_14DiscordChannel12get_messages0B8_
FN:93,_RNCNvMNtNtCs2uc3frWEf6x_4orch8channels7discordNtB4_14DiscordChannel12send_message0B8_
FN:66,_RNvMNtNtCs2uc3frWEf6x_4orch8channels7discordNtB2_14DiscordChannel12get_messages
FN:93,_RNvMNtNtCs2uc3frWEf6x_4orch8channels7discordNtB2_14DiscordChannel12send_message
FN:53,_RNvMNtNtCs2uc3frWEf6x_4orch8channels7discordNtB2_14DiscordChannel3new
FN:62,_RNvMNtNtCs2uc3frWEf6x_4orch8channels7discordNtB2_14DiscordChannel7api_url
FN:272,_RNvXs_NtNtCs2uc3frWEf6x_4orch8channels7discordNtB4_14DiscordChannelNtB6_7Channel12health_check
FN:222,_RNvXs_NtNtCs2uc3frWEf6x_4orch8channels7discordNtB4_14DiscordChannelNtB6_7Channel13stream_output
FN:118,_RNvXs_NtNtCs2uc3frWEf6x_4orch8channels7discordNtB4_14DiscordChannelNtB6_7Channel4name
FN:209,_RNvXs_NtNtCs2uc3frWEf6x_4orch8channels7discordNtB4_14DiscordChannelNtB6_7Channel4send
FN:122,_RNvXs_NtNtCs2uc3frWEf6x_4orch8channels7discordNtB4_14DiscordChannelNtB6_7Channel5start
FN:292,_RNvXs_NtNtCs2uc3frWEf6x_4orch8channels7discordNtB4_14DiscordChannelNtB6_7Channel8shutdown
FN:177,_RNCNCNCNvXs_NtNtCsb5eifAfBfW1_4orch8channels7discordNtBa_14DiscordChannelNtBc_7Channel5start000Be_
FN:213,_RNCNCNvXs_NtNtCsb5eifAfBfW1_4orch8channels7discordNtB8_14DiscordChannelNtBa_7Channel4send00Bc_
FN:139,_RNCNCNvXs_NtNtCsb5eifAfBfW1_4orch8channels7discordNtB8_14DiscordChannelNtBa_7Channel5start00Bc_
FN:70,_RNCNvMNtNtCsb5eifAfBfW1_4orch8channels7discordNtB4_14DiscordChannel12get_messages0B8_
FN:93,_RNCNvMNtNtCsb5eifAfBfW1_4orch8channels7discordNtB4_14DiscordChannel12send_message0B8_
FN:66,_RNvMNtNtCsb5eifAfBfW1_4orch8channels7discordNtB2_14DiscordChannel12get_messages
FN:93,_RNvMNtNtCsb5eifAfBfW1_4orch8channels7discordNtB2_14DiscordChannel12send_message
FN:53,_RNvMNtNtCsb5eifAfBfW1_4orch8channels7discordNtB2_14DiscordChannel3new
FN:62,_RNvMNtNtCsb5eifAfBfW1_4orch8channels7discordNtB2_14DiscordChannel7api_url
FN:272,_RNvXs_NtNtCsb5eifAfBfW1_4orch8channels7discordNtB4_14DiscordChannelNtB6_7Channel12health_check
FN:222,_RNvXs_NtNtCsb5eifAfBfW1_4orch8channels7discordNtB4_14DiscordChannelNtB6_7Channel13stream_output
FN:118,_RNvXs_NtNtCsb5eifAfBfW1_4orch8channels7discordNtB4_14DiscordChannelNtB6_7Channel4name
FN:209,_RNvXs_NtNtCsb5eifAfBfW1_4orch8channels7discordNtB4_14DiscordChannelNtB6_7Channel4send
FN:122,_RNvXs_NtNtCsb5eifAfBfW1_4orch8channels7discordNtB4_14DiscordChannelNtB6_7Channel5start
FN:292,_RNvXs_NtNtCsb5eifAfBfW1_4orch8channels7discordNtB4_14DiscordChannelNtB6_7Channel8shutdown
FNDA:0,_RNCNCNCNvXs_NtNtCs2uc3frWEf6x_4orch8channels7discordNtBa_14DiscordChannelNtBc_7Channel5start000Be_
FNDA:0,_RNCNCNvXs_NtNtCs2uc3frWEf6x_4orch8channels7discordNtB8_14DiscordChannelNtBa_7Channel4send00Bc_
FNDA:0,_RNCNCNvXs_NtNtCs2uc3frWEf6x_4orch8channels7discordNtB8_14DiscordChannelNtBa_7Channel5start00Bc_
FNDA:0,_RNCNvMNtNtCs2uc3frWEf6x_4orch8channels7discordNtB4_14DiscordChannel12get_messages0B8_
FNDA:0,_RNCNvMNtNtCs2uc3frWEf6x_4orch8channels7discordNtB4_14DiscordChannel12send_message0B8_
FNDA:0,_RNvMNtNtCs2uc3frWEf6x_4orch8channels7discordNtB2_14DiscordChannel12get_messages
FNDA:0,_RNvMNtNtCs2uc3frWEf6x_4orch8channels7discordNtB2_14DiscordChannel12send_message
FNDA:0,_RNvMNtNtCs2uc3frWEf6x_4orch8channels7discordNtB2_14DiscordChannel3new
FNDA:0,_RNvMNtNtCs2uc3frWEf6x_4orch8channels7discordNtB2_14DiscordChannel7api_url
FNDA:0,_RNvXs_NtNtCs2uc3frWEf6x_4orch8channels7discordNtB4_14DiscordChannelNtB6_7Channel12health_check
FNDA:0,_RNvXs_NtNtCs2uc3frWEf6x_4orch8channels7discordNtB4_14DiscordChannelNtB6_7Channel13stream_output
FNDA:0,_RNvXs_NtNtCs2uc3frWEf6x_4orch8channels7discordNtB4_14DiscordChannelNtB6_7Channel4name
FNDA:0,_RNvXs_NtNtCs2uc3frWEf6x_4orch8channels7discordNtB4_14DiscordChannelNtB6_7Channel4send
FNDA:0,_RNvXs_NtNtCs2uc3frWEf6x_4orch8channels7discordNtB4_14DiscordChannelNtB6_7Channel5start
FNDA:0,_RNvXs_NtNtCs2uc3frWEf6x_4orch8channels7discordNtB4_14DiscordChannelNtB6_7Channel8shutdown
FNDA:0,_RNCNCNCNvXs_NtNtCsb5eifAfBfW1_4orch8channels7discordNtBa_14DiscordChannelNtBc_7Channel5start000Be_
FNDA:0,_RNCNCNvXs_NtNtCsb5eifAfBfW1_4orch8channels7discordNtB8_14DiscordChannelNtBa_7Channel4send00Bc_
FNDA:0,_RNCNCNvXs_NtNtCsb5eifAfBfW1_4orch8channels7discordNtB8_14DiscordChannelNtBa_7Channel5start00Bc_
FNDA:0,_RNCNvMNtNtCsb5eifAfBfW1_4orch8channels7discordNtB4_14DiscordChannel12get_messages0B8_
FNDA:0,_RNCNvMNtNtCsb5eifAfBfW1_4orch8channels7discordNtB4_14DiscordChannel12send_message0B8_
FNDA:0,_RNvMNtNtCsb5eifAfBfW1_4orch8channels7discordNtB2_14DiscordChannel12get_messages
FNDA:0,_RNvMNtNtCsb5eifAfBfW1_4orch8channels7discordNtB2_14DiscordChannel12send_message
FNDA:0,_RNvMNtNtCsb5eifAfBfW1_4orch8channels7discordNtB2_14DiscordChannel3new
FNDA:0,_RNvMNtNtCsb5eifAfBfW1_4orch8channels7discordNtB2_14DiscordChannel7api_url
FNDA:0,_RNvXs_NtNtCsb5eifAfBfW1_4orch8channels7discordNtB4_14DiscordChannelNtB6_7Channel12health_check
FNDA:0,_RNvXs_NtNtCsb5eifAfBfW1_4orch8channels7discordNtB4_14DiscordChannelNtB6_7Channel13stream_output
FNDA:0,_RNvXs_NtNtCsb5eifAfBfW1_4orch8channels7discordNtB4_14DiscordChannelNtB6_7Channel4name
FNDA:0,_RNvXs_NtNtCsb5eifAfBfW1_4orch8channels7discordNtB4_14DiscordChannelNtB6_7Channel4send
FNDA:0,_RNvXs_NtNtCsb5eifAfBfW1_4orch8channels7discordNtB4_14DiscordChannelNtB6_7Channel5start
FNDA:0,_RNvXs_NtNtCsb5eifAfBfW1_4orch8channels7discordNtB4_14DiscordChannelNtB6_7Channel8shutdown
FNF:15
FNH:0
DA:53,0
DA:54,0
DA:55,0
DA:56,0
DA:57,0
DA:58,0
DA:59,0
DA:60,0
DA:62,0
DA:63,0
DA:64,0
DA:66,0
DA:67,0
DA:68,0
DA:69,0
DA:70,0
DA:71,0
DA:73,0
DA:74,0
DA:75,0
DA:77,0
DA:78,0
DA:79,0
DA:80,0
DA:81,0
DA:82,0
DA:84,0
DA:85,0
DA:86,0
DA:87,0
DA:89,0
DA:90,0
DA:91,0
DA:93,0
DA:94,0
DA:96,0
DA:97,0
DA:98,0
DA:99,0
DA:100,0
DA:101,0
DA:102,0
DA:103,0
DA:104,0
DA:105,0
DA:107,0
DA:108,0
DA:109,0
DA:110,0
DA:112,0
DA:113,0
DA:118,0
DA:119,0
DA:120,0
DA:122,0
DA:139,0
DA:140,0
DA:143,0
DA:145,0
DA:146,0
DA:147,0
DA:151,0
DA:152,0
DA:153,0
DA:154,0
DA:155,0
DA:156,0
DA:157,0
DA:158,0
DA:159,0
DA:160,0
DA:161,0
DA:167,0
DA:169,0
DA:170,0
DA:171,0
DA:176,0
DA:177,0
DA:178,0
DA:179,0
DA:183,0
DA:184,0
DA:185,0
DA:188,0
DA:189,0
DA:190,0
DA:191,0
DA:192,0
DA:193,0
DA:194,0
DA:195,0
DA:196,0
DA:198,0
DA:199,0
DA:200,0
DA:201,0
DA:204,0
DA:207,0
DA:209,0
DA:213,0
DA:216,0
DA:222,0
DA:223,0
DA:270,0
DA:272,0
DA:290,0
DA:292,0
DA:294,0
BRF:0
BRH:0
LF:111
LH:0
end_of_record
SF:/Users/gb/.orch/worktrees/orch/gh-task-258-ci-add-cargo-llvm-cov-coverage-tracking/src/channels/github.rs
FN:178,_RNCNCNCNvXs_NtNtCs2uc3frWEf6x_4orch8channels6githubNtBa_13GitHubChannelNtBc_7Channel5start000Be_
FN:179,_RNCNCNCNvXs_NtNtCs2uc3frWEf6x_4orch8channels6githubNtBa_13GitHubChannelNtBc_7Channel5start00s_0Be_
FN:235,_RNCNCNvXs_NtNtCs2uc3frWEf6x_4orch8channels6githubNtB8_13GitHubChannelNtBa_7Channel13stream_output00Bc_
FN:223,_RNCNCNvXs_NtNtCs2uc3frWEf6x_4orch8channels6githubNtB8_13GitHubChannelNtBa_7Channel4send00Bc_
FN:143,_RNCNCNvXs_NtNtCs2uc3frWEf6x_4orch8channels6githubNtB8_13GitHubChannelNtBa_7Channel5start00Bc_
FN:100,_RNCNvMNtNtCs2uc3frWEf6x_4orch8channels6githubNtB4_13GitHubChannel12post_comment0B8_
FN:75,_RNCNvMNtNtCs2uc3frWEf6x_4orch8channels6githubNtB4_13GitHubChannel14fetch_comments0B8_
FN:50,_RNCNvMNtNtCs2uc3frWEf6x_4orch8channels6githubNtB4_13GitHubChannel24fetch_in_progress_issues0B8_
FN:100,_RNvMNtNtCs2uc3frWEf6x_4orch8channels6githubNtB2_13GitHubChannel12post_comment
FN:75,_RNvMNtNtCs2uc3frWEf6x_4orch8channels6githubNtB2_13GitHubChannel14fetch_comments
FN:50,_RNvMNtNtCs2uc3frWEf6x_4orch8channels6githubNtB2_13GitHubChannel24fetch_in_progress_issues
FN:38,_RNvMNtNtCs2uc3frWEf6x_4orch8channels6githubNtB2_13GitHubChannel3new
FN:46,_RNvMNtNtCs2uc3frWEf6x_4orch8channels6githubNtB2_13GitHubChannel6gh_api
FN:281,_RNvXs_NtNtCs2uc3frWEf6x_4orch8channels6githubNtB4_13GitHubChannelNtB6_7Channel12health_check
FN:232,_RNvXs_NtNtCs2uc3frWEf6x_4orch8channels6githubNtB4_13GitHubChannelNtB6_7Channel13stream_output
FN:131,_RNvXs_NtNtCs2uc3frWEf6x_4orch8channels6githubNtB4_13GitHubChannelNtB6_7Channel4name
FN:219,_RNvXs_NtNtCs2uc3frWEf6x_4orch8channels6githubNtB4_13GitHubChannelNtB6_7Channel4send
FN:135,_RNvXs_NtNtCs2uc3frWEf6x_4orch8channels6githubNtB4_13GitHubChannelNtB6_7Channel5start
FN:295,_RNvXs_NtNtCs2uc3frWEf6x_4orch8channels6githubNtB4_13GitHubChannelNtB6_7Channel8shutdown
FN:488,_RNCNCNvNtNtCs2uc3frWEf6x_4orch8channels6github14handle_webhook00B9_
FN:506,_RNCNCNvNtNtCs2uc3frWEf6x_4orch8channels6github14handle_webhook0s_0B9_
FN:485,_RNCNvNtNtCs2uc3frWEf6x_4orch8channels6github14handle_webhook0B7_
FN:518,_RNCNvNtNtCs2uc3frWEf6x_4orch8channels6github14webhook_health0B7_
FN:390,_RNCNvNtNtCs2uc3frWEf6x_4orch8channels6github18parse_github_event0B7_
FN:463,_RNCNvNtNtCs2uc3frWEf6x_4orch8channels6github18parse_github_events_0B7_
FN:527,_RNCNvNtNtCs2uc3frWEf6x_4orch8channels6github20check_webhook_health0B7_
FN:550,_RNCNvNtNtCs2uc3frWEf6x_4orch8channels6github20start_webhook_server0B7_
FN:481,_RNvNtNtCs2uc3frWEf6x_4orch8channels6github14handle_webhook
FN:518,_RNvNtNtCs2uc3frWEf6x_4orch8channels6github14webhook_health
FN:366,_RNvNtNtCs2uc3frWEf6x_4orch8channels6github16verify_signature
FN:379,_RNvNtNtCs2uc3frWEf6x_4orch8channels6github18parse_github_event
FN:527,_RNvNtNtCs2uc3frWEf6x_4orch8channels6github20check_webhook_health
FN:545,_RNvNtNtCs2uc3frWEf6x_4orch8channels6github20start_webhook_server
FN:178,_RNCNCNCNvXs_NtNtCsb5eifAfBfW1_4orch8channels6githubNtBa_13GitHubChannelNtBc_7Channel5start000Be_
FN:179,_RNCNCNCNvXs_NtNtCsb5eifAfBfW1_4orch8channels6githubNtBa_13GitHubChannelNtBc_7Channel5start00s_0Be_
FN:235,_RNCNCNvXs_NtNtCsb5eifAfBfW1_4orch8channels6githubNtB8_13GitHubChannelNtBa_7Channel13stream_output00Bc_
FN:223,_RNCNCNvXs_NtNtCsb5eifAfBfW1_4orch8channels6githubNtB8_13GitHubChannelNtBa_7Channel4send00Bc_
FN:143,_RNCNCNvXs_NtNtCsb5eifAfBfW1_4orch8channels6githubNtB8_13GitHubChannelNtBa_7Channel5start00Bc_
FN:100,_RNCNvMNtNtCsb5eifAfBfW1_4orch8channels6githubNtB4_13GitHubChannel12post_comment0B8_
FN:75,_RNCNvMNtNtCsb5eifAfBfW1_4orch8channels6githubNtB4_13GitHubChannel14fetch_comments0B8_
FN:50,_RNCNvMNtNtCsb5eifAfBfW1_4orch8channels6githubNtB4_13GitHubChannel24fetch_in_progress_issues0B8_
FN:100,_RNvMNtNtCsb5eifAfBfW1_4orch8channels6githubNtB2_13GitHubChannel12post_comment
FN:75,_RNvMNtNtCsb5eifAfBfW1_4orch8channels6githubNtB2_13GitHubChannel14fetch_comments
FN:50,_RNvMNtNtCsb5eifAfBfW1_4orch8channels6githubNtB2_13GitHubChannel24fetch_in_progress_issues
FN:38,_RNvMNtNtCsb5eifAfBfW1_4orch8channels6githubNtB2_13GitHubChannel3new
FN:46,_RNvMNtNtCsb5eifAfBfW1_4orch8channels6githubNtB2_13GitHubChannel6gh_api
FN:281,_RNvXs_NtNtCsb5eifAfBfW1_4orch8channels6githubNtB4_13GitHubChannelNtB6_7Channel12health_check
FN:232,_RNvXs_NtNtCsb5eifAfBfW1_4orch8channels6githubNtB4_13GitHubChannelNtB6_7Channel13stream_output
FN:131,_RNvXs_NtNtCsb5eifAfBfW1_4orch8channels6githubNtB4_13GitHubChannelNtB6_7Channel4name
FN:219,_RNvXs_NtNtCsb5eifAfBfW1_4orch8channels6githubNtB4_13GitHubChannelNtB6_7Channel4send
FN:135,_RNvXs_NtNtCsb5eifAfBfW1_4orch8channels6githubNtB4_13GitHubChannelNtB6_7Channel5start
FN:295,_RNvXs_NtNtCsb5eifAfBfW1_4orch8channels6githubNtB4_13GitHubChannelNtB6_7Channel8shutdown
FN:481,_RNvNtNtCsb5eifAfBfW1_4orch8channels6github14handle_webhook
FN:518,_RNvNtNtCsb5eifAfBfW1_4orch8channels6github14webhook_health
FN:366,_RNvNtNtCsb5eifAfBfW1_4orch8channels6github16verify_signature
FN:379,_RNvNtNtCsb5eifAfBfW1_4orch8channels6github18parse_github_event
FN:527,_RNvNtNtCsb5eifAfBfW1_4orch8channels6github20check_webhook_health
FN:545,_RNvNtNtCsb5eifAfBfW1_4orch8channels6github20start_webhook_server
FN:929,_RNCNvNtNtNtCsb5eifAfBfW1_4orch8channels6github5testss_34test_webhook_handler_issue_comment0B9_
FN:876,_RNCNvNtNtNtCsb5eifAfBfW1_4orch8channels6github5testss_34test_webhook_handler_issues_opened0B9_
FN:980,_RNCNvNtNtNtCsb5eifAfBfW1_4orch8channels6github5testss_40test_webhook_handler_pr_review_submitted0B9_
FN:1033,_RNCNvNtNtNtCsb5eifAfBfW1_4orch8channels6github5testss_46test_webhook_handler_rejects_invalid_signature0B9_
FN:488,_RNCNCNvNtNtCsb5eifAfBfW1_4orch8channels6github14handle_webhook00B9_
FN:506,_RNCNCNvNtNtCsb5eifAfBfW1_4orch8channels6github14handle_webhook0s_0B9_
FN:485,_RNCNvNtNtCsb5eifAfBfW1_4orch8channels6github14handle_webhook0B7_
FN:518,_RNCNvNtNtCsb5eifAfBfW1_4orch8channels6github14webhook_health0B7_
FN:390,_RNCNvNtNtCsb5eifAfBfW1_4orch8channels6github18parse_github_event0B7_
FN:463,_RNCNvNtNtCsb5eifAfBfW1_4orch8channels6github18parse_github_events_0B7_
FN:527,_RNCNvNtNtCsb5eifAfBfW1_4orch8channels6github20check_webhook_health0B7_
FN:550,_RNCNvNtNtCsb5eifAfBfW1_4orch8channels6github20start_webhook_server0B7_
FN:572,_RNvNtNtNtCsb5eifAfBfW1_4orch8channels6github5testss_27test_verify_signature_valid
FN:856,_RNvNtNtNtCsb5eifAfBfW1_4orch8channels6github5testss_29test_verify_signature_correct
FN:582,_RNvNtNtNtCsb5eifAfBfW1_4orch8channels6github5testss_29test_verify_signature_invalid
FN:656,_RNvNtNtNtCsb5eifAfBfW1_4orch8channels6github5testss_33test_parse_github_event_pr_opened
FN:592,_RNvNtNtNtCsb5eifAfBfW1_4orch8channels6github5testss_34test_verify_signature_empty_secret
FN:929,_RNvNtNtNtCsb5eifAfBfW1_4orch8channels6github5testss_34test_webhook_handler_issue_comment
FN:876,_RNvNtNtNtCsb5eifAfBfW1_4orch8channels6github5testss_34test_webhook_handler_issues_opened
FN:602,_RNvNtNtNtCsb5eifAfBfW1_4orch8channels6github5testss_36test_parse_github_event_issue_opened
FN:720,_RNvNtNtNtCsb5eifAfBfW1_4orch8channels6github5testss_36test_parse_github_event_unknown_type
FN:734,_RNvNtNtNtCsb5eifAfBfW1_4orch8channels6github5testss_37test_parse_github_event_issue_comment
FN:626,_RNvNtNtNtCsb5eifAfBfW1_4orch8channels6github5testss_37test_parse_github_event_issue_labeled
FN:702,_RNvNtNtNtCsb5eifAfBfW1_4orch8channels6github5testss_38test_parse_github_event_ignored_action
FN:680,_RNvNtNtNtCsb5eifAfBfW1_4orch8channels6github5testss_38test_parse_github_event_pr_synchronize
FN:980,_RNvNtNtNtCsb5eifAfBfW1_4orch8channels6github5testss_40test_webhook_handler_pr_review_submitted
FN:794,_RNvNtNtNtCsb5eifAfBfW1_4orch8channels6github5testss_43test_parse_github_event_pr_review_submitted
FN:1033,_RNvNtNtNtCsb5eifAfBfW1_4orch8channels6github5testss_46test_webhook_handler_rejects_invalid_signature
FN:830,_RNvNtNtNtCsb5eifAfBfW1_4orch8channels6github5testss_55test_parse_github_event_pr_review_non_submitted_ignored
FN:773,_RNvNtNtNtCsb5eifAfBfW1_4orch8channels6github5testss_59test_parse_github_event_issue_comment_without_issue_ignored
FNDA:0,_RNCNCNCNvXs_NtNtCs2uc3frWEf6x_4orch8channels6githubNtBa_13GitHubChannelNtBc_7Channel5start000Be_
FNDA:0,_RNCNCNCNvXs_NtNtCs2uc3frWEf6x_4orch8channels6githubNtBa_13GitHubChannelNtBc_7Channel5start00s_0Be_
FNDA:0,_RNCNCNvXs_NtNtCs2uc3frWEf6x_4orch8channels6githubNtB8_13GitHubChannelNtBa_7Channel13stream_output00Bc_
FNDA:0,_RNCNCNvXs_NtNtCs2uc3frWEf6x_4orch8channels6githubNtB8_13GitHubChannelNtBa_7Channel4send00Bc_
FNDA:0,_RNCNCNvXs_NtNtCs2uc3frWEf6x_4orch8channels6githubNtB8_13GitHubChannelNtBa_7Channel5start00Bc_
FNDA:0,_RNCNvMNtNtCs2uc3frWEf6x_4orch8channels6githubNtB4_13GitHubChannel12post_comment0B8_
FNDA:0,_RNCNvMNtNtCs2uc3frWEf6x_4orch8channels6githubNtB4_13GitHubChannel14fetch_comments0B8_
FNDA:0,_RNCNvMNtNtCs2uc3frWEf6x_4orch8channels6githubNtB4_13GitHubChannel24fetch_in_progress_issues0B8_
FNDA:0,_RNvMNtNtCs2uc3frWEf6x_4orch8channels6githubNtB2_13GitHubChannel12post_comment
FNDA:0,_RNvMNtNtCs2uc3frWEf6x_4orch8channels6githubNtB2_13GitHubChannel14fetch_comments
FNDA:0,_RNvMNtNtCs2uc3frWEf6x_4orch8channels6githubNtB2_13GitHubChannel24fetch_in_progress_issues
FNDA:0,_RNvMNtNtCs2uc3frWEf6x_4orch8channels6githubNtB2_13GitHubChannel3new
FNDA:0,_RNvMNtNtCs2uc3frWEf6x_4orch8channels6githubNtB2_13GitHubChannel6gh_api
FNDA:0,_RNvXs_NtNtCs2uc3frWEf6x_4orch8channels6githubNtB4_13GitHubChannelNtB6_7Channel12health_check
FNDA:0,_RNvXs_NtNtCs2uc3frWEf6x_4orch8channels6githubNtB4_13GitHubChannelNtB6_7Channel13stream_output
FNDA:0,_RNvXs_NtNtCs2uc3frWEf6x_4orch8channels6githubNtB4_13GitHubChannelNtB6_7Channel4name
FNDA:0,_RNvXs_NtNtCs2uc3frWEf6x_4orch8channels6githubNtB4_13GitHubChannelNtB6_7Channel4send
FNDA:0,_RNvXs_NtNtCs2uc3frWEf6x_4orch8channels6githubNtB4_13GitHubChannelNtB6_7Channel5start
FNDA:0,_RNvXs_NtNtCs2uc3frWEf6x_4orch8channels6githubNtB4_13GitHubChannelNtB6_7Channel8shutdown
FNDA:0,_RNCNCNvNtNtCs2uc3frWEf6x_4orch8channels6github14handle_webhook00B9_
FNDA:0,_RNCNCNvNtNtCs2uc3frWEf6x_4orch8channels6github14handle_webhook0s_0B9_
FNDA:0,_RNCNvNtNtCs2uc3frWEf6x_4orch8channels6github14handle_webhook0B7_
FNDA:0,_RNCNvNtNtCs2uc3frWEf6x_4orch8channels6github14webhook_health0B7_
FNDA:0,_RNCNvNtNtCs2uc3frWEf6x_4orch8channels6github18parse_github_event0B7_
FNDA:0,_RNCNvNtNtCs2uc3frWEf6x_4orch8channels6github18parse_github_events_0B7_
FNDA:0,_RNCNvNtNtCs2uc3frWEf6x_4orch8channels6github20check_webhook_health0B7_
FNDA:0,_RNCNvNtNtCs2uc3frWEf6x_4orch8channels6github20start_webhook_server0B7_
FNDA:0,_RNvNtNtCs2uc3frWEf6x_4orch8channels6github14handle_webhook
FNDA:0,_RNvNtNtCs2uc3frWEf6x_4orch8channels6github14webhook_health
FNDA:0,_RNvNtNtCs2uc3frWEf6x_4orch8channels6github16verify_signature
FNDA:0,_RNvNtNtCs2uc3frWEf6x_4orch8channels6github18parse_github_event
FNDA:0,_RNvNtNtCs2uc3frWEf6x_4orch8channels6github20check_webhook_health
FNDA:0,_RNvNtNtCs2uc3frWEf6x_4orch8channels6github20start_webhook_server
FNDA:0,_RNCNCNCNvXs_NtNtCsb5eifAfBfW1_4orch8channels6githubNtBa_13GitHubChannelNtBc_7Channel5start000Be_
FNDA:0,_RNCNCNCNvXs_NtNtCsb5eifAfBfW1_4orch8channels6githubNtBa_13GitHubChannelNtBc_7Channel5start00s_0Be_
FNDA:0,_RNCNCNvXs_NtNtCsb5eifAfBfW1_4orch8channels6githubNtB8_13GitHubChannelNtBa_7Channel13stream_output00Bc_
FNDA:0,_RNCNCNvXs_NtNtCsb5eifAfBfW1_4orch8channels6githubNtB8_13GitHubChannelNtBa_7Channel4send00Bc_
FNDA:0,_RNCNCNvXs_NtNtCsb5eifAfBfW1_4orch8channels6githubNtB8_13GitHubChannelNtBa_7Channel5start00Bc_
FNDA:0,_RNCNvMNtNtCsb5eifAfBfW1_4orch8channels6githubNtB4_13GitHubChannel12post_comment0B8_
FNDA:0,_RNCNvMNtNtCsb5eifAfBfW1_4orch8channels6githubNtB4_13GitHubChannel14fetch_comments0B8_
FNDA:0,_RNCNvMNtNtCsb5eifAfBfW1_4orch8channels6githubNtB4_13GitHubChannel24fetch_in_progress_issues0B8_
FNDA:0,_RNvMNtNtCsb5eifAfBfW1_4orch8channels6githubNtB2_13GitHubChannel12post_comment
FNDA:0,_RNvMNtNtCsb5eifAfBfW1_4orch8channels6githubNtB2_13GitHubChannel14fetch_comments
FNDA:0,_RNvMNtNtCsb5eifAfBfW1_4orch8channels6githubNtB2_13GitHubChannel24fetch_in_progress_issues
FNDA:0,_RNvMNtNtCsb5eifAfBfW1_4orch8channels6githubNtB2_13GitHubChannel3new
FNDA:0,_RNvMNtNtCsb5eifAfBfW1_4orch8channels6githubNtB2_13GitHubChannel6gh_api
FNDA:0,_RNvXs_NtNtCsb5eifAfBfW1_4orch8channels6githubNtB4_13GitHubChannelNtB6_7Channel12health_check
FNDA:0,_RNvXs_NtNtCsb5eifAfBfW1_4orch8channels6githubNtB4_13GitHubChannelNtB6_7Channel13stream_output
FNDA:0,_RNvXs_NtNtCsb5eifAfBfW1_4orch8channels6githubNtB4_13GitHubChannelNtB6_7Channel4name
FNDA:0,_RNvXs_NtNtCsb5eifAfBfW1_4orch8channels6githubNtB4_13GitHubChannelNtB6_7Channel4send
FNDA:0,_RNvXs_NtNtCsb5eifAfBfW1_4orch8channels6githubNtB4_13GitHubChannelNtB6_7Channel5start
FNDA:0,_RNvXs_NtNtCsb5eifAfBfW1_4orch8channels6githubNtB4_13GitHubChannelNtB6_7Channel8shutdown
FNDA:4,_RNvNtNtCsb5eifAfBfW1_4orch8channels6github14handle_webhook
FNDA:0,_RNvNtNtCsb5eifAfBfW1_4orch8channels6github14webhook_health
FNDA:5,_RNvNtNtCsb5eifAfBfW1_4orch8channels6github16verify_signature
FNDA:13,_RNvNtNtCsb5eifAfBfW1_4orch8channels6github18parse_github_event
FNDA:0,_RNvNtNtCsb5eifAfBfW1_4orch8channels6github20check_webhook_health
FNDA:0,_RNvNtNtCsb5eifAfBfW1_4orch8channels6github20start_webhook_server
FNDA:1,_RNCNvNtNtNtCsb5eifAfBfW1_4orch8channels6github5testss_34test_webhook_handler_issue_comment0B9_
FNDA:1,_RNCNvNtNtNtCsb5eifAfBfW1_4orch8channels6github5testss_34test_webhook_handler_issues_opened0B9_
FNDA:1,_RNCNvNtNtNtCsb5eifAfBfW1_4orch8channels6github5testss_40test_webhook_handler_pr_review_submitted0B9_
FNDA:1,_RNCNvNtNtNtCsb5eifAfBfW1_4orch8channels6github5testss_46test_webhook_handler_rejects_invalid_signature0B9_
FNDA:1,_RNCNCNvNtNtCsb5eifAfBfW1_4orch8channels6github14handle_webhook00B9_
FNDA:3,_RNCNCNvNtNtCsb5eifAfBfW1_4orch8channels6github14handle_webhook0s_0B9_
FNDA:4,_RNCNvNtNtCsb5eifAfBfW1_4orch8channels6github14handle_webhook0B7_
FNDA:0,_RNCNvNtNtCsb5eifAfBfW1_4orch8channels6github14webhook_health0B7_
FNDA:3,_RNCNvNtNtCsb5eifAfBfW1_4orch8channels6github18parse_github_event0B7_
FNDA:0,_RNCNvNtNtCsb5eifAfBfW1_4orch8channels6github18parse_github_events_0B7_
FNDA:0,_RNCNvNtNtCsb5eifAfBfW1_4orch8channels6github20check_webhook_health0B7_
FNDA:0,_RNCNvNtNtCsb5eifAfBfW1_4orch8channels6github20start_webhook_server0B7_
FNDA:1,_RNvNtNtNtCsb5eifAfBfW1_4orch8channels6github5testss_27test_verify_signature_valid
FNDA:1,_RNvNtNtNtCsb5eifAfBfW1_4orch8channels6github5testss_29test_verify_signature_correct
FNDA:1,_RNvNtNtNtCsb5eifAfBfW1_4orch8channels6github5testss_29test_verify_signature_invalid
FNDA:1,_RNvNtNtNtCsb5eifAfBfW1_4orch8channels6github5testss_33test_parse_github_event_pr_opened
FNDA:1,_RNvNtNtNtCsb5eifAfBfW1_4orch8channels6github5testss_34test_verify_signature_empty_secret
FNDA:1,_RNvNtNtNtCsb5eifAfBfW1_4orch8channels6github5testss_34test_webhook_handler_issue_comment
FNDA:1,_RNvNtNtNtCsb5eifAfBfW1_4orch8channels6github5testss_34test_webhook_handler_issues_opened
FNDA:1,_RNvNtNtNtCsb5eifAfBfW1_4orch8channels6github5testss_36test_parse_github_event_issue_opened
FNDA:1,_RNvNtNtNtCsb5eifAfBfW1_4orch8channels6github5testss_36test_parse_github_event_unknown_type
FNDA:1,_RNvNtNtNtCsb5eifAfBfW1_4orch8channels6github5testss_37test_parse_github_event_issue_comment
FNDA:1,_RNvNtNtNtCsb5eifAfBfW1_4orch8channels6github5testss_37test_parse_github_event_issue_labeled
FNDA:1,_RNvNtNtNtCsb5eifAfBfW1_4orch8channels6github5testss_38test_parse_github_event_ignored_action
FNDA:1,_RNvNtNtNtCsb5eifAfBfW1_4orch8channels6github5testss_38test_parse_github_event_pr_synchronize
FNDA:1,_RNvNtNtNtCsb5eifAfBfW1_4orch8channels6github5testss_40test_webhook_handler_pr_review_submitted
FNDA:1,_RNvNtNtNtCsb5eifAfBfW1_4orch8channels6github5testss_43test_parse_github_event_pr_review_submitted
FNDA:1,_RNvNtNtNtCsb5eifAfBfW1_4orch8channels6github5testss_46test_webhook_handler_rejects_invalid_signature
FNDA:1,_RNvNtNtNtCsb5eifAfBfW1_4orch8channels6github5testss_55test_parse_github_event_pr_review_non_submitted_ignored
FNDA:1,_RNvNtNtNtCsb5eifAfBfW1_4orch8channels6github5testss_59test_parse_github_event_issue_comment_without_issue_ignored
FNF:55
FNH:29
DA:38,0
DA:39,0
DA:40,0
DA:41,0
DA:42,0
DA:43,0
DA:44,0
DA:46,0
DA:47,0
DA:48,0
DA:50,0
DA:51,0
DA:52,0
DA:53,0
DA:54,0
DA:56,0
DA:57,0
DA:58,0
DA:59,0
DA:60,0
DA:61,0
DA:62,0
DA:63,0
DA:64,0
DA:66,0
DA:67,0
DA:68,0
DA:69,0
DA:71,0
DA:72,0
DA:73,0
DA:75,0
DA:76,0
DA:77,0
DA:78,0
DA:79,0
DA:81,0
DA:82,0
DA:83,0
DA:84,0
DA:85,0
DA:86,0
DA:87,0
DA:88,0
DA:89,0
DA:91,0
DA:92,0
DA:93,0
DA:94,0
DA:96,0
DA:97,0
DA:98,0
DA:100,0
DA:101,0
DA:102,0
DA:103,0
DA:104,0
DA:106,0
DA:107,0
DA:108,0
DA:109,0
DA:110,0
DA:111,0
DA:112,0
DA:113,0
DA:114,0
DA:115,0
DA:116,0
DA:117,0
DA:118,0
DA:120,0
DA:121,0
DA:122,0
DA:123,0
DA:125,0
DA:126,0
DA:131,0
DA:132,0
DA:133,0
DA:135,0
DA:143,0
DA:144,0
DA:145,0
DA:148,0
DA:149,0
DA:150,0
DA:151,0
DA:152,0
DA:155,0
DA:157,0
DA:158,0
DA:159,0
DA:160,0
DA:161,0
DA:165,0
DA:166,0
DA:167,0
DA:168,0
DA:169,0
DA:170,0
DA:174,0
DA:175,0
DA:176,0
DA:177,0
DA:178,0
DA:179,0
DA:180,0
DA:181,0
DA:182,0
DA:183,0
DA:184,0
DA:187,0
DA:188,0
DA:189,0
DA:190,0
DA:191,0
DA:193,0
DA:194,0
DA:195,0
DA:196,0
DA:197,0
DA:198,0
DA:199,0
DA:200,0
DA:201,0
DA:202,0
DA:204,0
DA:205,0
DA:206,0
DA:207,0
DA:208,0
DA:212,0
DA:214,0
DA:217,0
DA:219,0
DA:223,0
DA:226,0
DA:232,0
DA:235,0
DA:279,0
DA:281,0
DA:293,0
DA:295,0
DA:297,0
DA:366,5
DA:367,5
DA:368,5
DA:369,0
DA:371,5
DA:372,5
DA:374,5
DA:376,5
DA:377,5
DA:379,13
DA:380,13
DA:381,13
DA:382,13
DA:383,13
DA:384,13
DA:386,13
DA:387,13
DA:388,4
DA:389,4
DA:390,3
DA:391,3
DA:392,3
DA:393,3
DA:394,3
DA:395,3
DA:396,3
DA:397,3
DA:398,3
DA:399,3
DA:400,3
DA:401,3
DA:402,3
DA:403,3
DA:404,3
DA:405,1
DA:406,0
DA:408,9
DA:409,2
DA:410,2
DA:411,2
DA:412,2
DA:413,2
DA:414,2
DA:415,2
DA:416,2
DA:417,2
DA:418,2
DA:419,2
DA:420,2
DA:421,2
DA:422,2
DA:423,2
DA:424,2
DA:425,2
DA:426,0
DA:427,0
DA:429,7
DA:430,2
DA:431,3
DA:433,2
DA:434,2
DA:435,2
DA:436,2
DA:437,2
DA:438,2
DA:439,2
DA:440,2
DA:441,2
DA:442,2
DA:443,2
DA:444,2
DA:445,2
DA:446,2
DA:447,0
DA:448,1
DA:450,4
DA:451,3
DA:452,3
DA:454,3
DA:456,2
DA:457,2
DA:458,2
DA:459,2
DA:460,2
DA:461,2
DA:462,2
DA:463,2
DA:464,2
DA:465,2
DA:466,2
DA:467,2
DA:468,2
DA:469,2
DA:472,1
DA:473,0
DA:475,1
DA:478,4
DA:479,13
DA:481,4
DA:482,4
DA:483,4
DA:484,4
DA:485,4
DA:486,4
DA:487,4
DA:488,4
DA:489,4
DA:491,4
DA:492,1
DA:493,1
DA:494,3
DA:496,3
DA:497,3
DA:498,0
DA:499,0
DA:500,0
DA:504,3
DA:505,3
DA:506,3
DA:507,3
DA:509,3
DA:510,3
DA:511,0
DA:512,3
DA:513,0
DA:515,3
DA:516,4
DA:518,0
DA:519,0
DA:520,0
DA:527,0
DA:528,0
DA:529,0
DA:530,0
DA:532,0
DA:533,0
DA:534,0
DA:535,0
DA:538,0
DA:539,0
DA:540,0
DA:541,0
DA:543,0
DA:545,0
DA:546,0
DA:547,0
DA:548,0
DA:549,0
DA:550,0
DA:551,0
DA:553,0
DA:555,0
DA:556,0
DA:557,0
DA:558,0
DA:560,0
DA:562,0
DA:564,0
DA:565,0
DA:572,1
DA:573,1
DA:574,1
DA:575,1
DA:577,1
DA:578,1
DA:579,1
DA:582,1
DA:583,1
DA:584,1
DA:585,1
DA:587,1
DA:588,1
DA:589,1
DA:592,1
DA:593,1
DA:594,1
DA:595,1
DA:597,1
DA:598,1
DA:599,1
DA:602,1
DA:603,1
DA:604,1
DA:605,1
DA:606,1
DA:607,1
DA:608,1
DA:609,1
DA:610,1
DA:611,1
DA:612,1
DA:613,1
DA:615,1
DA:616,1
DA:618,1
DA:619,1
DA:620,1
DA:621,1
DA:622,1
DA:623,1
DA:626,1
DA:627,1
DA:628,1
DA:629,1
DA:630,1
DA:631,1
DA:632,1
DA:633,1
DA:634,1
DA:635,1
DA:636,1
DA:637,1
DA:638,1
DA:639,1
DA:640,1
DA:641,1
DA:642,1
DA:643,1
DA:644,1
DA:646,1
DA:647,1
DA:649,1
DA:650,1
DA:651,1
DA:652,1
DA:653,1
DA:656,1
DA:657,1
DA:658,1
DA:659,1
DA:660,1
DA:661,1
DA:662,1
DA:663,1
DA:664,1
DA:665,1
DA:666,1
DA:667,1
DA:668,1
DA:670,1
DA:671,1
DA:673,1
DA:674,1
DA:675,1
DA:676,1
DA:677,1
DA:680,1
DA:681,1
DA:682,1
DA:683,1
DA:684,1
DA:685,1
DA:686,1
DA:687,1
DA:688,1
DA:689,1
DA:690,1
DA:691,1
DA:692,1
DA:694,1
DA:695,1
DA:697,1
DA:698,1
DA:699,1
DA:702,1
DA:703,1
DA:704,1
DA:705,1
DA:706,1
DA:707,1
DA:708,1
DA:709,1
DA:710,1
DA:711,1
DA:712,1
DA:713,1
DA:715,1
DA:716,1
DA:717,1
DA:720,1
DA:721,1
DA:722,1
DA:723,1
DA:724,1
DA:725,1
DA:726,1
DA:727,1
DA:729,1
DA:730,1
DA:731,1
DA:734,1
DA:735,1
DA:736,1
DA:737,1
DA:738,1
DA:739,1
DA:740,1
DA:741,1
DA:742,1
DA:743,1
DA:744,1
DA:745,1
DA:746,1
DA:747,1
DA:748,1
DA:749,1
DA:750,1
DA:751,1
DA:752,1
DA:753,1
DA:754,1
DA:755,1
DA:756,1
DA:758,1
DA:759,1
DA:761,1
DA:762,1
DA:763,1
DA:764,1
DA:765,1
DA:766,1
DA:767,1
DA:770,1
DA:773,1
DA:774,1
DA:775,1
DA:776,1
DA:777,1
DA:778,1
DA:779,1
DA:780,1
DA:781,1
DA:782,1
DA:783,1
DA:784,1
DA:785,1
DA:786,1
DA:787,1
DA:789,1
DA:790,1
DA:791,1
DA:794,1
DA:795,1
DA:796,1
DA:797,1
DA:798,1
DA:799,1
DA:800,1
DA:801,1
DA:802,1
DA:803,1
DA:804,1
DA:805,1
DA:806,1
DA:807,1
DA:808,1
DA:809,1
DA:810,1
DA:811,1
DA:812,1
DA:813,1
DA:815,1
DA:816,1
DA:818,1
DA:819,1
DA:820,1
DA:821,1
DA:822,1
DA:823,1
DA:824,1
DA:827,1
DA:830,1
DA:831,1
DA:832,1
DA:833,1
DA:834,1
DA:835,1
DA:836,1
DA:837,1
DA:838,1
DA:839,1
DA:840,1
DA:841,1
DA:842,1
DA:843,1
DA:844,1
DA:845,1
DA:846,1
DA:847,1
DA:848,1
DA:849,1
DA:851,1
DA:852,1
DA:853,1
DA:856,1
DA:857,1
DA:858,1
DA:861,1
DA:862,1
DA:863,1
DA:864,1
DA:866,1
DA:867,1
DA:868,0
DA:870,1
DA:876,1
DA:881,1
DA:883,1
DA:884,1
DA:885,1
DA:886,1
DA:887,1
DA:889,1
DA:890,1
DA:891,1
DA:893,1
DA:894,1
DA:895,1
DA:896,1
DA:897,1
DA:898,1
DA:902,1
DA:903,1
DA:904,1
DA:905,1
DA:906,1
DA:907,1
DA:908,1
DA:910,1
DA:911,1
DA:914,1
DA:915,1
DA:916,1
DA:917,1
DA:918,1
DA:921,1
DA:922,1
DA:923,1
DA:924,1
DA:925,1
DA:929,1
DA:934,1
DA:936,1
DA:937,1
DA:938,1
DA:939,1
DA:940,1
DA:942,1
DA:943,1
DA:944,1
DA:946,1
DA:947,1
DA:948,1
DA:949,1
DA:950,1
DA:951,1
DA:953,1
DA:954,1
DA:955,1
DA:956,1
DA:957,1
DA:961,1
DA:962,1
DA:963,1
DA:964,1
DA:965,1
DA:966,1
DA:967,1
DA:969,1
DA:970,1
DA:972,1
DA:973,1
DA:974,1
DA:975,1
DA:976,1
DA:980,1
DA:985,1
DA:987,1
DA:988,1
DA:989,1
DA:990,1
DA:991,1
DA:993,1
DA:994,1
DA:995,1
DA:997,1
DA:998,1
DA:999,1
DA:1000,1
DA:1001,1
DA:1003,1
DA:1004,1
DA:1005,1
DA:1006,1
DA:1007,1
DA:1011,1
DA:1012,1
DA:1013,1
DA:1014,1
DA:1015,1
DA:1016,1
DA:1017,1
DA:1019,1
DA:1020,1
DA:1022,1
DA:1023,1
DA:1024,1
DA:1025,1
DA:1026,1
DA:1027,1
DA:1028,1
DA:1029,1
DA:1033,1
DA:1038,1
DA:1040,1
DA:1041,1
DA:1042,1
DA:1043,1
DA:1044,1
DA:1046,1
DA:1047,1
DA:1048,1
DA:1050,1
DA:1051,1
DA:1052,1
DA:1053,1
DA:1054,1
DA:1055,1
DA:1059,1
DA:1060,1
DA:1061,1
DA:1062,1
DA:1063,1
DA:1064,1
DA:1065,1
DA:1066,1
DA:1068,1
DA:1069,1
DA:1072,1
DA:1073,1
DA:1074,1
DA:1075,1
DA:1076,1
BRF:0
BRH:0
LF:712
LH:514
end_of_record
SF:/Users/gb/.orch/worktrees/orch/gh-task-258-ci-add-cargo-llvm-cov-coverage-tracking/src/channels/mod.rs
FN:117,_RNvMNtCs2uc3frWEf6x_4orch8channelsNtB2_15ChannelRegistry8iter_mut
FN:102,_RNvMNtCs2uc3frWEf6x_4orch8channelsNtB2_15ChannelRegistry3new
FN:113,_RNvMNtCs2uc3frWEf6x_4orch8channelsNtB2_15ChannelRegistry4iter
FN:108,_RNvMNtCs2uc3frWEf6x_4orch8channelsNtB2_15ChannelRegistry8register
FN:114,_RNCNvMNtCs2uc3frWEf6x_4orch8channelsNtB4_15ChannelRegistry4iter0B6_
FN:117,_RNvMNtCsb5eifAfBfW1_4orch8channelsNtB2_15ChannelRegistry8iter_mut
FN:114,_RNCNvMNtCsb5eifAfBfW1_4orch8channelsNtB4_15ChannelRegistry4iter0B6_
FN:102,_RNvMNtCsb5eifAfBfW1_4orch8channelsNtB2_15ChannelRegistry3new
FN:113,_RNvMNtCsb5eifAfBfW1_4orch8channelsNtB2_15ChannelRegistry4iter
FN:108,_RNvMNtCsb5eifAfBfW1_4orch8channelsNtB2_15ChannelRegistry8register
FNDA:0,_RNvMNtCs2uc3frWEf6x_4orch8channelsNtB2_15ChannelRegistry8iter_mut
FNDA:0,_RNvMNtCs2uc3frWEf6x_4orch8channelsNtB2_15ChannelRegistry3new
FNDA:0,_RNvMNtCs2uc3frWEf6x_4orch8channelsNtB2_15ChannelRegistry4iter
FNDA:0,_RNvMNtCs2uc3frWEf6x_4orch8channelsNtB2_15ChannelRegistry8register
FNDA:0,_RNCNvMNtCs2uc3frWEf6x_4orch8channelsNtB4_15ChannelRegistry4iter0B6_
FNDA:0,_RNvMNtCsb5eifAfBfW1_4orch8channelsNtB2_15ChannelRegistry8iter_mut
FNDA:0,_RNCNvMNtCsb5eifAfBfW1_4orch8channelsNtB4_15ChannelRegistry4iter0B6_
FNDA:0,_RNvMNtCsb5eifAfBfW1_4orch8channelsNtB2_15ChannelRegistry3new
FNDA:0,_RNvMNtCsb5eifAfBfW1_4orch8channelsNtB2_15ChannelRegistry4iter
FNDA:0,_RNvMNtCsb5eifAfBfW1_4orch8channelsNtB2_15ChannelRegistry8register
FNF:5
FNH:0
DA:102,0
DA:103,0
DA:104,0
DA:105,0
DA:106,0
DA:108,0
DA:109,0
DA:110,0
DA:111,0
DA:113,0
DA:114,0
DA:115,0
DA:117,0
DA:118,0
DA:119,0
BRF:0
BRH:0
LF:16
LH:0
end_of_record
SF:/Users/gb/.orch/worktrees/orch/gh-task-258-ci-add-cargo-llvm-cov-coverage-tracking/src/channels/notification.rs
FN:26,_RNvMNtNtCs2uc3frWEf6x_4orch8channels12notificationNtB2_17NotificationLevel11from_config
FN:39,_RNvMNtNtCs2uc3frWEf6x_4orch8channels12notificationNtB2_17NotificationLevel13should_notify
FN:84,_RNvMs_NtNtCs2uc3frWEf6x_4orch8channels12notificationNtB4_16TaskNotification14format_discord
FN:63,_RNvMs_NtNtCs2uc3frWEf6x_4orch8channels12notificationNtB4_16TaskNotification15format_telegram
FN:105,_RNvNtNtCs2uc3frWEf6x_4orch8channels12notification12status_emoji
FN:118,_RNvNtNtCs2uc3frWEf6x_4orch8channels12notification15escape_markdown
FN:126,_RNvNtNtCs2uc3frWEf6x_4orch8channels12notification15format_duration
FN:199,_RNvNtNtNtCsb5eifAfBfW1_4orch8channels12notification5testss_20format_telegram_done
FN:251,_RNvNtNtNtCsb5eifAfBfW1_4orch8channels12notification5testss_20status_emoji_mapping
FN:192,_RNvNtNtNtCsb5eifAfBfW1_4orch8channels12notification5testss_21format_duration_hours
FN:186,_RNvNtNtNtCsb5eifAfBfW1_4orch8channels12notification5testss_23format_duration_minutes
FN:179,_RNvNtNtNtCsb5eifAfBfW1_4orch8channels12notification5testss_23format_duration_seconds
FN:233,_RNvNtNtNtCsb5eifAfBfW1_4orch8channels12notification5testss_27format_discord_needs_review
FN:219,_RNvNtNtNtCsb5eifAfBfW1_4orch8channels12notification5testss_32format_telegram_escapes_markdown
FN:172,_RNvNtNtNtCsb5eifAfBfW1_4orch8channels12notification5testss_33notification_level_default_is_all
FN:143,_RNvNtNtNtCsb5eifAfBfW1_4orch8channels12notification5testss_36notification_level_should_notify_all
FN:164,_RNvNtNtNtCsb5eifAfBfW1_4orch8channels12notification5testss_37notification_level_should_notify_none
FN:153,_RNvNtNtNtCsb5eifAfBfW1_4orch8channels12notification5testss_44notification_level_should_notify_errors_only
FN:26,_RNvMNtNtCsb5eifAfBfW1_4orch8channels12notificationNtB2_17NotificationLevel11from_config
FN:39,_RNvMNtNtCsb5eifAfBfW1_4orch8channels12notificationNtB2_17NotificationLevel13should_notify
FN:84,_RNvMs_NtNtCsb5eifAfBfW1_4orch8channels12notificationNtB4_16TaskNotification14format_discord
FN:63,_RNvMs_NtNtCsb5eifAfBfW1_4orch8channels12notificationNtB4_16TaskNotification15format_telegram
FN:105,_RNvNtNtCsb5eifAfBfW1_4orch8channels12notification12status_emoji
FN:118,_RNvNtNtCsb5eifAfBfW1_4orch8channels12notification15escape_markdown
FN:126,_RNvNtNtCsb5eifAfBfW1_4orch8channels12notification15format_duration
FNDA:0,_RNvMNtNtCs2uc3frWEf6x_4orch8channels12notificationNtB2_17NotificationLevel11from_config
FNDA:0,_RNvMNtNtCs2uc3frWEf6x_4orch8channels12notificationNtB2_17NotificationLevel13should_notify
FNDA:0,_RNvMs_NtNtCs2uc3frWEf6x_4orch8channels12notificationNtB4_16TaskNotification14format_discord
FNDA:0,_RNvMs_NtNtCs2uc3frWEf6x_4orch8channels12notificationNtB4_16TaskNotification15format_telegram
FNDA:0,_RNvNtNtCs2uc3frWEf6x_4orch8channels12notification12status_emoji
FNDA:0,_RNvNtNtCs2uc3frWEf6x_4orch8channels12notification15escape_markdown
FNDA:0,_RNvNtNtCs2uc3frWEf6x_4orch8channels12notification15format_duration
FNDA:1,_RNvNtNtNtCsb5eifAfBfW1_4orch8channels12notification5testss_20format_telegram_done
FNDA:1,_RNvNtNtNtCsb5eifAfBfW1_4orch8channels12notification5testss_20status_emoji_mapping
FNDA:1,_RNvNtNtNtCsb5eifAfBfW1_4orch8channels12notification5testss_21format_duration_hours
FNDA:1,_RNvNtNtNtCsb5eifAfBfW1_4orch8channels12notification5testss_23format_duration_minutes
FNDA:1,_RNvNtNtNtCsb5eifAfBfW1_4orch8channels12notification5testss_23format_duration_seconds
FNDA:1,_RNvNtNtNtCsb5eifAfBfW1_4orch8channels12notification5testss_27format_discord_needs_review
FNDA:1,_RNvNtNtNtCsb5eifAfBfW1_4orch8channels12notification5testss_32format_telegram_escapes_markdown
FNDA:1,_RNvNtNtNtCsb5eifAfBfW1_4orch8channels12notification5testss_33notification_level_default_is_all
FNDA:1,_RNvNtNtNtCsb5eifAfBfW1_4orch8channels12notification5testss_36notification_level_should_notify_all
FNDA:1,_RNvNtNtNtCsb5eifAfBfW1_4orch8channels12notification5testss_37notification_level_should_notify_none
FNDA:1,_RNvNtNtNtCsb5eifAfBfW1_4orch8channels12notification5testss_44notification_level_should_notify_errors_only
FNDA:1,_RNvMNtNtCsb5eifAfBfW1_4orch8channels12notificationNtB2_17NotificationLevel11from_config
FNDA:14,_RNvMNtNtCsb5eifAfBfW1_4orch8channels12notificationNtB2_17NotificationLevel13should_notify
FNDA:1,_RNvMs_NtNtCsb5eifAfBfW1_4orch8channels12notificationNtB4_16TaskNotification14format_discord
FNDA:2,_RNvMs_NtNtCsb5eifAfBfW1_4orch8channels12notificationNtB4_16TaskNotification15format_telegram
FNDA:10,_RNvNtNtCsb5eifAfBfW1_4orch8channels12notification12status_emoji
FNDA:4,_RNvNtNtCsb5eifAfBfW1_4orch8channels12notification15escape_markdown
FNDA:11,_RNvNtNtCsb5eifAfBfW1_4orch8channels12notification15format_duration
FNF:18
FNH:18
DA:26,1
DA:27,1
DA:28,0
DA:29,0
DA:30,0
DA:31,0
DA:32,0
DA:34,1
DA:36,1
DA:39,14
DA:40,14
DA:41,5
DA:43,6
DA:45,3
DA:47,14
DA:63,2
DA:64,2
DA:65,2
DA:67,2
DA:68,2
DA:69,2
DA:70,2
DA:71,2
DA:72,2
DA:76,2
DA:79,2
DA:81,2
DA:84,1
DA:85,1
DA:86,1
DA:88,1
DA:89,1
DA:90,1
DA:91,1
DA:92,1
DA:93,1
DA:102,1
DA:105,10
DA:106,10
DA:107,10
DA:108,7
DA:109,6
DA:110,5
DA:111,3
DA:112,2
DA:113,1
DA:115,10
DA:118,4
DA:119,4
DA:120,4
DA:121,4
DA:122,4
DA:123,4
DA:126,11
DA:127,11
DA:128,4
DA:129,7
DA:130,4
DA:132,3
DA:133,3
DA:134,3
DA:136,11
DA:143,1
DA:144,1
DA:145,1
DA:146,1
DA:147,1
DA:148,1
DA:149,1
DA:150,1
DA:153,1
DA:154,1
DA:155,1
DA:156,1
DA:157,1
DA:158,1
DA:159,1
DA:160,1
DA:161,1
DA:164,1
DA:165,1
DA:166,1
DA:167,1
DA:168,1
DA:169,1
DA:172,1
DA:174,1
DA:175,1
DA:176,1
DA:179,1
DA:180,1
DA:181,1
DA:182,1
DA:183,1
DA:186,1
DA:187,1
DA:188,1
DA:189,1
DA:192,1
DA:193,1
DA:194,1
DA:195,1
DA:196,1
DA:199,1
DA:200,1
DA:201,1
DA:202,1
DA:203,1
DA:204,1
DA:205,1
DA:206,1
DA:207,1
DA:208,1
DA:209,1
DA:210,1
DA:211,1
DA:212,1
DA:213,1
DA:214,1
DA:215,1
DA:216,1
DA:219,1
DA:220,1
DA:221,1
DA:222,1
DA:223,1
DA:224,1
DA:225,1
DA:226,1
DA:227,1
DA:228,1
DA:229,1
DA:230,1
DA:233,1
DA:234,1
DA:235,1
DA:236,1
DA:237,1
DA:238,1
DA:239,1
DA:240,1
DA:241,1
DA:242,1
DA:243,1
DA:244,1
DA:245,1
DA:246,1
DA:247,1
DA:248,1
DA:251,1
DA:252,1
DA:253,1
DA:254,1
DA:255,1
DA:256,1
DA:257,1
DA:258,1
DA:259,1
BRF:0
BRH:0
LF:158
LH:153
end_of_record
SF:/Users/gb/.orch/worktrees/orch/gh-task-258-ci-add-cargo-llvm-cov-coverage-tracking/src/channels/telegram.rs
FN:175,_RNCNCNCNvXs_NtNtCs2uc3frWEf6x_4orch8channels8telegramNtBa_15TelegramChannelNtBc_7Channel5start000Be_
FN:176,_RNCNCNCNvXs_NtNtCs2uc3frWEf6x_4orch8channels8telegramNtBa_15TelegramChannelNtBc_7Channel5start00s_0Be_
FN:229,_RNCNCNvXs_NtNtCs2uc3frWEf6x_4orch8channels8telegramNtB8_15TelegramChannelNtBa_7Channel13stream_output00Bc_
FN:215,_RNCNCNvXs_NtNtCs2uc3frWEf6x_4orch8channels8telegramNtB8_15TelegramChannelNtBa_7Channel4send00Bc_
FN:217,_RNCNCNvXs_NtNtCs2uc3frWEf6x_4orch8channels8telegramNtB8_15TelegramChannelNtBa_7Channel4send0s_0Bc_
FN:140,_RNCNCNvXs_NtNtCs2uc3frWEf6x_4orch8channels8telegramNtB8_15TelegramChannelNtBa_7Channel5start00Bc_
FN:72,_RNCNvMNtNtCs2uc3frWEf6x_4orch8channels8telegramNtB4_15TelegramChannel11get_updates0B8_
FN:97,_RNCNvMNtNtCs2uc3frWEf6x_4orch8channels8telegramNtB4_15TelegramChannel12send_message0B8_
FN:72,_RNvMNtNtCs2uc3frWEf6x_4orch8channels8telegramNtB2_15TelegramChannel11get_updates
FN:97,_RNvMNtNtCs2uc3frWEf6x_4orch8channels8telegramNtB2_15TelegramChannel12send_message
FN:59,_RNvMNtNtCs2uc3frWEf6x_4orch8channels8telegramNtB2_15TelegramChannel3new
FN:68,_RNvMNtNtCs2uc3frWEf6x_4orch8channels8telegramNtB2_15TelegramChannel7api_url
FN:278,_RNvXs_NtNtCs2uc3frWEf6x_4orch8channels8telegramNtB4_15TelegramChannelNtB6_7Channel12health_check
FN:226,_RNvXs_NtNtCs2uc3frWEf6x_4orch8channels8telegramNtB4_15TelegramChannelNtB6_7Channel13stream_output
FN:119,_RNvXs_NtNtCs2uc3frWEf6x_4orch8channels8telegramNtB4_15TelegramChannelNtB6_7Channel4name
FN:211,_RNvXs_NtNtCs2uc3frWEf6x_4orch8channels8telegramNtB4_15TelegramChannelNtB6_7Channel4send
FN:123,_RNvXs_NtNtCs2uc3frWEf6x_4orch8channels8telegramNtB4_15TelegramChannelNtB6_7Channel5start
FN:293,_RNvXs_NtNtCs2uc3frWEf6x_4orch8channels8telegramNtB4_15TelegramChannelNtB6_7Channel8shutdown
FN:72,_RNvMNtNtCsb5eifAfBfW1_4orch8channels8telegramNtB2_15TelegramChannel11get_updates
FN:97,_RNvMNtNtCsb5eifAfBfW1_4orch8channels8telegramNtB2_15TelegramChannel12send_message
FN:59,_RNvMNtNtCsb5eifAfBfW1_4orch8channels8telegramNtB2_15TelegramChannel3new
FN:68,_RNvMNtNtCsb5eifAfBfW1_4orch8channels8telegramNtB2_15TelegramChannel7api_url
FN:278,_RNvXs_NtNtCsb5eifAfBfW1_4orch8channels8telegramNtB4_15TelegramChannelNtB6_7Channel12health_check
FN:226,_RNvXs_NtNtCsb5eifAfBfW1_4orch8channels8telegramNtB4_15TelegramChannelNtB6_7Channel13stream_output
FN:119,_RNvXs_NtNtCsb5eifAfBfW1_4orch8channels8telegramNtB4_15TelegramChannelNtB6_7Channel4name
FN:211,_RNvXs_NtNtCsb5eifAfBfW1_4orch8channels8telegramNtB4_15TelegramChannelNtB6_7Channel4send
FN:123,_RNvXs_NtNtCsb5eifAfBfW1_4orch8channels8telegramNtB4_15TelegramChannelNtB6_7Channel5start
FN:293,_RNvXs_NtNtCsb5eifAfBfW1_4orch8channels8telegramNtB4_15TelegramChannelNtB6_7Channel8shutdown
FN:175,_RNCNCNCNvXs_NtNtCsb5eifAfBfW1_4orch8channels8telegramNtBa_15TelegramChannelNtBc_7Channel5start000Be_
FN:176,_RNCNCNCNvXs_NtNtCsb5eifAfBfW1_4orch8channels8telegramNtBa_15TelegramChannelNtBc_7Channel5start00s_0Be_
FN:229,_RNCNCNvXs_NtNtCsb5eifAfBfW1_4orch8channels8telegramNtB8_15TelegramChannelNtBa_7Channel13stream_output00Bc_
FN:215,_RNCNCNvXs_NtNtCsb5eifAfBfW1_4orch8channels8telegramNtB8_15TelegramChannelNtBa_7Channel4send00Bc_
FN:217,_RNCNCNvXs_NtNtCsb5eifAfBfW1_4orch8channels8telegramNtB8_15TelegramChannelNtBa_7Channel4send0s_0Bc_
FN:140,_RNCNCNvXs_NtNtCsb5eifAfBfW1_4orch8channels8telegramNtB8_15TelegramChannelNtBa_7Channel5start00Bc_
FN:72,_RNCNvMNtNtCsb5eifAfBfW1_4orch8channels8telegramNtB4_15TelegramChannel11get_updates0B8_
FN:97,_RNCNvMNtNtCsb5eifAfBfW1_4orch8channels8telegramNtB4_15TelegramChannel12send_message0B8_
FNDA:0,_RNCNCNCNvXs_NtNtCs2uc3frWEf6x_4orch8channels8telegramNtBa_15TelegramChannelNtBc_7Channel5start000Be_
FNDA:0,_RNCNCNCNvXs_NtNtCs2uc3frWEf6x_4orch8channels8telegramNtBa_15TelegramChannelNtBc_7Channel5start00s_0Be_
FNDA:0,_RNCNCNvXs_NtNtCs2uc3frWEf6x_4orch8channels8telegramNtB8_15TelegramChannelNtBa_7Channel13stream_output00Bc_
FNDA:0,_RNCNCNvXs_NtNtCs2uc3frWEf6x_4orch8channels8telegramNtB8_15TelegramChannelNtBa_7Channel4send00Bc_
FNDA:0,_RNCNCNvXs_NtNtCs2uc3frWEf6x_4orch8channels8telegramNtB8_15TelegramChannelNtBa_7Channel4send0s_0Bc_
FNDA:0,_RNCNCNvXs_NtNtCs2uc3frWEf6x_4orch8channels8telegramNtB8_15TelegramChannelNtBa_7Channel5start00Bc_
FNDA:0,_RNCNvMNtNtCs2uc3frWEf6x_4orch8channels8telegramNtB4_15TelegramChannel11get_updates0B8_
FNDA:0,_RNCNvMNtNtCs2uc3frWEf6x_4orch8channels8telegramNtB4_15TelegramChannel12send_message0B8_
FNDA:0,_RNvMNtNtCs2uc3frWEf6x_4orch8channels8telegramNtB2_15TelegramChannel11get_updates
FNDA:0,_RNvMNtNtCs2uc3frWEf6x_4orch8channels8telegramNtB2_15TelegramChannel12send_message
FNDA:0,_RNvMNtNtCs2uc3frWEf6x_4orch8channels8telegramNtB2_15TelegramChannel3new
FNDA:0,_RNvMNtNtCs2uc3frWEf6x_4orch8channels8telegramNtB2_15TelegramChannel7api_url
FNDA:0,_RNvXs_NtNtCs2uc3frWEf6x_4orch8channels8telegramNtB4_15TelegramChannelNtB6_7Channel12health_check
FNDA:0,_RNvXs_NtNtCs2uc3frWEf6x_4orch8channels8telegramNtB4_15TelegramChannelNtB6_7Channel13stream_output
FNDA:0,_RNvXs_NtNtCs2uc3frWEf6x_4orch8channels8telegramNtB4_15TelegramChannelNtB6_7Channel4name
FNDA:0,_RNvXs_NtNtCs2uc3frWEf6x_4orch8channels8telegramNtB4_15TelegramChannelNtB6_7Channel4send
FNDA:0,_RNvXs_NtNtCs2uc3frWEf6x_4orch8channels8telegramNtB4_15TelegramChannelNtB6_7Channel5start
FNDA:0,_RNvXs_NtNtCs2uc3frWEf6x_4orch8channels8telegramNtB4_15TelegramChannelNtB6_7Channel8shutdown
FNDA:0,_RNvMNtNtCsb5eifAfBfW1_4orch8channels8telegramNtB2_15TelegramChannel11get_updates
FNDA:0,_RNvMNtNtCsb5eifAfBfW1_4orch8channels8telegramNtB2_15TelegramChannel12send_message
FNDA:0,_RNvMNtNtCsb5eifAfBfW1_4orch8channels8telegramNtB2_15TelegramChannel3new
FNDA:0,_RNvMNtNtCsb5eifAfBfW1_4orch8channels8telegramNtB2_15TelegramChannel7api_url
FNDA:0,_RNvXs_NtNtCsb5eifAfBfW1_4orch8channels8telegramNtB4_15TelegramChannelNtB6_7Channel12health_check
FNDA:0,_RNvXs_NtNtCsb5eifAfBfW1_4orch8channels8telegramNtB4_15TelegramChannelNtB6_7Channel13stream_output
FNDA:0,_RNvXs_NtNtCsb5eifAfBfW1_4orch8channels8telegramNtB4_15TelegramChannelNtB6_7Channel4name
FNDA:0,_RNvXs_NtNtCsb5eifAfBfW1_4orch8channels8telegramNtB4_15TelegramChannelNtB6_7Channel4send
FNDA:0,_RNvXs_NtNtCsb5eifAfBfW1_4orch8channels8telegramNtB4_15TelegramChannelNtB6_7Channel5start
FNDA:0,_RNvXs_NtNtCsb5eifAfBfW1_4orch8channels8telegramNtB4_15TelegramChannelNtB6_7Channel8shutdown
FNDA:0,_RNCNCNCNvXs_NtNtCsb5eifAfBfW1_4orch8channels8telegramNtBa_15TelegramChannelNtBc_7Channel5start000Be_
FNDA:0,_RNCNCNCNvXs_NtNtCsb5eifAfBfW1_4orch8channels8telegramNtBa_15TelegramChannelNtBc_7Channel5start00s_0Be_
FNDA:0,_RNCNCNvXs_NtNtCsb5eifAfBfW1_4orch8channels8telegramNtB8_15TelegramChannelNtBa_7Channel13stream_output00Bc_
FNDA:0,_RNCNCNvXs_NtNtCsb5eifAfBfW1_4orch8channels8telegramNtB8_15TelegramChannelNtBa_7Channel4send00Bc_
FNDA:0,_RNCNCNvXs_NtNtCsb5eifAfBfW1_4orch8channels8telegramNtB8_15TelegramChannelNtBa_7Channel4send0s_0Bc_
FNDA:0,_RNCNCNvXs_NtNtCsb5eifAfBfW1_4orch8channels8telegramNtB8_15TelegramChannelNtBa_7Channel5start00Bc_
FNDA:0,_RNCNvMNtNtCsb5eifAfBfW1_4orch8channels8telegramNtB4_15TelegramChannel11get_updates0B8_
FNDA:0,_RNCNvMNtNtCsb5eifAfBfW1_4orch8channels8telegramNtB4_15TelegramChannel12send_message0B8_
FNF:18
FNH:0
DA:59,0
DA:60,0
DA:61,0
DA:62,0
DA:63,0
DA:64,0
DA:65,0
DA:66,0
DA:68,0
DA:69,0
DA:70,0
DA:72,0
DA:73,0
DA:75,0
DA:76,0
DA:77,0
DA:78,0
DA:81,0
DA:83,0
DA:84,0
DA:85,0
DA:86,0
DA:88,0
DA:90,0
DA:91,0
DA:92,0
DA:94,0
DA:95,0
DA:97,0
DA:98,0
DA:100,0
DA:101,0
DA:102,0
DA:103,0
DA:106,0
DA:108,0
DA:109,0
DA:110,0
DA:111,0
DA:113,0
DA:114,0
DA:119,0
DA:120,0
DA:121,0
DA:123,0
DA:140,0
DA:142,0
DA:143,0
DA:144,0
DA:147,0
DA:148,0
DA:149,0
DA:150,0
DA:151,0
DA:152,0
DA:156,0
DA:158,0
DA:159,0
DA:160,0
DA:161,0
DA:166,0
DA:167,0
DA:168,0
DA:169,0
DA:172,0
DA:173,0
DA:174,0
DA:175,0
DA:176,0
DA:178,0
DA:181,0
DA:182,0
DA:183,0
DA:185,0
DA:186,0
DA:187,0
DA:188,0
DA:189,0
DA:190,0
DA:191,0
DA:192,0
DA:193,0
DA:195,0
DA:196,0
DA:197,0
DA:198,0
DA:202,0
DA:203,0
DA:204,0
DA:206,0
DA:209,0
DA:211,0
DA:215,0
DA:217,0
DA:220,0
DA:226,0
DA:229,0
DA:276,0
DA:278,0
DA:291,0
DA:293,0
DA:295,0
BRF:0
BRH:0
LF:106
LH:0
end_of_record
SF:/Users/gb/.orch/worktrees/orch/gh-task-258-ci-add-cargo-llvm-cov-coverage-tracking/src/channels/tmux.rs
FN:29,_RNvMNtNtCs2uc3frWEf6x_4orch8channels4tmuxNtB2_11TmuxChannel14with_transport
FN:177,_RNvNtNtCs2uc3frWEf6x_4orch8channels4tmux12capture_loop
FN:125,_RNvNtNtCs2uc3frWEf6x_4orch8channels4tmux12capture_pane
FN:158,_RNvNtNtCs2uc3frWEf6x_4orch8channels4tmux15is_session_dead
FN:138,_RNvNtNtCs2uc3frWEf6x_4orch8channels4tmux18list_orch_sessions
FN:112,_RNvNtNtCs2uc3frWEf6x_4orch8channels4tmux9send_keys
FN:94,_RNvXs0_NtNtCs2uc3frWEf6x_4orch8channels4tmuxNtB5_11TmuxChannelNtB7_7Channel12health_check
FN:85,_RNvXs0_NtNtCs2uc3frWEf6x_4orch8channels4tmuxNtB5_11TmuxChannelNtB7_7Channel13stream_output
FN:52,_RNvXs0_NtNtCs2uc3frWEf6x_4orch8channels4tmuxNtB5_11TmuxChannelNtB7_7Channel4name
FN:75,_RNvXs0_NtNtCs2uc3frWEf6x_4orch8channels4tmuxNtB5_11TmuxChannelNtB7_7Channel4send
FN:56,_RNvXs0_NtNtCs2uc3frWEf6x_4orch8channels4tmuxNtB5_11TmuxChannelNtB7_7Channel5start
FN:106,_RNvXs0_NtNtCs2uc3frWEf6x_4orch8channels4tmuxNtB5_11TmuxChannelNtB7_7Channel8shutdown
FN:25,_RNvMNtNtCs2uc3frWEf6x_4orch8channels4tmuxNtB2_11TmuxChannel3new
FN:43,_RNvMs_NtNtCs2uc3frWEf6x_4orch8channels4tmuxNtB4_12CaptureState3new
FN:204,_RNCNCNvNtNtCs2uc3frWEf6x_4orch8channels4tmux12capture_loop00B9_
FN:222,_RNCNCNvNtNtCs2uc3frWEf6x_4orch8channels4tmux12capture_loop0s0_0B9_
FN:212,_RNCNCNvNtNtCs2uc3frWEf6x_4orch8channels4tmux12capture_loop0s_0B9_
FN:148,_RNCNCNvNtNtCs2uc3frWEf6x_4orch8channels4tmux18list_orch_sessions00B9_
FN:63,_RNCNCNvXs0_NtNtCs2uc3frWEf6x_4orch8channels4tmuxNtB9_11TmuxChannelNtBb_7Channel5start00Bd_
FN:177,_RNCNvNtNtCs2uc3frWEf6x_4orch8channels4tmux12capture_loop0B7_
FN:125,_RNCNvNtNtCs2uc3frWEf6x_4orch8channels4tmux12capture_pane0B7_
FN:158,_RNCNvNtNtCs2uc3frWEf6x_4orch8channels4tmux15is_session_dead0B7_
FN:138,_RNCNvNtNtCs2uc3frWEf6x_4orch8channels4tmux18list_orch_sessions0B7_
FN:112,_RNCNvNtNtCs2uc3frWEf6x_4orch8channels4tmux9send_keys0B7_
FN:25,_RNvMNtNtCsb5eifAfBfW1_4orch8channels4tmuxNtB2_11TmuxChannel3new
FN:204,_RNCNCNvNtNtCsb5eifAfBfW1_4orch8channels4tmux12capture_loop00B9_
FN:222,_RNCNCNvNtNtCsb5eifAfBfW1_4orch8channels4tmux12capture_loop0s0_0B9_
FN:212,_RNCNCNvNtNtCsb5eifAfBfW1_4orch8channels4tmux12capture_loop0s_0B9_
FN:148,_RNCNCNvNtNtCsb5eifAfBfW1_4orch8channels4tmux18list_orch_sessions00B9_
[...]
FNDA:0,_RNvNtCsb5eifAfBfW1_4orch7sidecar12clear_memory
FNDA:0,_RNvNtCsb5eifAfBfW1_4orch7sidecar9get_model
FNDA:0,_RNvMNtCsb5eifAfBfW1_4orch7sidecarNtB2_10TokenUsage12total_tokens
FNDA:1,_RNvMs_NtCsb5eifAfBfW1_4orch7sidecarNtB4_12ModelPricing17estimate_cost_usd
FNDA:1,_RNvNtCsb5eifAfBfW1_4orch7sidecar10get_memory
FNDA:2,_RNvNtCsb5eifAfBfW1_4orch7sidecar10state_file
FNDA:2,_RNvNtCsb5eifAfBfW1_4orch7sidecar12sidecar_path
FNDA:0,_RNvNtCsb5eifAfBfW1_4orch7sidecar12store_memory
FNDA:0,_RNvNtCsb5eifAfBfW1_4orch7sidecar15get_token_usage
FNDA:0,_RNvNtCsb5eifAfBfW1_4orch7sidecar16get_total_tokens
FNDA:2,_RNvNtCsb5eifAfBfW1_4orch7sidecar16legacy_state_dir
FNDA:0,_RNvNtCsb5eifAfBfW1_4orch7sidecar17get_cost_estimate
FNDA:1,_RNvNtCsb5eifAfBfW1_4orch7sidecar17get_recent_memory
FNDA:3,_RNvNtCsb5eifAfBfW1_4orch7sidecar17pricing_for_model
FNDA:0,_RNvNtCsb5eifAfBfW1_4orch7sidecar17store_token_usage
FNDA:2,_RNvNtCsb5eifAfBfW1_4orch7sidecar21sidecar_path_for_repo
FNDA:0,_RNvNtCsb5eifAfBfW1_4orch7sidecar3get
FNDA:1,_RNvNtCsb5eifAfBfW1_4orch7sidecar3set
FNDA:0,_RNvNtCsb5eifAfBfW1_4orch7sidecar7get_f64
FNDA:0,_RNvNtCsb5eifAfBfW1_4orch7sidecar7get_u64
FNDA:7,_RNvNtCsb5eifAfBfW1_4orch7sidecar9state_dir
FNDA:0,_RINvNtCsb5eifAfBfW1_4orch7sidecar19with_locked_sidecarNCNvB2_12store_memory0EB4_
FNDA:1,_RINvNtCsb5eifAfBfW1_4orch7sidecar19with_locked_sidecarNCNvB2_3set0EB4_
FNDA:0,_RNCNCNvNtCsb5eifAfBfW1_4orch7sidecar12store_memory00B7_
FNDA:0,_RNCNCNvNtCsb5eifAfBfW1_4orch7sidecar3set00B7_
FNDA:0,_RNCNvNtCsb5eifAfBfW1_4orch7sidecar10get_memory0B5_
FNDA:0,_RNCNvNtCsb5eifAfBfW1_4orch7sidecar10get_memorys_0B5_
FNDA:0,_RNCNvNtCsb5eifAfBfW1_4orch7sidecar12store_memory0B5_
FNDA:2,_RNCNvNtCsb5eifAfBfW1_4orch7sidecar21sidecar_path_for_repo0B5_
FNDA:0,_RNCNvNtCsb5eifAfBfW1_4orch7sidecar3get0B5_
FNDA:0,_RNCNvNtCsb5eifAfBfW1_4orch7sidecar3gets_0B5_
FNDA:1,_RNCNvNtCsb5eifAfBfW1_4orch7sidecar3set0B5_
FNDA:0,_RNCNvNtCsb5eifAfBfW1_4orch7sidecar7get_f640B5_
FNDA:0,_RNCNvNtCsb5eifAfBfW1_4orch7sidecar7get_u640B5_
FNDA:3,_RNvNtNtCsb5eifAfBfW1_4orch7sidecar5tests18setup_temp_sidecar
FNDA:1,_RNvNtNtCsb5eifAfBfW1_4orch7sidecar5testss_17set_and_get_field
FNDA:1,_RNvNtNtCsb5eifAfBfW1_4orch7sidecar5testss_20set_creates_new_file
FNDA:1,_RNvNtNtCsb5eifAfBfW1_4orch7sidecar5testss_26memory_entry_serialization
FNDA:1,_RNvNtNtCsb5eifAfBfW1_4orch7sidecar5testss_26set_merges_existing_fields
FNDA:1,_RNvNtNtCsb5eifAfBfW1_4orch7sidecar5testss_27pricing_lookup_known_models
FNDA:1,_RNvNtNtCsb5eifAfBfW1_4orch7sidecar5testss_42cost_estimation_uses_both_input_and_output
FNF:41
FNH:20
DA:25,0
DA:26,0
DA:27,0
DA:38,1
DA:39,1
DA:40,1
DA:41,1
DA:42,1
DA:43,1
DA:44,1
DA:45,1
DA:46,1
DA:63,7
DA:64,7
DA:65,7
DA:66,7
DA:67,7
DA:68,7
DA:74,2
DA:75,2
DA:77,2
DA:78,2
DA:79,2
DA:80,0
DA:82,0
DA:83,0
DA:84,0
DA:85,0
DA:86,0
DA:87,2
DA:91,2
DA:92,2
DA:93,2
DA:94,0
DA:95,2
DA:97,2
DA:98,2
DA:99,2
DA:100,1
DA:101,1
DA:102,0
DA:104,1
DA:105,2
DA:114,2
DA:115,2
DA:116,2
DA:119,2
DA:121,2
DA:122,2
DA:123,2
DA:125,2
DA:126,0
DA:127,0
DA:128,0
DA:129,0
DA:130,0
DA:131,0
DA:133,0
DA:134,0
DA:135,0
DA:136,0
DA:138,0
DA:139,0
DA:140,2
DA:143,2
DA:144,2
DA:151,1
DA:152,1
DA:153,1
DA:155,1
DA:157,1
DA:158,1
DA:159,0
DA:161,1
DA:162,1
DA:163,1
DA:164,1
DA:165,1
DA:166,1
DA:167,1
DA:169,1
DA:170,1
DA:172,1
DA:173,0
DA:175,1
DA:178,1
DA:180,1
DA:182,1
DA:183,1
DA:184,1
DA:187,1
DA:188,1
DA:191,0
DA:192,0
DA:193,0
DA:194,0
DA:195,0
DA:197,0
DA:198,0
DA:199,0
DA:201,0
DA:202,0
DA:203,0
DA:204,0
DA:205,0
DA:206,0
DA:208,0
DA:214,1
DA:215,1
DA:216,2
DA:217,1
DA:218,1
DA:219,1
DA:220,1
DA:222,1
DA:223,1
DA:224,1
DA:227,0
DA:228,0
DA:229,0
DA:230,0
DA:231,0
DA:232,0
DA:235,0
DA:236,0
DA:237,0
DA:238,0
DA:239,0
DA:240,0
DA:246,0
DA:247,0
DA:248,0
DA:249,0
DA:250,0
DA:251,0
DA:252,0
DA:253,0
DA:254,0
DA:255,0
DA:256,0
DA:257,0
DA:259,0
DA:260,0
DA:261,0
DA:262,0
DA:263,0
DA:264,0
DA:265,0
DA:266,0
DA:267,0
DA:268,0
DA:270,0
DA:273,0
DA:274,0
DA:275,0
DA:276,0
DA:277,0
DA:278,0
DA:281,0
DA:282,0
DA:283,0
DA:284,0
DA:285,0
DA:286,0
DA:287,0
DA:290,0
DA:291,0
DA:292,0
DA:295,0
DA:296,0
DA:297,0
DA:298,0
DA:324,0
DA:325,0
DA:326,0
DA:327,0
DA:328,0
DA:329,0
DA:331,0
DA:332,0
DA:333,0
DA:334,0
DA:335,0
DA:338,1
DA:339,1
DA:341,1
DA:342,1
DA:343,0
DA:345,0
DA:346,0
DA:348,0
DA:349,0
DA:350,0
DA:351,0
DA:352,1
DA:356,1
DA:357,1
DA:360,1
DA:363,1
DA:364,0
DA:365,1
DA:367,1
DA:368,1
DA:372,0
DA:373,0
DA:374,0
DA:375,0
DA:376,0
DA:377,0
DA:378,0
DA:379,0
DA:380,0
DA:381,0
DA:384,3
DA:385,3
DA:387,3
DA:388,1
DA:389,1
DA:390,1
DA:391,1
DA:392,2
DA:393,2
DA:394,1
DA:395,1
DA:396,1
DA:397,1
DA:398,1
DA:399,1
DA:400,0
DA:401,0
DA:402,0
DA:403,0
DA:404,1
DA:405,1
DA:406,0
DA:407,0
DA:408,0
DA:409,0
DA:410,1
DA:411,1
DA:412,0
DA:413,0
DA:414,0
DA:415,0
DA:416,1
DA:417,1
DA:418,1
DA:419,1
DA:420,1
DA:421,1
DA:422,0
DA:425,0
DA:426,0
DA:427,0
DA:428,0
DA:429,3
DA:437,3
DA:439,3
DA:440,3
DA:443,1
DA:444,1
DA:445,1
DA:448,1
DA:449,1
DA:452,1
DA:453,1
DA:454,1
DA:455,1
DA:456,1
DA:459,1
DA:460,1
DA:461,1
DA:462,1
DA:465,1
DA:466,1
DA:467,1
DA:468,1
DA:470,1
DA:471,1
DA:473,1
DA:474,1
DA:475,1
DA:476,1
DA:479,1
DA:480,1
DA:481,1
DA:484,1
DA:485,1
DA:488,1
DA:489,1
DA:490,1
DA:491,1
DA:492,1
DA:493,1
DA:495,1
DA:496,1
DA:497,1
DA:499,1
DA:501,1
DA:502,1
DA:503,1
DA:504,1
DA:505,1
DA:506,1
DA:509,1
DA:510,1
DA:511,1
DA:519,1
DA:520,1
DA:528,1
DA:529,1
DA:536,1
DA:539,1
DA:540,1
DA:541,1
DA:542,1
DA:543,1
DA:544,1
DA:545,1
DA:546,1
DA:547,1
DA:548,1
DA:550,1
DA:551,1
DA:552,1
DA:553,1
DA:556,1
DA:557,1
DA:558,1
DA:559,1
DA:560,1
DA:561,1
DA:562,1
DA:563,1
DA:564,1
DA:565,1
DA:566,1
DA:568,1
DA:569,1
DA:570,1
DA:571,1
DA:573,1
DA:574,1
DA:575,1
DA:576,1
DA:578,1
DA:580,1
BRF:0
BRH:0
LF:359
LH:208
end_of_record
SF:/Users/gb/.orch/worktrees/orch/gh-task-258-ci-add-cargo-llvm-cov-coverage-tracking/src/template.rs
FN:8,_RNCNvNtCs2uc3frWEf6x_4orch8template10IF_PATTERN0B5_
FN:15,_RNCNvNtCs2uc3frWEf6x_4orch8template11VAR_PATTERN0B5_
FN:66,_RNCNvNtCs2uc3frWEf6x_4orch8template15render_template0B5_
FN:73,_RNCNvNtCs2uc3frWEf6x_4orch8template15render_templates_0B5_
FN:26,_RNCNvNtCs2uc3frWEf6x_4orch8template25render_template_with_vars0B5_
FN:44,_RNCNvNtCs2uc3frWEf6x_4orch8template25render_template_with_varss_0B5_
FN:64,_RNvNtCs2uc3frWEf6x_4orch8template15render_template
FN:124,_RNvNtCs2uc3frWEf6x_4orch8template16render_and_print
FN:57,_RNvNtCs2uc3frWEf6x_4orch8template19render_template_str
FN:17,_RNvNtCs2uc3frWEf6x_4orch8template25render_template_with_vars
FN:124,_RNvNtCsb5eifAfBfW1_4orch8template16render_and_print
FN:64,_RNvNtCsb5eifAfBfW1_4orch8template15render_template
FN:57,_RNvNtCsb5eifAfBfW1_4orch8template19render_template_str
FN:17,_RNvNtCsb5eifAfBfW1_4orch8template25render_template_with_vars
FN:8,_RNCNvNtCsb5eifAfBfW1_4orch8template10IF_PATTERN0B5_
FN:15,_RNCNvNtCsb5eifAfBfW1_4orch8template11VAR_PATTERN0B5_
FN:66,_RNCNvNtCsb5eifAfBfW1_4orch8template15render_template0B5_
FN:73,_RNCNvNtCsb5eifAfBfW1_4orch8template15render_templates_0B5_
FN:26,_RNCNvNtCsb5eifAfBfW1_4orch8template25render_template_with_vars0B5_
FN:44,_RNCNvNtCsb5eifAfBfW1_4orch8template25render_template_with_varss_0B5_
FN:114,_RNvNtNtCsb5eifAfBfW1_4orch8template5testss_34render_template_uses_explicit_vars
FN:93,_RNvNtNtCsb5eifAfBfW1_4orch8template5testss_38render_template_does_not_leak_env_vars
FNDA:0,_RNCNvNtCs2uc3frWEf6x_4orch8template10IF_PATTERN0B5_
FNDA:0,_RNCNvNtCs2uc3frWEf6x_4orch8template11VAR_PATTERN0B5_
FNDA:0,_RNCNvNtCs2uc3frWEf6x_4orch8template15render_template0B5_
FNDA:0,_RNCNvNtCs2uc3frWEf6x_4orch8template15render_templates_0B5_
FNDA:0,_RNCNvNtCs2uc3frWEf6x_4orch8template25render_template_with_vars0B5_
FNDA:0,_RNCNvNtCs2uc3frWEf6x_4orch8template25render_template_with_varss_0B5_
FNDA:0,_RNvNtCs2uc3frWEf6x_4orch8template15render_template
FNDA:0,_RNvNtCs2uc3frWEf6x_4orch8template16render_and_print
FNDA:0,_RNvNtCs2uc3frWEf6x_4orch8template19render_template_str
FNDA:0,_RNvNtCs2uc3frWEf6x_4orch8template25render_template_with_vars
FNDA:0,_RNvNtCsb5eifAfBfW1_4orch8template16render_and_print
FNDA:2,_RNvNtCsb5eifAfBfW1_4orch8template15render_template
FNDA:0,_RNvNtCsb5eifAfBfW1_4orch8template19render_template_str
FNDA:2,_RNvNtCsb5eifAfBfW1_4orch8template25render_template_with_vars
FNDA:1,_RNCNvNtCsb5eifAfBfW1_4orch8template10IF_PATTERN0B5_
FNDA:1,_RNCNvNtCsb5eifAfBfW1_4orch8template11VAR_PATTERN0B5_
FNDA:2,_RNCNvNtCsb5eifAfBfW1_4orch8template15render_template0B5_
FNDA:0,_RNCNvNtCsb5eifAfBfW1_4orch8template15render_templates_0B5_
FNDA:0,_RNCNvNtCsb5eifAfBfW1_4orch8template25render_template_with_vars0B5_
FNDA:1,_RNCNvNtCsb5eifAfBfW1_4orch8template25render_template_with_varss_0B5_
FNDA:1,_RNvNtNtCsb5eifAfBfW1_4orch8template5testss_34render_template_uses_explicit_vars
FNDA:1,_RNvNtNtCsb5eifAfBfW1_4orch8template5testss_38render_template_does_not_leak_env_vars
FNF:12
FNH:8
DA:8,1
DA:9,1
DA:10,1
DA:11,1
DA:15,1
DA:17,2
DA:18,2
DA:19,2
DA:20,2
DA:21,2
DA:24,2
DA:25,2
DA:26,2
DA:27,0
DA:28,0
DA:29,0
DA:30,0
DA:31,0
DA:32,0
DA:34,0
DA:35,2
DA:37,2
DA:38,2
DA:39,2
DA:40,0
DA:43,2
DA:44,2
DA:45,1
DA:46,1
DA:47,1
DA:48,2
DA:50,2
DA:51,0
DA:52,2
DA:54,2
DA:55,2
DA:57,0
DA:58,0
DA:59,0
DA:60,0
DA:61,0
DA:62,0
DA:64,2
DA:65,2
DA:66,2
DA:67,2
DA:69,0
DA:70,2
DA:72,2
DA:73,2
DA:75,2
DA:77,3
DA:78,1
DA:79,1
DA:80,1
DA:83,2
DA:84,2
DA:93,1
DA:95,1
DA:96,1
DA:97,1
DA:99,1
DA:100,1
DA:102,1
DA:103,1
DA:104,1
DA:105,0
DA:108,1
DA:109,1
DA:110,1
DA:111,1
DA:114,1
DA:115,1
DA:116,1
DA:118,1
DA:119,1
DA:120,1
DA:121,1
DA:124,0
DA:125,0
DA:126,0
DA:127,0
DA:128,0
DA:130,0
DA:131,0
DA:132,0
DA:135,0
BRF:0
BRH:0
LF:91
LH:63
end_of_record
SF:/Users/gb/.orch/worktrees/orch/gh-task-258-ci-add-cargo-llvm-cov-coverage-tracking/src/tmux.rs
FN:58,_RNCNCNvMNtCs2uc3frWEf6x_4orch4tmuxNtB6_11TmuxManager17is_server_running00B8_
FN:53,_RNCNvMNtCs2uc3frWEf6x_4orch4tmuxNtB4_11TmuxManager17is_server_running0B6_
FN:184,_RNCNvMNtCs2uc3frWEf6x_4orch4tmuxNtB4_11TmuxManager8pane_pid0B6_
FN:145,_RNCNvMNtCs2uc3frWEf6x_4orch4tmuxNtB4_11TmuxManager9send_keys0B6_
FN:169,_RNCNvMNtCs2uc3frWEf6x_4orch4tmuxNtB4_11TmuxManager9send_text0B6_
FN:53,_RNvMNtCs2uc3frWEf6x_4orch4tmuxNtB2_11TmuxManager17is_server_running
FN:184,_RNvMNtCs2uc3frWEf6x_4orch4tmuxNtB2_11TmuxManager8pane_pid
FN:145,_RNvMNtCs2uc3frWEf6x_4orch4tmuxNtB2_11TmuxManager9send_keys
FN:169,_RNvMNtCs2uc3frWEf6x_4orch4tmuxNtB2_11TmuxManager9send_text
FN:244,_RNCNCNvMNtCs2uc3frWEf6x_4orch4tmuxNtB6_11TmuxManager13list_sessions00B8_
FN:105,_RNCNCNvMNtCs2uc3frWEf6x_4orch4tmuxNtB6_11TmuxManager14session_exists00B8_
FN:125,_RNCNvMNtCs2uc3frWEf6x_4orch4tmuxNtB4_11TmuxManager12capture_pane0B6_
FN:110,_RNCNvMNtCs2uc3frWEf6x_4orch4tmuxNtB4_11TmuxManager12kill_session0B6_
FN:217,_RNCNvMNtCs2uc3frWEf6x_4orch4tmuxNtB4_11TmuxManager13list_sessions0B6_
FN:73,_RNCNvMNtCs2uc3frWEf6x_4orch4tmuxNtB4_11TmuxManager14create_session0B6_
FN:100,_RNCNvMNtCs2uc3frWEf6x_4orch4tmuxNtB4_11TmuxManager14session_exists0B6_
FN:200,_RNCNvMNtCs2uc3frWEf6x_4orch4tmuxNtB4_11TmuxManager17is_session_active0B6_
FN:265,_RNCNvMNtCs2uc3frWEf6x_4orch4tmuxNtB4_11TmuxManager19wait_for_completion0B6_
FN:282,_RNCNvMNtCs2uc3frWEf6x_4orch4tmuxNtB4_11TmuxManager8snapshot0B6_
FN:125,_RNvMNtCs2uc3frWEf6x_4orch4tmuxNtB2_11TmuxManager12capture_pane
FN:110,_RNvMNtCs2uc3frWEf6x_4orch4tmuxNtB2_11TmuxManager12kill_session
FN:42,_RNvMNtCs2uc3frWEf6x_4orch4tmuxNtB2_11TmuxManager12session_name
FN:217,_RNvMNtCs2uc3frWEf6x_4orch4tmuxNtB2_11TmuxManager13list_sessions
FN:67,_RNvMNtCs2uc3frWEf6x_4orch4tmuxNtB2_11TmuxManager14create_session
FN:100,_RNvMNtCs2uc3frWEf6x_4orch4tmuxNtB2_11TmuxManager14session_exists
FN:200,_RNvMNtCs2uc3frWEf6x_4orch4tmuxNtB2_11TmuxManager17is_session_active
FN:261,_RNvMNtCs2uc3frWEf6x_4orch4tmuxNtB2_11TmuxManager19wait_for_completion
FN:32,_RNvMNtCs2uc3frWEf6x_4orch4tmuxNtB2_11TmuxManager3new
FN:282,_RNvMNtCs2uc3frWEf6x_4orch4tmuxNtB2_11TmuxManager8snapshot
FN:58,_RNCNCNvMNtCsb5eifAfBfW1_4orch4tmuxNtB6_11TmuxManager17is_server_running00B8_
FN:53,_RNCNvMNtCsb5eifAfBfW1_4orch4tmuxNtB4_11TmuxManager17is_server_running0B6_
FN:184,_RNCNvMNtCsb5eifAfBfW1_4orch4tmuxNtB4_11TmuxManager8pane_pid0B6_
FN:145,_RNCNvMNtCsb5eifAfBfW1_4orch4tmuxNtB4_11TmuxManager9send_keys0B6_
FN:169,_RNCNvMNtCsb5eifAfBfW1_4orch4tmuxNtB4_11TmuxManager9send_text0B6_
FN:53,_RNvMNtCsb5eifAfBfW1_4orch4tmuxNtB2_11TmuxManager17is_server_running
FN:184,_RNvMNtCsb5eifAfBfW1_4orch4tmuxNtB2_11TmuxManager8pane_pid
FN:145,_RNvMNtCsb5eifAfBfW1_4orch4tmuxNtB2_11TmuxManager9send_keys
FN:169,_RNvMNtCsb5eifAfBfW1_4orch4tmuxNtB2_11TmuxManager9send_text
FN:244,_RNCNCNvMNtCsb5eifAfBfW1_4orch4tmuxNtB6_11TmuxManager13list_sessions00B8_
FN:105,_RNCNCNvMNtCsb5eifAfBfW1_4orch4tmuxNtB6_11TmuxManager14session_exists00B8_
FN:125,_RNCNvMNtCsb5eifAfBfW1_4orch4tmuxNtB4_11TmuxManager12capture_pane0B6_
FN:110,_RNCNvMNtCsb5eifAfBfW1_4orch4tmuxNtB4_11TmuxManager12kill_session0B6_
FN:217,_RNCNvMNtCsb5eifAfBfW1_4orch4tmuxNtB4_11TmuxManager13list_sessions0B6_
FN:73,_RNCNvMNtCsb5eifAfBfW1_4orch4tmuxNtB4_11TmuxManager14create_session0B6_
FN:100,_RNCNvMNtCsb5eifAfBfW1_4orch4tmuxNtB4_11TmuxManager14session_exists0B6_
FN:200,_RNCNvMNtCsb5eifAfBfW1_4orch4tmuxNtB4_11TmuxManager17is_session_active0B6_
FN:265,_RNCNvMNtCsb5eifAfBfW1_4orch4tmuxNtB4_11TmuxManager19wait_for_completion0B6_
FN:282,_RNCNvMNtCsb5eifAfBfW1_4orch4tmuxNtB4_11TmuxManager8snapshot0B6_
FN:125,_RNvMNtCsb5eifAfBfW1_4orch4tmuxNtB2_11TmuxManager12capture_pane
FN:110,_RNvMNtCsb5eifAfBfW1_4orch4tmuxNtB2_11TmuxManager12kill_session
FN:42,_RNvMNtCsb5eifAfBfW1_4orch4tmuxNtB2_11TmuxManager12session_name
FN:217,_RNvMNtCsb5eifAfBfW1_4orch4tmuxNtB2_11TmuxManager13list_sessions
FN:67,_RNvMNtCsb5eifAfBfW1_4orch4tmuxNtB2_11TmuxManager14create_session
FN:100,_RNvMNtCsb5eifAfBfW1_4orch4tmuxNtB2_11TmuxManager14session_exists
FN:200,_RNvMNtCsb5eifAfBfW1_4orch4tmuxNtB2_11TmuxManager17is_session_active
FN:261,_RNvMNtCsb5eifAfBfW1_4orch4tmuxNtB2_11TmuxManager19wait_for_completion
FN:32,_RNvMNtCsb5eifAfBfW1_4orch4tmuxNtB2_11TmuxManager3new
FN:282,_RNvMNtCsb5eifAfBfW1_4orch4tmuxNtB2_11TmuxManager8snapshot
FNDA:0,_RNCNCNvMNtCs2uc3frWEf6x_4orch4tmuxNtB6_11TmuxManager17is_server_running00B8_
FNDA:0,_RNCNvMNtCs2uc3frWEf6x_4orch4tmuxNtB4_11TmuxManager17is_server_running0B6_
FNDA:0,_RNCNvMNtCs2uc3frWEf6x_4orch4tmuxNtB4_11TmuxManager8pane_pid0B6_
FNDA:0,_RNCNvMNtCs2uc3frWEf6x_4orch4tmuxNtB4_11TmuxManager9send_keys0B6_
FNDA:0,_RNCNvMNtCs2uc3frWEf6x_4orch4tmuxNtB4_11TmuxManager9send_text0B6_
FNDA:0,_RNvMNtCs2uc3frWEf6x_4orch4tmuxNtB2_11TmuxManager17is_server_running
FNDA:0,_RNvMNtCs2uc3frWEf6x_4orch4tmuxNtB2_11TmuxManager8pane_pid
FNDA:0,_RNvMNtCs2uc3frWEf6x_4orch4tmuxNtB2_11TmuxManager9send_keys
FNDA:0,_RNvMNtCs2uc3frWEf6x_4orch4tmuxNtB2_11TmuxManager9send_text
FNDA:0,_RNCNCNvMNtCs2uc3frWEf6x_4orch4tmuxNtB6_11TmuxManager13list_sessions00B8_
FNDA:0,_RNCNCNvMNtCs2uc3frWEf6x_4orch4tmuxNtB6_11TmuxManager14session_exists00B8_
FNDA:0,_RNCNvMNtCs2uc3frWEf6x_4orch4tmuxNtB4_11TmuxManager12capture_pane0B6_
FNDA:0,_RNCNvMNtCs2uc3frWEf6x_4orch4tmuxNtB4_11TmuxManager12kill_session0B6_
FNDA:0,_RNCNvMNtCs2uc3frWEf6x_4orch4tmuxNtB4_11TmuxManager13list_sessions0B6_
FNDA:0,_RNCNvMNtCs2uc3frWEf6x_4orch4tmuxNtB4_11TmuxManager14create_session0B6_
FNDA:0,_RNCNvMNtCs2uc3frWEf6x_4orch4tmuxNtB4_11TmuxManager14session_exists0B6_
FNDA:0,_RNCNvMNtCs2uc3frWEf6x_4orch4tmuxNtB4_11TmuxManager17is_session_active0B6_
FNDA:0,_RNCNvMNtCs2uc3frWEf6x_4orch4tmuxNtB4_11TmuxManager19wait_for_completion0B6_
FNDA:0,_RNCNvMNtCs2uc3frWEf6x_4orch4tmuxNtB4_11TmuxManager8snapshot0B6_
FNDA:0,_RNvMNtCs2uc3frWEf6x_4orch4tmuxNtB2_11TmuxManager12capture_pane
FNDA:0,_RNvMNtCs2uc3frWEf6x_4orch4tmuxNtB2_11TmuxManager12kill_session
FNDA:0,_RNvMNtCs2uc3frWEf6x_4orch4tmuxNtB2_11TmuxManager12session_name
FNDA:0,_RNvMNtCs2uc3frWEf6x_4orch4tmuxNtB2_11TmuxManager13list_sessions
FNDA:0,_RNvMNtCs2uc3frWEf6x_4orch4tmuxNtB2_11TmuxManager14create_session
FNDA:0,_RNvMNtCs2uc3frWEf6x_4orch4tmuxNtB2_11TmuxManager14session_exists
FNDA:0,_RNvMNtCs2uc3frWEf6x_4orch4tmuxNtB2_11TmuxManager17is_session_active
FNDA:0,_RNvMNtCs2uc3frWEf6x_4orch4tmuxNtB2_11TmuxManager19wait_for_completion
FNDA:0,_RNvMNtCs2uc3frWEf6x_4orch4tmuxNtB2_11TmuxManager3new
FNDA:0,_RNvMNtCs2uc3frWEf6x_4orch4tmuxNtB2_11TmuxManager8snapshot
FNDA:0,_RNCNCNvMNtCsb5eifAfBfW1_4orch4tmuxNtB6_11TmuxManager17is_server_running00B8_
FNDA:0,_RNCNvMNtCsb5eifAfBfW1_4orch4tmuxNtB4_11TmuxManager17is_server_running0B6_
FNDA:0,_RNCNvMNtCsb5eifAfBfW1_4orch4tmuxNtB4_11TmuxManager8pane_pid0B6_
FNDA:0,_RNCNvMNtCsb5eifAfBfW1_4orch4tmuxNtB4_11TmuxManager9send_keys0B6_
FNDA:0,_RNCNvMNtCsb5eifAfBfW1_4orch4tmuxNtB4_11TmuxManager9send_text0B6_
FNDA:0,_RNvMNtCsb5eifAfBfW1_4orch4tmuxNtB2_11TmuxManager17is_server_running
FNDA:0,_RNvMNtCsb5eifAfBfW1_4orch4tmuxNtB2_11TmuxManager8pane_pid
FNDA:0,_RNvMNtCsb5eifAfBfW1_4orch4tmuxNtB2_11TmuxManager9send_keys
FNDA:0,_RNvMNtCsb5eifAfBfW1_4orch4tmuxNtB2_11TmuxManager9send_text
FNDA:0,_RNCNCNvMNtCsb5eifAfBfW1_4orch4tmuxNtB6_11TmuxManager13list_sessions00B8_
FNDA:0,_RNCNCNvMNtCsb5eifAfBfW1_4orch4tmuxNtB6_11TmuxManager14session_exists00B8_
FNDA:0,_RNCNvMNtCsb5eifAfBfW1_4orch4tmuxNtB4_11TmuxManager12capture_pane0B6_
FNDA:0,_RNCNvMNtCsb5eifAfBfW1_4orch4tmuxNtB4_11TmuxManager12kill_session0B6_
FNDA:0,_RNCNvMNtCsb5eifAfBfW1_4orch4tmuxNtB4_11TmuxManager13list_sessions0B6_
FNDA:0,_RNCNvMNtCsb5eifAfBfW1_4orch4tmuxNtB4_11TmuxManager14create_session0B6_
FNDA:0,_RNCNvMNtCsb5eifAfBfW1_4orch4tmuxNtB4_11TmuxManager14session_exists0B6_
FNDA:0,_RNCNvMNtCsb5eifAfBfW1_4orch4tmuxNtB4_11TmuxManager17is_session_active0B6_
FNDA:0,_RNCNvMNtCsb5eifAfBfW1_4orch4tmuxNtB4_11TmuxManager19wait_for_completion0B6_
FNDA:0,_RNCNvMNtCsb5eifAfBfW1_4orch4tmuxNtB4_11TmuxManager8snapshot0B6_
FNDA:0,_RNvMNtCsb5eifAfBfW1_4orch4tmuxNtB2_11TmuxManager12capture_pane
FNDA:0,_RNvMNtCsb5eifAfBfW1_4orch4tmuxNtB2_11TmuxManager12kill_session
FNDA:0,_RNvMNtCsb5eifAfBfW1_4orch4tmuxNtB2_11TmuxManager12session_name
FNDA:0,_RNvMNtCsb5eifAfBfW1_4orch4tmuxNtB2_11TmuxManager13list_sessions
FNDA:0,_RNvMNtCsb5eifAfBfW1_4orch4tmuxNtB2_11TmuxManager14create_session
FNDA:0,_RNvMNtCsb5eifAfBfW1_4orch4tmuxNtB2_11TmuxManager14session_exists
FNDA:0,_RNvMNtCsb5eifAfBfW1_4orch4tmuxNtB2_11TmuxManager17is_session_active
FNDA:0,_RNvMNtCsb5eifAfBfW1_4orch4tmuxNtB2_11TmuxManager19wait_for_completion
FNDA:0,_RNvMNtCsb5eifAfBfW1_4orch4tmuxNtB2_11TmuxManager3new
FNDA:0,_RNvMNtCsb5eifAfBfW1_4orch4tmuxNtB2_11TmuxManager8snapshot
FNF:29
FNH:0
DA:32,0
DA:33,0
DA:34,0
DA:35,0
DA:36,0
DA:42,0
DA:43,0
DA:44,0
DA:45,0
DA:46,0
DA:47,0
DA:48,0
DA:49,0
DA:53,0
DA:54,0
DA:55,0
DA:56,0
DA:57,0
DA:58,0
DA:59,0
DA:60,0
DA:67,0
DA:68,0
DA:69,0
DA:70,0
DA:71,0
DA:72,0
DA:73,0
DA:74,0
DA:76,0
DA:77,0
DA:78,0
DA:79,0
DA:80,0
DA:81,0
DA:82,0
DA:83,0
DA:84,0
DA:85,0
DA:86,0
DA:87,0
DA:88,0
DA:90,0
DA:91,0
DA:92,0
DA:93,0
DA:95,0
DA:96,0
DA:97,0
DA:100,0
DA:101,0
DA:102,0
DA:103,0
DA:104,0
DA:105,0
DA:106,0
DA:107,0
DA:110,0
DA:111,0
DA:112,0
DA:113,0
DA:114,0
DA:116,0
DA:117,0
DA:118,0
DA:119,0
DA:120,0
DA:121,0
DA:125,0
DA:126,0
DA:127,0
DA:128,0
DA:129,0
DA:130,0
DA:132,0
DA:133,0
DA:134,0
DA:135,0
DA:136,0
DA:137,0
DA:145,0
DA:147,0
DA:148,0
DA:149,0
DA:150,0
DA:151,0
DA:152,0
DA:153,0
DA:154,0
DA:156,0
DA:157,0
DA:158,0
DA:159,0
DA:160,0
DA:161,0
DA:162,0
DA:163,0
DA:164,0
DA:165,0
DA:169,0
DA:170,0
DA:171,0
DA:172,0
DA:173,0
DA:175,0
DA:176,0
DA:177,0
DA:178,0
DA:179,0
DA:180,0
DA:184,0
DA:185,0
DA:186,0
DA:187,0
DA:188,0
DA:190,0
DA:191,0
DA:192,0
DA:194,0
DA:195,0
DA:196,0
DA:200,0
DA:202,0
DA:203,0
DA:204,0
DA:205,0
DA:207,0
DA:208,0
DA:209,0
DA:210,0
DA:212,0
DA:214,0
DA:217,0
DA:218,0
DA:219,0
DA:220,0
DA:221,0
DA:222,0
DA:223,0
DA:224,0
DA:225,0
DA:227,0
DA:228,0
DA:229,0
DA:231,0
DA:232,0
DA:233,0
DA:234,0
DA:235,0
DA:237,0
DA:238,0
DA:239,0
DA:240,0
DA:241,0
DA:242,0
DA:243,0
DA:244,0
DA:246,0
DA:247,0
DA:248,0
DA:249,0
DA:250,0
DA:251,0
DA:252,0
DA:255,0
DA:256,0
DA:261,0
DA:262,0
DA:263,0
DA:264,0
DA:265,0
DA:267,0
DA:268,0
DA:269,0
DA:271,0
DA:273,0
DA:274,0
DA:275,0
DA:277,0
DA:279,0
DA:282,0
DA:283,0
DA:284,0
DA:285,0
DA:286,0
DA:287,0
DA:289,0
DA:290,0
BRF:0
BRH:0
LF:203
LH:0
end_of_record